<?xml version="1.0" encoding="UTF-8"?>
<coverage generated="1770001620620" clover="3.2.0">
  <project timestamp="1770001620620" name="All files">
    <metrics statements="546" coveredstatements="273" conditionals="321" coveredconditionals="139" methods="123" coveredmethods="48" elements="990" coveredelements="460" complexity="0" loc="546" ncloc="546" packages="3" files="12" classes="12"/>
    <package name="stat-tree">
      <metrics statements="146" coveredstatements="1" conditionals="91" coveredconditionals="0" methods="43" coveredmethods="0"/>
      <file name="App.tsx" path="C:\Users\kllkt\Documents\My Web Sites\stat-tree\App.tsx">
        <metrics statements="145" coveredstatements="0" conditionals="91" coveredconditionals="0" methods="43" coveredmethods="0"/>
        <line num="2" count="0" type="stmt"/>
        <line num="3" count="0" type="stmt"/>
        <line num="4" count="0" type="stmt"/>
        <line num="13" count="0" type="stmt"/>
        <line num="14" count="0" type="stmt"/>
        <line num="15" count="0" type="stmt"/>
        <line num="17" count="0" type="stmt"/>
        <line num="18" count="0" type="stmt"/>
        <line num="25" count="0" type="stmt"/>
        <line num="26" count="0" type="stmt"/>
        <line num="27" count="0" type="stmt"/>
        <line num="44" count="0" type="stmt"/>
        <line num="51" count="0" type="stmt"/>
        <line num="52" count="0" type="stmt"/>
        <line num="53" count="0" type="stmt"/>
        <line num="54" count="0" type="stmt"/>
        <line num="55" count="0" type="stmt"/>
        <line num="59" count="0" type="stmt"/>
        <line num="61" count="0" type="stmt"/>
        <line num="64" count="0" type="stmt"/>
        <line num="65" count="0" type="stmt"/>
        <line num="66" count="0" type="stmt"/>
        <line num="69" count="0" type="stmt"/>
        <line num="70" count="0" type="stmt"/>
        <line num="72" count="0" type="stmt"/>
        <line num="73" count="0" type="stmt"/>
        <line num="76" count="0" type="stmt"/>
        <line num="86" count="0" type="stmt"/>
        <line num="89" count="0" type="stmt"/>
        <line num="90" count="0" type="cond" truecount="0" falsecount="2"/>
        <line num="91" count="0" type="stmt"/>
        <line num="94" count="0" type="stmt"/>
        <line num="118" count="0" type="stmt"/>
        <line num="122" count="0" type="stmt"/>
        <line num="130" count="0" type="stmt"/>
        <line num="131" count="0" type="stmt"/>
        <line num="133" count="0" type="cond" truecount="0" falsecount="4"/>
        <line num="134" count="0" type="stmt"/>
        <line num="139" count="0" type="stmt"/>
        <line num="140" count="0" type="stmt"/>
        <line num="141" count="0" type="stmt"/>
        <line num="142" count="0" type="stmt"/>
        <line num="145" count="0" type="stmt"/>
        <line num="146" count="0" type="stmt"/>
        <line num="149" count="0" type="stmt"/>
        <line num="152" count="0" type="cond" truecount="0" falsecount="4"/>
        <line num="156" count="0" type="stmt"/>
        <line num="173" count="0" type="cond" truecount="0" falsecount="2"/>
        <line num="174" count="0" type="stmt"/>
        <line num="191" count="0" type="stmt"/>
        <line num="210" count="0" type="cond" truecount="0" falsecount="1"/>
        <line num="212" count="0" type="cond" truecount="0" falsecount="2"/>
        <line num="213" count="0" type="stmt"/>
        <line num="220" count="0" type="stmt"/>
        <line num="221" count="0" type="stmt"/>
        <line num="223" count="0" type="cond" truecount="0" falsecount="2"/>
        <line num="225" count="0" type="stmt"/>
        <line num="226" count="0" type="stmt"/>
        <line num="227" count="0" type="cond" truecount="0" falsecount="2"/>
        <line num="229" count="0" type="stmt"/>
        <line num="230" count="0" type="stmt"/>
        <line num="231" count="0" type="cond" truecount="0" falsecount="2"/>
        <line num="233" count="0" type="stmt"/>
        <line num="234" count="0" type="stmt"/>
        <line num="235" count="0" type="cond" truecount="0" falsecount="2"/>
        <line num="237" count="0" type="stmt"/>
        <line num="238" count="0" type="stmt"/>
        <line num="242" count="0" type="cond" truecount="0" falsecount="2"/>
        <line num="245" count="0" type="stmt"/>
        <line num="248" count="0" type="stmt"/>
        <line num="251" count="0" type="stmt"/>
        <line num="263" count="0" type="cond" truecount="0" falsecount="2"/>
        <line num="264" count="0" type="stmt"/>
        <line num="268" count="0" type="cond" truecount="0" falsecount="2"/>
        <line num="269" count="0" type="stmt"/>
        <line num="271" count="0" type="stmt"/>
        <line num="274" count="0" type="cond" truecount="0" falsecount="2"/>
        <line num="275" count="0" type="stmt"/>
        <line num="278" count="0" type="stmt"/>
        <line num="279" count="0" type="stmt"/>
        <line num="282" count="0" type="stmt"/>
        <line num="296" count="0" type="stmt"/>
        <line num="300" count="0" type="stmt"/>
        <line num="310" count="0" type="stmt"/>
        <line num="313" count="0" type="stmt"/>
        <line num="316" count="0" type="stmt"/>
        <line num="317" count="0" type="stmt"/>
        <line num="323" count="0" type="stmt"/>
        <line num="324" count="0" type="cond" truecount="0" falsecount="2"/>
        <line num="325" count="0" type="stmt"/>
        <line num="326" count="0" type="cond" truecount="0" falsecount="2"/>
        <line num="327" count="0" type="stmt"/>
        <line num="328" count="0" type="cond" truecount="0" falsecount="4"/>
        <line num="329" count="0" type="stmt"/>
        <line num="337" count="0" type="stmt"/>
        <line num="338" count="0" type="cond" truecount="0" falsecount="2"/>
        <line num="339" count="0" type="stmt"/>
        <line num="343" count="0" type="stmt"/>
        <line num="344" count="0" type="cond" truecount="0" falsecount="2"/>
        <line num="345" count="0" type="stmt"/>
        <line num="349" count="0" type="stmt"/>
        <line num="350" count="0" type="cond" truecount="0" falsecount="2"/>
        <line num="351" count="0" type="stmt"/>
        <line num="355" count="0" type="stmt"/>
        <line num="356" count="0" type="cond" truecount="0" falsecount="2"/>
        <line num="357" count="0" type="stmt"/>
        <line num="358" count="0" type="stmt"/>
        <line num="362" count="0" type="stmt"/>
        <line num="399" count="0" type="stmt"/>
        <line num="411" count="0" type="stmt"/>
        <line num="433" count="0" type="stmt"/>
        <line num="434" count="0" type="stmt"/>
        <line num="435" count="0" type="stmt"/>
        <line num="437" count="0" type="stmt"/>
        <line num="439" count="0" type="stmt"/>
        <line num="440" count="0" type="cond" truecount="0" falsecount="2"/>
        <line num="442" count="0" type="stmt"/>
        <line num="443" count="0" type="stmt"/>
        <line num="446" count="0" type="stmt"/>
        <line num="447" count="0" type="cond" truecount="0" falsecount="2"/>
        <line num="448" count="0" type="stmt"/>
        <line num="452" count="0" type="stmt"/>
        <line num="453" count="0" type="stmt"/>
        <line num="454" count="0" type="stmt"/>
        <line num="457" count="0" type="stmt"/>
        <line num="458" count="0" type="stmt"/>
        <line num="459" count="0" type="stmt"/>
        <line num="462" count="0" type="stmt"/>
        <line num="463" count="0" type="cond" truecount="0" falsecount="2"/>
        <line num="466" count="0" type="stmt"/>
        <line num="484" count="0" type="stmt"/>
        <line num="491" count="0" type="stmt"/>
        <line num="503" count="0" type="stmt"/>
        <line num="509" count="0" type="stmt"/>
        <line num="519" count="0" type="stmt"/>
        <line num="534" count="0" type="stmt"/>
        <line num="536" count="0" type="stmt"/>
        <line num="571" count="0" type="stmt"/>
        <line num="573" count="0" type="stmt"/>
        <line num="607" count="0" type="stmt"/>
        <line num="626" count="0" type="stmt"/>
        <line num="683" count="0" type="stmt"/>
        <line num="693" count="0" type="stmt"/>
        <line num="704" count="0" type="stmt"/>
        <line num="732" count="0" type="stmt"/>
      </file>
      <file name="data.ts" path="C:\Users\kllkt\Documents\My Web Sites\stat-tree\data.ts">
        <metrics statements="1" coveredstatements="1" conditionals="0" coveredconditionals="0" methods="0" coveredmethods="0"/>
        <line num="4" count="10" type="stmt"/>
      </file>
    </package>
    <package name="stat-tree.components">
      <metrics statements="55" coveredstatements="0" conditionals="47" coveredconditionals="0" methods="17" coveredmethods="0"/>
      <file name="ChatPanel.tsx" path="C:\Users\kllkt\Documents\My Web Sites\stat-tree\components\ChatPanel.tsx">
        <metrics statements="45" coveredstatements="0" conditionals="43" coveredconditionals="0" methods="13" coveredmethods="0"/>
        <line num="2" count="0" type="stmt"/>
        <line num="3" count="0" type="stmt"/>
        <line num="4" count="0" type="stmt"/>
        <line num="19" count="0" type="stmt"/>
        <line num="20" count="0" type="stmt"/>
        <line num="21" count="0" type="stmt"/>
        <line num="22" count="0" type="stmt"/>
        <line num="23" count="0" type="stmt"/>
        <line num="29" count="0" type="stmt"/>
        <line num="30" count="0" type="stmt"/>
        <line num="32" count="0" type="stmt"/>
        <line num="33" count="0" type="cond" truecount="0" falsecount="2"/>
        <line num="34" count="0" type="stmt"/>
        <line num="38" count="0" type="stmt"/>
        <line num="39" count="0" type="stmt"/>
        <line num="40" count="0" type="cond" truecount="0" falsecount="4"/>
        <line num="42" count="0" type="stmt"/>
        <line num="43" count="0" type="stmt"/>
        <line num="44" count="0" type="stmt"/>
        <line num="45" count="0" type="stmt"/>
        <line num="47" count="0" type="stmt"/>
        <line num="49" count="0" type="cond" truecount="0" falsecount="2"/>
        <line num="51" count="0" type="cond" truecount="0" falsecount="2"/>
        <line num="52" count="0" type="stmt"/>
        <line num="55" count="0" type="stmt"/>
        <line num="58" count="0" type="stmt"/>
        <line num="62" count="0" type="stmt"/>
        <line num="65" count="0" type="stmt"/>
        <line num="67" count="0" type="stmt"/>
        <line num="77" count="0" type="stmt"/>
        <line num="78" count="0" type="stmt"/>
        <line num="79" count="0" type="cond" truecount="0" falsecount="2"/>
        <line num="81" count="0" type="stmt"/>
        <line num="83" count="0" type="stmt"/>
        <line num="84" count="0" type="stmt"/>
        <line num="91" count="0" type="stmt"/>
        <line num="95" count="0" type="cond" truecount="0" falsecount="2"/>
        <line num="96" count="0" type="stmt"/>
        <line num="98" count="0" type="stmt"/>
        <line num="107" count="0" type="stmt"/>
        <line num="116" count="0" type="stmt"/>
        <line num="119" count="0" type="stmt"/>
        <line num="145" count="0" type="cond" truecount="0" falsecount="2"/>
        <line num="161" count="0" type="stmt"/>
        <line num="192" count="0" type="stmt"/>
      </file>
      <file name="SASCard.tsx" path="C:\Users\kllkt\Documents\My Web Sites\stat-tree\components\SASCard.tsx">
        <metrics statements="10" coveredstatements="0" conditionals="4" coveredconditionals="0" methods="4" coveredmethods="0"/>
        <line num="2" count="0" type="stmt"/>
        <line num="3" count="0" type="stmt"/>
        <line num="12" count="0" type="stmt"/>
        <line num="13" count="0" type="stmt"/>
        <line num="15" count="0" type="stmt"/>
        <line num="16" count="0" type="stmt"/>
        <line num="17" count="0" type="stmt"/>
        <line num="18" count="0" type="stmt"/>
        <line num="21" count="0" type="stmt"/>
        <line num="28" count="0" type="stmt"/>
      </file>
    </package>
    <package name="stat-tree.utils">
      <metrics statements="345" coveredstatements="272" conditionals="183" coveredconditionals="139" methods="63" coveredmethods="48"/>
      <file name="animations.ts" path="C:\Users\kllkt\Documents\My Web Sites\stat-tree\utils\animations.ts">
        <metrics statements="53" coveredstatements="14" conditionals="26" coveredconditionals="4" methods="13" coveredmethods="4"/>
        <line num="12" count="1" type="stmt"/>
        <line num="22" count="1" type="stmt"/>
        <line num="23" count="7" type="cond" truecount="2" falsecount="0"/>
        <line num="34" count="1" type="stmt"/>
        <line num="40" count="0" type="cond" truecount="0" falsecount="2"/>
        <line num="43" count="0" type="stmt"/>
        <line num="44" count="0" type="stmt"/>
        <line num="46" count="0" type="cond" truecount="0" falsecount="2"/>
        <line num="49" count="0" type="stmt"/>
        <line num="50" count="0" type="cond" truecount="0" falsecount="4"/>
        <line num="53" count="0" type="stmt"/>
        <line num="54" count="0" type="stmt"/>
        <line num="58" count="0" type="stmt"/>
        <line num="59" count="0" type="stmt"/>
        <line num="60" count="0" type="stmt"/>
        <line num="62" count="0" type="cond" truecount="0" falsecount="2"/>
        <line num="65" count="0" type="stmt"/>
        <line num="66" count="0" type="stmt"/>
        <line num="68" count="0" type="cond" truecount="0" falsecount="2"/>
        <line num="71" count="0" type="stmt"/>
        <line num="72" count="0" type="stmt"/>
        <line num="73" count="0" type="stmt"/>
        <line num="74" count="0" type="stmt"/>
        <line num="77" count="0" type="stmt"/>
        <line num="78" count="0" type="stmt"/>
        <line num="79" count="0" type="cond" truecount="0" falsecount="2"/>
        <line num="80" count="0" type="stmt"/>
        <line num="81" count="0" type="stmt"/>
        <line num="82" count="0" type="stmt"/>
        <line num="83" count="0" type="stmt"/>
        <line num="88" count="0" type="stmt"/>
        <line num="89" count="0" type="stmt"/>
        <line num="97" count="0" type="stmt"/>
        <line num="113" count="1" type="stmt"/>
        <line num="119" count="0" type="cond" truecount="0" falsecount="2"/>
        <line num="122" count="0" type="cond" truecount="0" falsecount="2"/>
        <line num="125" count="0" type="cond" truecount="0" falsecount="4"/>
        <line num="126" count="0" type="stmt"/>
        <line num="131" count="0" type="stmt"/>
        <line num="135" count="0" type="stmt"/>
        <line num="136" count="0" type="stmt"/>
        <line num="137" count="0" type="stmt"/>
        <line num="138" count="0" type="stmt"/>
        <line num="145" count="0" type="stmt"/>
        <line num="157" count="1" type="stmt"/>
        <line num="167" count="7" type="cond" truecount="2" falsecount="0"/>
        <line num="168" count="1" type="stmt"/>
        <line num="178" count="6" type="stmt"/>
        <line num="179" count="13" type="stmt"/>
        <line num="186" count="13" type="stmt"/>
        <line num="199" count="6" type="stmt"/>
        <line num="213" count="1" type="stmt"/>
        <line num="217" count="6" type="stmt"/>
      </file>
      <file name="breadcrumbTrail.ts" path="C:\Users\kllkt\Documents\My Web Sites\stat-tree\utils\breadcrumbTrail.ts">
        <metrics statements="35" coveredstatements="35" conditionals="18" coveredconditionals="18" methods="4" coveredmethods="4"/>
        <line num="16" count="1" type="stmt"/>
        <line num="17" count="13" type="stmt"/>
        <line num="18" count="13" type="stmt"/>
        <line num="21" count="13" type="stmt"/>
        <line num="22" count="36" type="stmt"/>
        <line num="25" count="36" type="cond" truecount="5" falsecount="0"/>
        <line num="26" count="2" type="stmt"/>
        <line num="30" count="34" type="stmt"/>
        <line num="31" count="34" type="stmt"/>
        <line num="32" count="54" type="stmt"/>
        <line num="33" count="54" type="cond" truecount="2" falsecount="0"/>
        <line num="34" count="24" type="stmt"/>
        <line num="35" count="24" type="stmt"/>
        <line num="36" count="24" type="stmt"/>
        <line num="37" count="24" type="stmt"/>
        <line num="42" count="34" type="cond" truecount="2" falsecount="0"/>
        <line num="43" count="10" type="stmt"/>
        <line num="47" count="13" type="stmt"/>
        <line num="57" count="1" type="stmt"/>
        <line num="63" count="10" type="stmt"/>
        <line num="66" count="10" type="cond" truecount="2" falsecount="0"/>
        <line num="67" count="1" type="stmt"/>
        <line num="71" count="9" type="cond" truecount="2" falsecount="0"/>
        <line num="72" count="1" type="stmt"/>
        <line num="76" count="8" type="stmt"/>
        <line num="79" count="8" type="stmt"/>
        <line num="80" count="8" type="stmt"/>
        <line num="81" count="14" type="stmt"/>
        <line num="84" count="8" type="stmt"/>
        <line num="96" count="1" type="cond" truecount="1" falsecount="0"/>
        <line num="97" count="7" type="cond" truecount="2" falsecount="0"/>
        <line num="98" count="1" type="stmt"/>
        <line num="101" count="6" type="cond" truecount="2" falsecount="0"/>
        <line num="102" count="3" type="stmt"/>
        <line num="105" count="3" type="stmt"/>
      </file>
      <file name="edgeCaseHandling.ts" path="C:\Users\kllkt\Documents\My Web Sites\stat-tree\utils\edgeCaseHandling.ts">
        <metrics statements="36" coveredstatements="36" conditionals="17" coveredconditionals="16" methods="7" coveredmethods="7"/>
        <line num="8" count="1" type="stmt"/>
        <line num="17" count="1" type="stmt"/>
        <line num="22" count="6" type="stmt"/>
        <line num="25" count="6" type="stmt"/>
        <line num="28" count="6" type="stmt"/>
        <line num="29" count="6" type="stmt"/>
        <line num="30" count="118" type="stmt"/>
        <line num="33" count="6" type="stmt"/>
        <line num="42" count="1" type="stmt"/>
        <line num="46" count="4" type="stmt"/>
        <line num="48" count="4" type="stmt"/>
        <line num="50" count="7" type="cond" truecount="2" falsecount="0"/>
        <line num="51" count="2" type="stmt"/>
        <line num="55" count="7" type="stmt"/>
        <line num="56" count="5" type="stmt"/>
        <line num="57" count="5" type="stmt"/>
        <line num="83" count="1" type="stmt"/>
        <line num="94" count="10" type="stmt"/>
        <line num="95" count="10" type="stmt"/>
        <line num="96" count="10" type="stmt"/>
        <line num="97" count="10" type="stmt"/>
        <line num="100" count="10" type="cond" truecount="6" falsecount="0"/>
        <line num="101" count="6" type="stmt"/>
        <line num="104" count="4" type="stmt"/>
        <line num="114" count="1" type="stmt"/>
        <line num="120" count="3" type="cond" truecount="2" falsecount="0"/>
        <line num="123" count="1" type="cond" truecount="4" falsecount="0"/>
        <line num="128" count="1" type="cond" truecount="1" falsecount="1"/>
        <line num="129" count="1" type="stmt"/>
        <line num="134" count="2" type="stmt"/>
        <line num="135" count="2" type="stmt"/>
        <line num="138" count="2" type="stmt"/>
        <line num="139" count="2" type="stmt"/>
        <line num="140" count="2" type="stmt"/>
        <line num="141" count="2" type="stmt"/>
        <line num="143" count="2" type="stmt"/>
      </file>
      <file name="expansionState.ts" path="C:\Users\kllkt\Documents\My Web Sites\stat-tree\utils\expansionState.ts">
        <metrics statements="97" coveredstatements="97" conditionals="57" coveredconditionals="56" methods="14" coveredmethods="14"/>
        <line num="10" count="5" type="stmt"/>
        <line num="11" count="37" type="stmt"/>
        <line num="20" count="5" type="stmt"/>
        <line num="21" count="15" type="cond" truecount="4" falsecount="0"/>
        <line num="22" count="5" type="stmt"/>
        <line num="25" count="10" type="stmt"/>
        <line num="26" count="10" type="cond" truecount="2" falsecount="0"/>
        <line num="33" count="5" type="stmt"/>
        <line num="34" count="30" type="cond" truecount="4" falsecount="0"/>
        <line num="35" count="2" type="stmt"/>
        <line num="38" count="28" type="stmt"/>
        <line num="39" count="28" type="cond" truecount="4" falsecount="0"/>
        <line num="40" count="2" type="stmt"/>
        <line num="43" count="26" type="stmt"/>
        <line num="44" count="26" type="stmt"/>
        <line num="46" count="26" type="stmt"/>
        <line num="47" count="790" type="cond" truecount="2" falsecount="0"/>
        <line num="48" count="1" type="stmt"/>
        <line num="50" count="789" type="stmt"/>
        <line num="52" count="789" type="stmt"/>
        <line num="53" count="789" type="cond" truecount="2" falsecount="0"/>
        <line num="54" count="477" type="stmt"/>
        <line num="57" count="312" type="stmt"/>
        <line num="58" count="764" type="stmt"/>
        <line num="59" count="764" type="stmt"/>
        <line num="60" count="764" type="stmt"/>
        <line num="64" count="26" type="stmt"/>
        <line num="65" count="26" type="stmt"/>
        <line num="73" count="5" type="stmt"/>
        <line num="74" count="818" type="cond" truecount="5" falsecount="0"/>
        <line num="75" count="7" type="stmt"/>
        <line num="78" count="811" type="stmt"/>
        <line num="79" count="811" type="stmt"/>
        <line num="82" count="811" type="stmt"/>
        <line num="83" count="1403" type="stmt"/>
        <line num="84" count="2176" type="cond" truecount="2" falsecount="0"/>
        <line num="85" count="1" type="stmt"/>
        <line num="88" count="2175" type="cond" truecount="2" falsecount="0"/>
        <line num="89" count="2073" type="stmt"/>
        <line num="90" count="4043" type="cond" truecount="2" falsecount="0"/>
        <line num="91" count="1402" type="stmt"/>
        <line num="96" count="1" type="stmt"/>
        <line num="99" count="811" type="stmt"/>
        <line num="100" count="811" type="cond" truecount="2" falsecount="0"/>
        <line num="101" count="1403" type="stmt"/>
        <line num="102" count="1403" type="cond" truecount="4" falsecount="0"/>
        <line num="103" count="1" type="stmt"/>
        <line num="105" count="1402" type="stmt"/>
        <line num="106" count="1402" type="stmt"/>
        <line num="107" count="1402" type="stmt"/>
        <line num="110" count="811" type="stmt"/>
        <line num="117" count="5" type="stmt"/>
        <line num="118" count="33" type="stmt"/>
        <line num="119" count="33" type="stmt"/>
        <line num="121" count="33" type="stmt"/>
        <line num="122" count="33" type="stmt"/>
        <line num="124" count="33" type="stmt"/>
        <line num="135" count="5" type="stmt"/>
        <line num="141" count="18" type="cond" truecount="2" falsecount="0"/>
        <line num="142" count="1" type="stmt"/>
        <line num="145" count="17" type="stmt"/>
        <line num="147" count="17" type="stmt"/>
        <line num="148" count="17" type="stmt"/>
        <line num="151" count="17" type="stmt"/>
        <line num="152" count="544" type="stmt"/>
        <line num="155" count="17" type="stmt"/>
        <line num="156" count="17" type="stmt"/>
        <line num="158" count="17" type="stmt"/>
        <line num="168" count="5" type="stmt"/>
        <line num="174" count="41" type="cond" truecount="2" falsecount="0"/>
        <line num="175" count="2" type="stmt"/>
        <line num="179" count="39" type="cond" truecount="2" falsecount="0"/>
        <line num="180" count="11" type="stmt"/>
        <line num="184" count="28" type="stmt"/>
        <line num="193" count="5" type="stmt"/>
        <line num="200" count="926" type="cond" truecount="4" falsecount="0"/>
        <line num="201" count="125" type="stmt"/>
        <line num="205" count="801" type="cond" truecount="2" falsecount="0"/>
        <line num="206" count="4" type="stmt"/>
        <line num="210" count="797" type="stmt"/>
        <line num="211" count="797" type="stmt"/>
        <line num="212" count="1369" type="cond" truecount="2" falsecount="0"/>
        <line num="213" count="2" type="stmt"/>
        <line num="218" count="795" type="cond" truecount="1" falsecount="1"/>
        <line num="219" count="795" type="stmt"/>
        <line num="220" count="795" type="cond" truecount="2" falsecount="0"/>
        <line num="221" count="5" type="stmt"/>
        <line num="225" count="790" type="stmt"/>
        <line num="232" count="5" type="stmt"/>
        <line num="237" count="121" type="stmt"/>
        <line num="239" count="121" type="stmt"/>
        <line num="241" count="907" type="cond" truecount="2" falsecount="0"/>
        <line num="242" count="903" type="stmt"/>
        <line num="246" count="903" type="cond" truecount="2" falsecount="0"/>
        <line num="247" count="786" type="stmt"/>
        <line num="252" count="121" type="stmt"/>
        <line num="253" count="121" type="stmt"/>
      </file>
      <file name="nodeIcons.ts" path="C:\Users\kllkt\Documents\My Web Sites\stat-tree\utils\nodeIcons.ts">
        <metrics statements="21" coveredstatements="21" conditionals="16" coveredconditionals="16" methods="5" coveredmethods="5"/>
        <line num="16" count="2" type="stmt"/>
        <line num="17" count="2" type="stmt"/>
        <line num="26" count="2" type="stmt"/>
        <line num="27" count="86" type="stmt"/>
        <line num="28" count="86" type="cond" truecount="2" falsecount="0"/>
        <line num="30" count="82" type="cond" truecount="2" falsecount="0"/>
        <line num="39" count="2" type="stmt"/>
        <line num="40" count="3" type="cond" truecount="2" falsecount="0"/>
        <line num="51" count="2" type="stmt"/>
        <line num="56" count="22" type="cond" truecount="2" falsecount="0"/>
        <line num="57" count="5" type="stmt"/>
        <line num="60" count="17" type="cond" truecount="2" falsecount="0"/>
        <line num="61" count="17" type="stmt"/>
        <line num="70" count="2" type="stmt"/>
        <line num="71" count="2" type="cond" truecount="2" falsecount="0"/>
        <line num="84" count="2" type="stmt"/>
        <line num="90" count="11" type="stmt"/>
        <line num="92" count="11" type="cond" truecount="2" falsecount="0"/>
        <line num="93" count="2" type="stmt"/>
        <line num="96" count="9" type="cond" truecount="2" falsecount="0"/>
        <line num="97" count="9" type="stmt"/>
      </file>
      <file name="pathHighlighting.ts" path="C:\Users\kllkt\Documents\My Web Sites\stat-tree\utils\pathHighlighting.ts">
        <metrics statements="8" coveredstatements="8" conditionals="4" coveredconditionals="4" methods="2" coveredmethods="2"/>
        <line num="8" count="1" type="stmt"/>
        <line num="17" count="1" type="stmt"/>
        <line num="18" count="16" type="stmt"/>
        <line num="27" count="1" type="stmt"/>
        <line num="28" count="8" type="cond" truecount="4" falsecount="0"/>
        <line num="29" count="1" type="stmt"/>
        <line num="32" count="7" type="stmt"/>
        <line num="33" count="7" type="stmt"/>
      </file>
      <file name="textHelpers.ts" path="C:\Users\kllkt\Documents\My Web Sites\stat-tree\utils\textHelpers.ts">
        <metrics statements="2" coveredstatements="2" conditionals="3" coveredconditionals="3" methods="1" coveredmethods="1"/>
        <line num="1" count="1" type="cond" truecount="1" falsecount="0"/>
        <line num="2" count="5" type="cond" truecount="2" falsecount="0"/>
      </file>
      <file name="treeLayout.ts" path="C:\Users\kllkt\Documents\My Web Sites\stat-tree\utils\treeLayout.ts">
        <metrics statements="93" coveredstatements="59" conditionals="42" coveredconditionals="22" methods="17" coveredmethods="11"/>
        <line num="12" count="4" type="stmt"/>
        <line num="41" count="4" type="stmt"/>
        <line num="46" count="0" type="stmt"/>
        <line num="48" count="0" type="cond" truecount="0" falsecount="2"/>
        <line num="49" count="0" type="stmt"/>
        <line num="53" count="0" type="cond" truecount="0" falsecount="4"/>
        <line num="54" count="0" type="stmt"/>
        <line num="58" count="0" type="stmt"/>
        <line num="61" count="0" type="stmt"/>
        <line num="62" count="0" type="stmt"/>
        <line num="63" count="0" type="stmt"/>
        <line num="66" count="0" type="stmt"/>
        <line num="79" count="4" type="stmt"/>
        <line num="84" count="0" type="stmt"/>
        <line num="86" count="0" type="cond" truecount="0" falsecount="2"/>
        <line num="87" count="0" type="stmt"/>
        <line num="91" count="0" type="cond" truecount="0" falsecount="4"/>
        <line num="92" count="0" type="stmt"/>
        <line num="97" count="0" type="stmt"/>
        <line num="100" count="0" type="stmt"/>
        <line num="101" count="0" type="stmt"/>
        <line num="102" count="0" type="stmt"/>
        <line num="105" count="0" type="stmt"/>
        <line num="117" count="0" type="stmt"/>
        <line num="119" count="0" type="cond" truecount="0" falsecount="2"/>
        <line num="120" count="0" type="stmt"/>
        <line num="124" count="0" type="cond" truecount="0" falsecount="4"/>
        <line num="125" count="0" type="stmt"/>
        <line num="129" count="0" type="stmt"/>
        <line num="132" count="0" type="stmt"/>
        <line num="133" count="0" type="stmt"/>
        <line num="137" count="0" type="stmt"/>
        <line num="138" count="0" type="stmt"/>
        <line num="139" count="0" type="stmt"/>
        <line num="141" count="0" type="stmt"/>
        <line num="153" count="2464" type="stmt"/>
        <line num="155" count="2464" type="cond" truecount="1" falsecount="1"/>
        <line num="156" count="0" type="stmt"/>
        <line num="160" count="2464" type="cond" truecount="4" falsecount="0"/>
        <line num="161" count="1738" type="stmt"/>
        <line num="165" count="1716" type="stmt"/>
        <line num="168" count="726" type="stmt"/>
        <line num="169" count="1716" type="stmt"/>
        <line num="173" count="1716" type="stmt"/>
        <line num="174" count="726" type="stmt"/>
        <line num="175" count="726" type="stmt"/>
        <line num="177" count="726" type="stmt"/>
        <line num="193" count="4" type="stmt"/>
        <line num="201" count="770" type="stmt"/>
        <line num="203" count="770" type="cond" truecount="1" falsecount="1"/>
        <line num="204" count="0" type="stmt"/>
        <line num="208" count="770" type="stmt"/>
        <line num="211" count="770" type="stmt"/>
        <line num="222" count="770" type="cond" truecount="4" falsecount="0"/>
        <line num="223" count="462" type="stmt"/>
        <line num="227" count="748" type="stmt"/>
        <line num="230" count="308" type="stmt"/>
        <line num="231" count="748" type="stmt"/>
        <line num="235" count="748" type="stmt"/>
        <line num="236" count="308" type="stmt"/>
        <line num="237" count="308" type="stmt"/>
        <line num="241" count="308" type="stmt"/>
        <line num="244" count="308" type="stmt"/>
        <line num="245" count="308" type="stmt"/>
        <line num="247" count="308" type="stmt"/>
        <line num="248" count="748" type="stmt"/>
        <line num="249" count="748" type="stmt"/>
        <line num="252" count="748" type="stmt"/>
        <line num="261" count="748" type="stmt"/>
        <line num="264" count="748" type="stmt"/>
        <line num="267" count="308" type="stmt"/>
        <line num="275" count="4" type="stmt"/>
        <line num="299" count="4" type="stmt"/>
        <line num="300" count="4" type="stmt"/>
        <line num="322" count="4" type="stmt"/>
        <line num="328" count="8" type="cond" truecount="2" falsecount="0"/>
        <line num="329" count="1" type="stmt"/>
        <line num="333" count="7" type="cond" truecount="2" falsecount="0"/>
        <line num="334" count="1" type="stmt"/>
        <line num="339" count="6" type="stmt"/>
        <line num="343" count="6" type="stmt"/>
        <line num="346" count="6" type="stmt"/>
        <line num="349" count="6" type="stmt"/>
        <line num="374" count="4" type="stmt"/>
        <line num="380" count="8" type="cond" truecount="2" falsecount="0"/>
        <line num="381" count="2" type="stmt"/>
        <line num="385" count="6" type="cond" truecount="2" falsecount="0"/>
        <line num="386" count="2" type="stmt"/>
        <line num="390" count="4" type="cond" truecount="2" falsecount="0"/>
        <line num="391" count="1" type="stmt"/>
        <line num="395" count="3" type="cond" truecount="2" falsecount="0"/>
        <line num="396" count="1" type="stmt"/>
        <line num="400" count="2" type="stmt"/>
      </file>
    </package>
  </project>
</coverage>
