<?xml version="1.0" encoding="UTF-8"?>
<coverage generated="1770080759882" clover="3.2.0">
  <project timestamp="1770080759882" name="All files">
    <metrics statements="19" coveredstatements="19" conditionals="10" coveredconditionals="10" methods="3" coveredmethods="3" elements="32" coveredelements="32" complexity="0" loc="19" ncloc="19" packages="1" files="1" classes="1"/>
    <file name="viewSync.ts" path="C:\Users\kllkt\Documents\My Web Sites\stat-tree\utils\viewSync.ts">
      <metrics statements="19" coveredstatements="19" conditionals="10" coveredconditionals="10" methods="3" coveredmethods="3"/>
      <line num="8" count="1" type="stmt"/>
      <line num="32" count="1" type="stmt"/>
      <line num="34" count="12" type="cond" truecount="4" falsecount="0"/>
      <line num="35" count="1" type="stmt"/>
      <line num="42" count="11" type="stmt"/>
      <line num="45" count="11" type="stmt"/>
      <line num="47" count="11" type="stmt"/>
      <line num="59" count="1" type="stmt"/>
      <line num="61" count="11" type="cond" truecount="2" falsecount="0"/>
      <line num="62" count="1" type="stmt"/>
      <line num="69" count="10" type="stmt"/>
      <line num="71" count="10" type="stmt"/>
      <line num="83" count="1" type="stmt"/>
      <line num="85" count="8" type="cond" truecount="2" falsecount="0"/>
      <line num="86" count="2" type="stmt"/>
      <line num="90" count="6" type="stmt"/>
      <line num="91" count="11" type="cond" truecount="2" falsecount="0"/>
      <line num="92" count="2" type="stmt"/>
      <line num="96" count="4" type="stmt"/>
    </file>
  </project>
</coverage>
