{"C:\\Users\\kllkt\\Documents\\My Web Sites\\stat-tree\\App.tsx": {"path":"C:\\Users\\kllkt\\Documents\\My Web Sites\\stat-tree\\App.tsx","statementMap":{"0":{"start":{"line":1,"column":0},"end":{"line":1,"column":31}},"1":{"start":{"line":2,"column":0},"end":{"line":2,"column":42}},"2":{"start":{"line":3,"column":0},"end":{"line":3,"column":null}},"3":{"start":{"line":12,"column":0},"end":{"line":12,"column":35}},"4":{"start":{"line":13,"column":0},"end":{"line":13,"column":47}},"5":{"start":{"line":15,"column":0},"end":{"line":15,"column":51}},"6":{"start":{"line":16,"column":0},"end":{"line":16,"column":59}},"7":{"start":{"line":17,"column":0},"end":{"line":17,"column":null}},"8":{"start":{"line":21,"column":0},"end":{"line":21,"column":63}},"9":{"start":{"line":23,"column":22},"end":{"line":338,"column":1}},"10":{"start":{"line":24,"column":32},"end":{"line":24,"column":61}},"11":{"start":{"line":25,"column":40},"end":{"line":25,"column":55}},"12":{"start":{"line":26,"column":34},"end":{"line":26,"column":72}},"13":{"start":{"line":28,"column":52},"end":{"line":29,"column":null}},"14":{"start":{"line":31,"column":54},"end":{"line":31,"column":95}},"15":{"start":{"line":33,"column":24},"end":{"line":33,"column":51}},"16":{"start":{"line":34,"column":36},"end":{"line":34,"column":82}},"17":{"start":{"line":36,"column":29},"end":{"line":38,"column":3}},"18":{"start":{"line":37,"column":4},"end":{"line":37,"column":46}},"19":{"start":{"line":37,"column":23},"end":{"line":37,"column":44}},"20":{"start":{"line":40,"column":23},"end":{"line":44,"column":3}},"21":{"start":{"line":41,"column":4},"end":{"line":43,"column":5}},"22":{"start":{"line":42,"column":6},"end":{"line":42,"column":44}},"23":{"start":{"line":42,"column":25},"end":{"line":42,"column":42}},"24":{"start":{"line":46,"column":22},"end":{"line":49,"column":3}},"25":{"start":{"line":47,"column":4},"end":{"line":47,"column":26}},"26":{"start":{"line":48,"column":4},"end":{"line":48,"column":31}},"27":{"start":{"line":51,"column":27},"end":{"line":54,"column":3}},"28":{"start":{"line":52,"column":4},"end":{"line":52,"column":30}},"29":{"start":{"line":53,"column":4},"end":{"line":53,"column":31}},"30":{"start":{"line":56,"column":29},"end":{"line":59,"column":3}},"31":{"start":{"line":57,"column":21},"end":{"line":57,"column":59}},"32":{"start":{"line":58,"column":4},"end":{"line":58,"column":25}},"33":{"start":{"line":61,"column":22},"end":{"line":63,"column":15}},"34":{"start":{"line":62,"column":4},"end":{"line":62,"column":60}},"35":{"start":{"line":62,"column":29},"end":{"line":62,"column":58}},"36":{"start":{"line":65,"column":2},"end":{"line":337,"column":4}},"37":{"start":{"line":83,"column":31},"end":{"line":83,"column":49}},"38":{"start":{"line":90,"column":31},"end":{"line":90,"column":57}},"39":{"start":{"line":102,"column":31},"end":{"line":102,"column":49}},"40":{"start":{"line":108,"column":31},"end":{"line":108,"column":57}},"41":{"start":{"line":118,"column":35},"end":{"line":118,"column":55}},"42":{"start":{"line":133,"column":18},"end":{"line":133,"column":null}},"43":{"start":{"line":135,"column":37},"end":{"line":135,"column":79}},"44":{"start":{"line":135,"column":56},"end":{"line":135,"column":78}},"45":{"start":{"line":170,"column":20},"end":{"line":171,"column":null}},"46":{"start":{"line":172,"column":37},"end":{"line":172,"column":74}},"47":{"start":{"line":206,"column":22},"end":{"line":206,"column":39}},"48":{"start":{"line":225,"column":20},"end":{"line":226,"column":null}},"49":{"start":{"line":291,"column":69},"end":{"line":291,"column":90}},"50":{"start":{"line":301,"column":16},"end":{"line":301,"column":28}},"51":{"start":{"line":312,"column":29},"end":{"line":312,"column":50}},"52":{"start":{"line":340,"column":0},"end":{"line":340,"column":19}}},"fnMap":{"0":{"name":"(anonymous_9)","decl":{"start":{"line":23,"column":22},"end":{"line":23,"column":25}},"loc":{"start":{"line":23,"column":27},"end":{"line":338,"column":1}}},"1":{"name":"(anonymous_10)","decl":{"start":{"line":36,"column":29},"end":{"line":36,"column":30}},"loc":{"start":{"line":36,"column":52},"end":{"line":38,"column":3}}},"2":{"name":"(anonymous_11)","decl":{"start":{"line":37,"column":15},"end":{"line":37,"column":19}},"loc":{"start":{"line":37,"column":23},"end":{"line":37,"column":44}}},"3":{"name":"(anonymous_12)","decl":{"start":{"line":40,"column":23},"end":{"line":40,"column":26}},"loc":{"start":{"line":40,"column":28},"end":{"line":44,"column":3}}},"4":{"name":"(anonymous_13)","decl":{"start":{"line":42,"column":17},"end":{"line":42,"column":21}},"loc":{"start":{"line":42,"column":25},"end":{"line":42,"column":42}}},"5":{"name":"(anonymous_14)","decl":{"start":{"line":46,"column":22},"end":{"line":46,"column":25}},"loc":{"start":{"line":46,"column":27},"end":{"line":49,"column":3}}},"6":{"name":"(anonymous_15)","decl":{"start":{"line":51,"column":27},"end":{"line":51,"column":28}},"loc":{"start":{"line":51,"column":42},"end":{"line":54,"column":3}}},"7":{"name":"(anonymous_16)","decl":{"start":{"line":56,"column":29},"end":{"line":56,"column":30}},"loc":{"start":{"line":56,"column":48},"end":{"line":59,"column":3}}},"8":{"name":"(anonymous_17)","decl":{"start":{"line":61,"column":30},"end":{"line":61,"column":33}},"loc":{"start":{"line":61,"column":35},"end":{"line":63,"column":3}}},"9":{"name":"(anonymous_18)","decl":{"start":{"line":62,"column":23},"end":{"line":62,"column":25}},"loc":{"start":{"line":62,"column":29},"end":{"line":62,"column":58}}},"10":{"name":"(anonymous_19)","decl":{"start":{"line":83,"column":25},"end":{"line":83,"column":28}},"loc":{"start":{"line":83,"column":31},"end":{"line":83,"column":49}}},"11":{"name":"(anonymous_20)","decl":{"start":{"line":90,"column":25},"end":{"line":90,"column":28}},"loc":{"start":{"line":90,"column":31},"end":{"line":90,"column":57}}},"12":{"name":"(anonymous_21)","decl":{"start":{"line":102,"column":25},"end":{"line":102,"column":28}},"loc":{"start":{"line":102,"column":31},"end":{"line":102,"column":49}}},"13":{"name":"(anonymous_22)","decl":{"start":{"line":108,"column":25},"end":{"line":108,"column":28}},"loc":{"start":{"line":108,"column":31},"end":{"line":108,"column":57}}},"14":{"name":"(anonymous_23)","decl":{"start":{"line":118,"column":29},"end":{"line":118,"column":32}},"loc":{"start":{"line":118,"column":35},"end":{"line":118,"column":55}}},"15":{"name":"(anonymous_24)","decl":{"start":{"line":132,"column":33},"end":{"line":132,"column":34}},"loc":{"start":{"line":133,"column":18},"end":{"line":133,"column":null}}},"16":{"name":"(anonymous_25)","decl":{"start":{"line":135,"column":31},"end":{"line":135,"column":34}},"loc":{"start":{"line":135,"column":37},"end":{"line":135,"column":79}}},"17":{"name":"(anonymous_26)","decl":{"start":{"line":135,"column":48},"end":{"line":135,"column":52}},"loc":{"start":{"line":135,"column":56},"end":{"line":135,"column":78}}},"18":{"name":"(anonymous_27)","decl":{"start":{"line":169,"column":44},"end":{"line":169,"column":45}},"loc":{"start":{"line":170,"column":20},"end":{"line":171,"column":null}}},"19":{"name":"(anonymous_28)","decl":{"start":{"line":172,"column":31},"end":{"line":172,"column":34}},"loc":{"start":{"line":172,"column":37},"end":{"line":172,"column":74}}},"20":{"name":"(anonymous_29)","decl":{"start":{"line":205,"column":55},"end":{"line":205,"column":59}},"loc":{"start":{"line":206,"column":22},"end":{"line":206,"column":39}}},"21":{"name":"(anonymous_30)","decl":{"start":{"line":224,"column":51},"end":{"line":224,"column":52}},"loc":{"start":{"line":225,"column":20},"end":{"line":226,"column":null}}},"22":{"name":"(anonymous_31)","decl":{"start":{"line":291,"column":63},"end":{"line":291,"column":66}},"loc":{"start":{"line":291,"column":69},"end":{"line":291,"column":90}}},"23":{"name":"(anonymous_32)","decl":{"start":{"line":300,"column":20},"end":{"line":300,"column":21}},"loc":{"start":{"line":301,"column":16},"end":{"line":301,"column":28}}},"24":{"name":"(anonymous_33)","decl":{"start":{"line":312,"column":23},"end":{"line":312,"column":26}},"loc":{"start":{"line":312,"column":29},"end":{"line":312,"column":50}}}},"branchMap":{"0":{"loc":{"start":{"line":34,"column":36},"end":{"line":34,"column":82}},"type":"binary-expr","locations":[{"start":{"line":34,"column":36},"end":{"line":34,"column":60}},{"start":{"line":34,"column":64},"end":{"line":34,"column":82}}]},"1":{"loc":{"start":{"line":41,"column":4},"end":{"line":43,"column":5}},"type":"if","locations":[{"start":{"line":41,"column":4},"end":{"line":43,"column":5}},{"start":{},"end":{}}]},"2":{"loc":{"start":{"line":62,"column":29},"end":{"line":62,"column":58}},"type":"binary-expr","locations":[{"start":{"line":62,"column":29},"end":{"line":62,"column":52}},{"start":{"line":62,"column":56},"end":{"line":62,"column":58}}]},"3":{"loc":{"start":{"line":84,"column":123},"end":{"line":84,"column":199}},"type":"cond-expr","locations":[{"start":{"line":84,"column":144},"end":{"line":84,"column":165}},{"start":{"line":84,"column":168},"end":{"line":84,"column":199}}]},"4":{"loc":{"start":{"line":91,"column":123},"end":{"line":91,"column":207}},"type":"cond-expr","locations":[{"start":{"line":91,"column":152},"end":{"line":91,"column":173}},{"start":{"line":91,"column":176},"end":{"line":91,"column":207}}]},"5":{"loc":{"start":{"line":103,"column":123},"end":{"line":103,"column":199}},"type":"cond-expr","locations":[{"start":{"line":103,"column":144},"end":{"line":103,"column":165}},{"start":{"line":103,"column":168},"end":{"line":103,"column":199}}]},"6":{"loc":{"start":{"line":109,"column":123},"end":{"line":109,"column":207}},"type":"cond-expr","locations":[{"start":{"line":109,"column":152},"end":{"line":109,"column":173}},{"start":{"line":109,"column":176},"end":{"line":109,"column":207}}]},"7":{"loc":{"start":{"line":127,"column":9},"end":{"line":277,"column":null}},"type":"cond-expr","locations":[{"start":{"line":128,"column":10},"end":{"line":242,"column":null}},{"start":{"line":246,"column":10},"end":{"line":276,"column":null}}]},"8":{"loc":{"start":{"line":130,"column":13},"end":{"line":143,"column":null}},"type":"binary-expr","locations":[{"start":{"line":130,"column":13},"end":{"line":130,"column":31}},{"start":{"line":131,"column":14},"end":{"line":142,"column":null}}]},"9":{"loc":{"start":{"line":136,"column":69},"end":{"line":136,"column":117}},"type":"cond-expr","locations":[{"start":{"line":136,"column":102},"end":{"line":136,"column":112}},{"start":{"line":136,"column":115},"end":{"line":136,"column":117}}]},"10":{"loc":{"start":{"line":140,"column":21},"end":{"line":140,"column":109}},"type":"binary-expr","locations":[{"start":{"line":140,"column":21},"end":{"line":140,"column":49}},{"start":{"line":140,"column":53},"end":{"line":140,"column":109}}]},"11":{"loc":{"start":{"line":147,"column":13},"end":{"line":241,"column":null}},"type":"cond-expr","locations":[{"start":{"line":148,"column":14},"end":{"line":188,"column":null}},{"start":{"line":192,"column":14},"end":{"line":240,"column":null}}]},"12":{"loc":{"start":{"line":150,"column":19},"end":{"line":156,"column":null}},"type":"binary-expr","locations":[{"start":{"line":150,"column":19},"end":{"line":150,"column":37}},{"start":{"line":151,"column":20},"end":{"line":155,"column":null}}]},"13":{"loc":{"start":{"line":161,"column":19},"end":{"line":164,"column":null}},"type":"binary-expr","locations":[{"start":{"line":161,"column":19},"end":{"line":161,"column":42}},{"start":{"line":162,"column":20},"end":{"line":163,"column":null}}]},"14":{"loc":{"start":{"line":181,"column":23},"end":{"line":184,"column":null}},"type":"binary-expr","locations":[{"start":{"line":181,"column":23},"end":{"line":181,"column":41}},{"start":{"line":182,"column":24},"end":{"line":183,"column":null}}]},"15":{"loc":{"start":{"line":230,"column":34},"end":{"line":230,"column":70}},"type":"binary-expr","locations":[{"start":{"line":230,"column":34},"end":{"line":230,"column":64}},{"start":{"line":230,"column":68},"end":{"line":230,"column":70}}]},"16":{"loc":{"start":{"line":289,"column":7},"end":{"line":318,"column":null}},"type":"binary-expr","locations":[{"start":{"line":289,"column":7},"end":{"line":289,"column":18}},{"start":{"line":290,"column":8},"end":{"line":317,"column":null}}]}},"s":{"0":3,"1":3,"2":3,"3":3,"4":3,"5":3,"6":3,"7":3,"8":3,"9":3,"10":108,"11":108,"12":108,"13":108,"14":108,"15":108,"16":108,"17":108,"18":0,"19":0,"20":108,"21":0,"22":0,"23":0,"24":108,"25":0,"26":0,"27":108,"28":3,"29":3,"30":108,"31":20,"32":20,"33":108,"34":47,"35":69,"36":108,"37":19,"38":0,"39":0,"40":0,"41":0,"42":4,"43":0,"44":0,"45":0,"46":0,"47":8,"48":4,"49":0,"50":0,"51":0,"52":3},"f":{"0":108,"1":0,"2":0,"3":0,"4":0,"5":0,"6":3,"7":20,"8":47,"9":69,"10":19,"11":0,"12":0,"13":0,"14":0,"15":4,"16":0,"17":0,"18":0,"19":0,"20":8,"21":4,"22":0,"23":0,"24":0},"b":{"0":[108,0],"1":[0,0],"2":[69,0],"3":[106,2],"4":[2,106],"5":[106,2],"6":[2,106],"7":[2,106],"8":[2,2],"9":[2,2],"10":[4,2],"11":[0,2],"12":[0,0],"13":[0,0],"14":[0,0],"15":[4,0],"16":[108,0]}}
,"C:\\Users\\kllkt\\Documents\\My Web Sites\\stat-tree\\data.ts": {"path":"C:\\Users\\kllkt\\Documents\\My Web Sites\\stat-tree\\data.ts","statementMap":{"0":{"start":{"line":4,"column":13},"end":{"line":543,"column":2}}},"fnMap":{},"branchMap":{},"s":{"0":15},"f":{},"b":{}}
,"C:\\Users\\kllkt\\Documents\\My Web Sites\\stat-tree\\components\\ChatPanel.tsx": {"path":"C:\\Users\\kllkt\\Documents\\My Web Sites\\stat-tree\\components\\ChatPanel.tsx","statementMap":{"0":{"start":{"line":2,"column":0},"end":{"line":2,"column":59}},"1":{"start":{"line":3,"column":0},"end":{"line":3,"column":108}},"2":{"start":{"line":4,"column":0},"end":{"line":4,"column":59}},"3":{"start":{"line":19,"column":51},"end":{"line":209,"column":1}},"4":{"start":{"line":20,"column":30},"end":{"line":20,"column":45}},"5":{"start":{"line":21,"column":40},"end":{"line":21,"column":55}},"6":{"start":{"line":22,"column":28},"end":{"line":22,"column":40}},"7":{"start":{"line":23,"column":34},"end":{"line":28,"column":4}},"8":{"start":{"line":29,"column":36},"end":{"line":29,"column":51}},"9":{"start":{"line":30,"column":20},"end":{"line":30,"column":48}},"10":{"start":{"line":32,"column":2},"end":{"line":36,"column":28}},"11":{"start":{"line":33,"column":4},"end":{"line":35,"column":5}},"12":{"start":{"line":34,"column":6},"end":{"line":34,"column":67}},"13":{"start":{"line":38,"column":28},"end":{"line":94,"column":3}},"14":{"start":{"line":39,"column":4},"end":{"line":39,"column":23}},"15":{"start":{"line":40,"column":4},"end":{"line":40,"column":43}},"16":{"start":{"line":40,"column":36},"end":{"line":40,"column":43}},"17":{"start":{"line":42,"column":24},"end":{"line":42,"column":29}},"18":{"start":{"line":43,"column":4},"end":{"line":43,"column":17}},"19":{"start":{"line":44,"column":4},"end":{"line":44,"column":72}},"20":{"start":{"line":44,"column":24},"end":{"line":44,"column":70}},"21":{"start":{"line":45,"column":4},"end":{"line":45,"column":23}},"22":{"start":{"line":47,"column":4},"end":{"line":93,"column":5}},"23":{"start":{"line":50,"column":21},"end":{"line":50,"column":140}},"24":{"start":{"line":52,"column":6},"end":{"line":54,"column":7}},"25":{"start":{"line":53,"column":8},"end":{"line":53,"column":50}},"26":{"start":{"line":56,"column":17},"end":{"line":56,"column":47}},"27":{"start":{"line":59,"column":25},"end":{"line":64,"column":8}},"28":{"start":{"line":63,"column":60},"end":{"line":63,"column":66}},"29":{"start":{"line":66,"column":20},"end":{"line":66,"column":76}},"30":{"start":{"line":68,"column":21},"end":{"line":76,"column":104}},"31":{"start":{"line":78,"column":21},"end":{"line":78,"column":56}},"32":{"start":{"line":79,"column":23},"end":{"line":79,"column":38}},"33":{"start":{"line":80,"column":19},"end":{"line":80,"column":82}},"34":{"start":{"line":82,"column":6},"end":{"line":82,"column":62}},"35":{"start":{"line":82,"column":26},"end":{"line":82,"column":60}},"36":{"start":{"line":84,"column":6},"end":{"line":84,"column":42}},"37":{"start":{"line":85,"column":6},"end":{"line":90,"column":10}},"38":{"start":{"line":85,"column":26},"end":{"line":90,"column":8}},"39":{"start":{"line":92,"column":6},"end":{"line":92,"column":26}},"40":{"start":{"line":96,"column":2},"end":{"line":106,"column":3}},"41":{"start":{"line":97,"column":4},"end":{"line":105,"column":6}},"42":{"start":{"line":99,"column":23},"end":{"line":99,"column":38}},"43":{"start":{"line":108,"column":2},"end":{"line":208,"column":4}},"44":{"start":{"line":117,"column":33},"end":{"line":117,"column":61}},"45":{"start":{"line":120,"column":33},"end":{"line":120,"column":49}},"46":{"start":{"line":146,"column":14},"end":{"line":146,"column":27}},"47":{"start":{"line":162,"column":26},"end":{"line":163,"column":null}},"48":{"start":{"line":193,"column":31},"end":{"line":193,"column":55}},"49":{"start":{"line":19,"column":13},"end":{"line":19,"column":51}}},"fnMap":{"0":{"name":"(anonymous_9)","decl":{"start":{"line":19,"column":51},"end":{"line":19,"column":52}},"loc":{"start":{"line":19,"column":93},"end":{"line":209,"column":1}}},"1":{"name":"(anonymous_10)","decl":{"start":{"line":32,"column":12},"end":{"line":32,"column":15}},"loc":{"start":{"line":32,"column":17},"end":{"line":36,"column":3}}},"2":{"name":"(anonymous_11)","decl":{"start":{"line":38,"column":28},"end":{"line":38,"column":33}},"loc":{"start":{"line":38,"column":57},"end":{"line":94,"column":3}}},"3":{"name":"(anonymous_12)","decl":{"start":{"line":44,"column":16},"end":{"line":44,"column":20}},"loc":{"start":{"line":44,"column":24},"end":{"line":44,"column":70}}},"4":{"name":"(anonymous_13)","decl":{"start":{"line":63,"column":55},"end":{"line":63,"column":56}},"loc":{"start":{"line":63,"column":60},"end":{"line":63,"column":66}}},"5":{"name":"(anonymous_14)","decl":{"start":{"line":82,"column":18},"end":{"line":82,"column":22}},"loc":{"start":{"line":82,"column":26},"end":{"line":82,"column":60}}},"6":{"name":"(anonymous_15)","decl":{"start":{"line":85,"column":18},"end":{"line":85,"column":22}},"loc":{"start":{"line":85,"column":26},"end":{"line":90,"column":8}}},"7":{"name":"(anonymous_16)","decl":{"start":{"line":99,"column":17},"end":{"line":99,"column":20}},"loc":{"start":{"line":99,"column":23},"end":{"line":99,"column":38}}},"8":{"name":"(anonymous_17)","decl":{"start":{"line":117,"column":27},"end":{"line":117,"column":30}},"loc":{"start":{"line":117,"column":33},"end":{"line":117,"column":61}}},"9":{"name":"(anonymous_18)","decl":{"start":{"line":120,"column":27},"end":{"line":120,"column":30}},"loc":{"start":{"line":120,"column":33},"end":{"line":120,"column":49}}},"10":{"name":"(anonymous_19)","decl":{"start":{"line":145,"column":26},"end":{"line":145,"column":27}},"loc":{"start":{"line":146,"column":14},"end":{"line":146,"column":27}}},"11":{"name":"(anonymous_20)","decl":{"start":{"line":161,"column":41},"end":{"line":161,"column":42}},"loc":{"start":{"line":162,"column":26},"end":{"line":163,"column":null}}},"12":{"name":"(anonymous_21)","decl":{"start":{"line":193,"column":24},"end":{"line":193,"column":25}},"loc":{"start":{"line":193,"column":31},"end":{"line":193,"column":55}}}},"branchMap":{"0":{"loc":{"start":{"line":33,"column":4},"end":{"line":35,"column":5}},"type":"if","locations":[{"start":{"line":33,"column":4},"end":{"line":35,"column":5}},{"start":{},"end":{}}]},"1":{"loc":{"start":{"line":40,"column":4},"end":{"line":40,"column":43}},"type":"if","locations":[{"start":{"line":40,"column":4},"end":{"line":40,"column":43}},{"start":{},"end":{}}]},"2":{"loc":{"start":{"line":40,"column":8},"end":{"line":40,"column":34}},"type":"binary-expr","locations":[{"start":{"line":40,"column":8},"end":{"line":40,"column":21}},{"start":{"line":40,"column":25},"end":{"line":40,"column":34}}]},"3":{"loc":{"start":{"line":50,"column":21},"end":{"line":50,"column":140}},"type":"binary-expr","locations":[{"start":{"line":50,"column":21},"end":{"line":50,"column":40}},{"start":{"line":50,"column":45},"end":{"line":50,"column":139}}]},"4":{"loc":{"start":{"line":50,"column":45},"end":{"line":50,"column":139}},"type":"cond-expr","locations":[{"start":{"line":50,"column":83},"end":{"line":50,"column":127}},{"start":{"line":50,"column":130},"end":{"line":50,"column":139}}]},"5":{"loc":{"start":{"line":52,"column":6},"end":{"line":54,"column":7}},"type":"if","locations":[{"start":{"line":52,"column":6},"end":{"line":54,"column":7}},{"start":{},"end":{}}]},"6":{"loc":{"start":{"line":62,"column":10},"end":{"line":63,"column":85}},"type":"cond-expr","locations":[{"start":{"line":62,"column":31},"end":{"line":63,"column":80}},{"start":{"line":63,"column":83},"end":{"line":63,"column":85}}]},"7":{"loc":{"start":{"line":80,"column":19},"end":{"line":80,"column":82}},"type":"binary-expr","locations":[{"start":{"line":80,"column":19},"end":{"line":80,"column":34}},{"start":{"line":80,"column":38},"end":{"line":80,"column":82}}]},"8":{"loc":{"start":{"line":87,"column":14},"end":{"line":89,"column":96}},"type":"cond-expr","locations":[{"start":{"line":88,"column":12},"end":{"line":88,"column":123}},{"start":{"line":89,"column":12},"end":{"line":89,"column":96}}]},"9":{"loc":{"start":{"line":87,"column":14},"end":{"line":87,"column":73}},"type":"binary-expr","locations":[{"start":{"line":87,"column":14},"end":{"line":87,"column":36}},{"start":{"line":87,"column":40},"end":{"line":87,"column":73}}]},"10":{"loc":{"start":{"line":96,"column":2},"end":{"line":106,"column":3}},"type":"if","locations":[{"start":{"line":96,"column":2},"end":{"line":106,"column":3}},{"start":{},"end":{}}]},"11":{"loc":{"start":{"line":109,"column":93},"end":{"line":109,"column":127}},"type":"cond-expr","locations":[{"start":{"line":109,"column":107},"end":{"line":109,"column":113}},{"start":{"line":109,"column":116},"end":{"line":109,"column":127}}]},"12":{"loc":{"start":{"line":118,"column":13},"end":{"line":118,"column":76}},"type":"cond-expr","locations":[{"start":{"line":118,"column":27},"end":{"line":118,"column":50}},{"start":{"line":118,"column":53},"end":{"line":118,"column":76}}]},"13":{"loc":{"start":{"line":126,"column":7},"end":{"line":205,"column":null}},"type":"binary-expr","locations":[{"start":{"line":126,"column":7},"end":{"line":126,"column":19}},{"start":{"line":127,"column":8},"end":{"line":204,"column":null}}]},"14":{"loc":{"start":{"line":136,"column":13},"end":{"line":139,"column":null}},"type":"binary-expr","locations":[{"start":{"line":136,"column":13},"end":{"line":136,"column":31}},{"start":{"line":137,"column":14},"end":{"line":137,"column":null}}]},"15":{"loc":{"start":{"line":146,"column":55},"end":{"line":146,"column":104}},"type":"cond-expr","locations":[{"start":{"line":146,"column":77},"end":{"line":146,"column":88}},{"start":{"line":146,"column":91},"end":{"line":146,"column":104}}]},"16":{"loc":{"start":{"line":147,"column":85},"end":{"line":147,"column":150}},"type":"cond-expr","locations":[{"start":{"line":147,"column":107},"end":{"line":147,"column":128}},{"start":{"line":147,"column":131},"end":{"line":147,"column":150}}]},"17":{"loc":{"start":{"line":149,"column":21},"end":{"line":149,"column":81}},"type":"cond-expr","locations":[{"start":{"line":149,"column":43},"end":{"line":149,"column":61}},{"start":{"line":149,"column":64},"end":{"line":149,"column":81}}]},"18":{"loc":{"start":{"line":150,"column":80},"end":{"line":150,"column":122}},"type":"cond-expr","locations":[{"start":{"line":150,"column":102},"end":{"line":150,"column":111}},{"start":{"line":150,"column":114},"end":{"line":150,"column":122}}]},"19":{"loc":{"start":{"line":155,"column":19},"end":{"line":173,"column":null}},"type":"binary-expr","locations":[{"start":{"line":155,"column":19},"end":{"line":155,"column":30}},{"start":{"line":155,"column":34},"end":{"line":155,"column":56}},{"start":{"line":156,"column":20},"end":{"line":172,"column":null}}]},"20":{"loc":{"start":{"line":178,"column":13},"end":{"line":184,"column":null}},"type":"binary-expr","locations":[{"start":{"line":178,"column":13},"end":{"line":178,"column":22}},{"start":{"line":179,"column":14},"end":{"line":183,"column":null}}]},"21":{"loc":{"start":{"line":199,"column":24},"end":{"line":199,"column":50}},"type":"binary-expr","locations":[{"start":{"line":199,"column":24},"end":{"line":199,"column":33}},{"start":{"line":199,"column":37},"end":{"line":199,"column":50}}]}},"s":{"0":0,"1":0,"2":0,"3":0,"4":0,"5":0,"6":0,"7":0,"8":0,"9":0,"10":0,"11":0,"12":0,"13":0,"14":0,"15":0,"16":0,"17":0,"18":0,"19":0,"20":0,"21":0,"22":0,"23":0,"24":0,"25":0,"26":0,"27":0,"28":0,"29":0,"30":0,"31":0,"32":0,"33":0,"34":0,"35":0,"36":0,"37":0,"38":0,"39":0,"40":0,"41":0,"42":0,"43":0,"44":0,"45":0,"46":0,"47":0,"48":0,"49":0},"f":{"0":0,"1":0,"2":0,"3":0,"4":0,"5":0,"6":0,"7":0,"8":0,"9":0,"10":0,"11":0,"12":0},"b":{"0":[0,0],"1":[0,0],"2":[0,0],"3":[0,0],"4":[0,0],"5":[0,0],"6":[0,0],"7":[0,0],"8":[0,0],"9":[0,0],"10":[0,0],"11":[0,0],"12":[0,0],"13":[0,0],"14":[0,0],"15":[0,0],"16":[0,0],"17":[0,0],"18":[0,0],"19":[0,0,0],"20":[0,0],"21":[0,0]}}
,"C:\\Users\\kllkt\\Documents\\My Web Sites\\stat-tree\\components\\SASCard.tsx": {"path":"C:\\Users\\kllkt\\Documents\\My Web Sites\\stat-tree\\components\\SASCard.tsx","statementMap":{"0":{"start":{"line":2,"column":0},"end":{"line":2,"column":40}},"1":{"start":{"line":3,"column":0},"end":{"line":3,"column":49}},"2":{"start":{"line":12,"column":47},"end":{"line":59,"column":1}},"3":{"start":{"line":13,"column":30},"end":{"line":13,"column":45}},"4":{"start":{"line":15,"column":21},"end":{"line":19,"column":3}},"5":{"start":{"line":16,"column":4},"end":{"line":16,"column":40}},"6":{"start":{"line":17,"column":4},"end":{"line":17,"column":20}},"7":{"start":{"line":18,"column":4},"end":{"line":18,"column":45}},"8":{"start":{"line":18,"column":21},"end":{"line":18,"column":37}},"9":{"start":{"line":21,"column":2},"end":{"line":58,"column":4}},"10":{"start":{"line":28,"column":14},"end":{"line":28,"column":28}},"11":{"start":{"line":12,"column":13},"end":{"line":12,"column":47}}},"fnMap":{"0":{"name":"(anonymous_9)","decl":{"start":{"line":12,"column":47},"end":{"line":12,"column":48}},"loc":{"start":{"line":12,"column":92},"end":{"line":59,"column":1}}},"1":{"name":"(anonymous_10)","decl":{"start":{"line":15,"column":21},"end":{"line":15,"column":24}},"loc":{"start":{"line":15,"column":26},"end":{"line":19,"column":3}}},"2":{"name":"(anonymous_11)","decl":{"start":{"line":18,"column":15},"end":{"line":18,"column":18}},"loc":{"start":{"line":18,"column":21},"end":{"line":18,"column":37}}},"3":{"name":"(anonymous_12)","decl":{"start":{"line":27,"column":28},"end":{"line":27,"column":29}},"loc":{"start":{"line":28,"column":14},"end":{"line":28,"column":28}}}},"branchMap":{"0":{"loc":{"start":{"line":39,"column":11},"end":{"line":39,"column":60}},"type":"cond-expr","locations":[{"start":{"line":39,"column":20},"end":{"line":39,"column":39}},{"start":{"line":39,"column":42},"end":{"line":39,"column":60}}]},"1":{"loc":{"start":{"line":49,"column":7},"end":{"line":55,"column":null}},"type":"binary-expr","locations":[{"start":{"line":49,"column":7},"end":{"line":49,"column":18}},{"start":{"line":50,"column":8},"end":{"line":54,"column":null}}]}},"s":{"0":3,"1":3,"2":3,"3":4,"4":4,"5":0,"6":0,"7":0,"8":0,"9":4,"10":16,"11":3},"f":{"0":4,"1":0,"2":0,"3":16},"b":{"0":[0,4],"1":[4,4]}}
,"C:\\Users\\kllkt\\Documents\\My Web Sites\\stat-tree\\components\\TldrawMapView.tsx": {"path":"C:\\Users\\kllkt\\Documents\\My Web Sites\\stat-tree\\components\\TldrawMapView.tsx","statementMap":{"0":{"start":{"line":1,"column":0},"end":{"line":1,"column":31}},"1":{"start":{"line":2,"column":0},"end":{"line":2,"column":61}},"2":{"start":{"line":3,"column":0},"end":{"line":3,"column":null}},"3":{"start":{"line":14,"column":0},"end":{"line":14,"column":null}},"4":{"start":{"line":19,"column":0},"end":{"line":19,"column":52}},"5":{"start":{"line":20,"column":0},"end":{"line":20,"column":51}},"6":{"start":{"line":21,"column":0},"end":{"line":21,"column":null}},"7":{"start":{"line":27,"column":0},"end":{"line":27,"column":85}},"8":{"start":{"line":28,"column":0},"end":{"line":28,"column":92}},"9":{"start":{"line":29,"column":0},"end":{"line":29,"column":66}},"10":{"start":{"line":33,"column":0},"end":{"line":36,"column":1}},"11":{"start":{"line":34,"column":2},"end":{"line":34,"column":62}},"12":{"start":{"line":35,"column":2},"end":{"line":35,"column":61}},"13":{"start":{"line":37,"column":0},"end":{"line":40,"column":1}},"14":{"start":{"line":38,"column":2},"end":{"line":38,"column":61}},"15":{"start":{"line":39,"column":2},"end":{"line":39,"column":60}},"16":{"start":{"line":42,"column":22},"end":{"line":42,"column":23}},"17":{"start":{"line":55,"column":59},"end":{"line":582,"column":1}},"18":{"start":{"line":65,"column":36},"end":{"line":65,"column":51}},"19":{"start":{"line":66,"column":20},"end":{"line":66,"column":47}},"20":{"start":{"line":67,"column":20},"end":{"line":67,"column":51}},"21":{"start":{"line":68,"column":31},"end":{"line":68,"column":53}},"22":{"start":{"line":69,"column":25},"end":{"line":69,"column":38}},"23":{"start":{"line":70,"column":50},"end":{"line":70,"column":82}},"24":{"start":{"line":71,"column":29},"end":{"line":71,"column":65}},"25":{"start":{"line":72,"column":30},"end":{"line":72,"column":60}},"26":{"start":{"line":74,"column":2},"end":{"line":76,"column":24}},"27":{"start":{"line":75,"column":4},"end":{"line":75,"column":49}},"28":{"start":{"line":78,"column":2},"end":{"line":86,"column":49}},"29":{"start":{"line":79,"column":4},"end":{"line":85,"column":5}},"30":{"start":{"line":80,"column":23},"end":{"line":80,"column":64}},"31":{"start":{"line":81,"column":22},"end":{"line":81,"column":39}},"32":{"start":{"line":82,"column":23},"end":{"line":82,"column":52}},"33":{"start":{"line":83,"column":6},"end":{"line":83,"column":34}},"34":{"start":{"line":84,"column":6},"end":{"line":84,"column":36}},"35":{"start":{"line":88,"column":2},"end":{"line":92,"column":53}},"36":{"start":{"line":89,"column":4},"end":{"line":91,"column":5}},"37":{"start":{"line":90,"column":6},"end":{"line":90,"column":28}},"38":{"start":{"line":94,"column":30},"end":{"line":147,"column":3}},"39":{"start":{"line":95,"column":4},"end":{"line":95,"column":78}},"40":{"start":{"line":95,"column":71},"end":{"line":95,"column":78}},"41":{"start":{"line":97,"column":19},"end":{"line":97,"column":36}},"42":{"start":{"line":98,"column":22},"end":{"line":98,"column":51}},"43":{"start":{"line":99,"column":27},"end":{"line":99,"column":29}},"44":{"start":{"line":100,"column":41},"end":{"line":100,"column":43}},"45":{"start":{"line":102,"column":4},"end":{"line":139,"column":7}},"46":{"start":{"line":103,"column":6},"end":{"line":116,"column":7}},"47":{"start":{"line":104,"column":23},"end":{"line":104,"column":40}},"48":{"start":{"line":105,"column":30},"end":{"line":105,"column":68}},"49":{"start":{"line":107,"column":8},"end":{"line":115,"column":11}},"50":{"start":{"line":118,"column":6},"end":{"line":138,"column":7}},"51":{"start":{"line":119,"column":34},"end":{"line":121,"column":null}},"52":{"start":{"line":124,"column":8},"end":{"line":137,"column":9}},"53":{"start":{"line":125,"column":10},"end":{"line":129,"column":13}},"54":{"start":{"line":130,"column":10},"end":{"line":130,"column":44}},"55":{"start":{"line":132,"column":10},"end":{"line":136,"column":13}},"56":{"start":{"line":141,"column":4},"end":{"line":146,"column":5}},"57":{"start":{"line":142,"column":6},"end":{"line":142,"column":35}},"58":{"start":{"line":143,"column":6},"end":{"line":145,"column":7}},"59":{"start":{"line":144,"column":8},"end":{"line":144,"column":48}},"60":{"start":{"line":149,"column":25},"end":{"line":157,"column":3}},"61":{"start":{"line":150,"column":4},"end":{"line":150,"column":29}},"62":{"start":{"line":150,"column":17},"end":{"line":150,"column":29}},"63":{"start":{"line":151,"column":4},"end":{"line":151,"column":44}},"64":{"start":{"line":151,"column":30},"end":{"line":151,"column":44}},"65":{"start":{"line":152,"column":4},"end":{"line":155,"column":5}},"66":{"start":{"line":153,"column":20},"end":{"line":153,"column":49}},"67":{"start":{"line":154,"column":6},"end":{"line":154,"column":30}},"68":{"start":{"line":154,"column":17},"end":{"line":154,"column":30}},"69":{"start":{"line":156,"column":4},"end":{"line":156,"column":16}},"70":{"start":{"line":159,"column":25},"end":{"line":172,"column":3}},"71":{"start":{"line":160,"column":4},"end":{"line":160,"column":35}},"72":{"start":{"line":160,"column":28},"end":{"line":160,"column":35}},"73":{"start":{"line":161,"column":19},"end":{"line":161,"column":36}},"74":{"start":{"line":162,"column":20},"end":{"line":162,"column":51}},"75":{"start":{"line":163,"column":18},"end":{"line":163,"column":42}},"76":{"start":{"line":164,"column":4},"end":{"line":164,"column":74}},"77":{"start":{"line":164,"column":67},"end":{"line":164,"column":74}},"78":{"start":{"line":165,"column":4},"end":{"line":165,"column":41}},"79":{"start":{"line":165,"column":34},"end":{"line":165,"column":41}},"80":{"start":{"line":167,"column":17},"end":{"line":167,"column":43}},"81":{"start":{"line":168,"column":17},"end":{"line":168,"column":49}},"82":{"start":{"line":169,"column":20},"end":{"line":169,"column":65}},"83":{"start":{"line":171,"column":4},"end":{"line":171,"column":82}},"84":{"start":{"line":174,"column":22},"end":{"line":197,"column":3}},"85":{"start":{"line":175,"column":4},"end":{"line":175,"column":35}},"86":{"start":{"line":175,"column":28},"end":{"line":175,"column":35}},"87":{"start":{"line":176,"column":19},"end":{"line":176,"column":36}},"88":{"start":{"line":178,"column":4},"end":{"line":184,"column":5}},"89":{"start":{"line":179,"column":33},"end":{"line":179,"column":82}},"90":{"start":{"line":180,"column":6},"end":{"line":183,"column":7}},"91":{"start":{"line":181,"column":8},"end":{"line":181,"column":82}},"92":{"start":{"line":182,"column":8},"end":{"line":182,"column":15}},"93":{"start":{"line":186,"column":20},"end":{"line":186,"column":51}},"94":{"start":{"line":187,"column":18},"end":{"line":187,"column":42}},"95":{"start":{"line":188,"column":4},"end":{"line":188,"column":23}},"96":{"start":{"line":188,"column":16},"end":{"line":188,"column":23}},"97":{"start":{"line":190,"column":19},"end":{"line":190,"column":51}},"98":{"start":{"line":191,"column":4},"end":{"line":191,"column":24}},"99":{"start":{"line":191,"column":17},"end":{"line":191,"column":24}},"100":{"start":{"line":193,"column":4},"end":{"line":196,"column":6}},"101":{"start":{"line":199,"column":26},"end":{"line":228,"column":3}},"102":{"start":{"line":203,"column":20},"end":{"line":203,"column":47}},"103":{"start":{"line":204,"column":22},"end":{"line":204,"column":40}},"104":{"start":{"line":205,"column":4},"end":{"line":207,"column":5}},"105":{"start":{"line":206,"column":6},"end":{"line":206,"column":73}},"106":{"start":{"line":209,"column":4},"end":{"line":227,"column":6}},"107":{"start":{"line":230,"column":36},"end":{"line":284,"column":3}},"108":{"start":{"line":239,"column":26},"end":{"line":239,"column":28}},"109":{"start":{"line":240,"column":4},"end":{"line":240,"column":36}},"110":{"start":{"line":240,"column":22},"end":{"line":240,"column":36}},"111":{"start":{"line":242,"column":26},"end":{"line":242,"column":95}},"112":{"start":{"line":243,"column":22},"end":{"line":243,"column":55}},"113":{"start":{"line":244,"column":21},"end":{"line":244,"column":55}},"114":{"start":{"line":245,"column":21},"end":{"line":245,"column":46}},"115":{"start":{"line":246,"column":23},"end":{"line":246,"column":70}},"116":{"start":{"line":248,"column":4},"end":{"line":257,"column":7}},"117":{"start":{"line":259,"column":4},"end":{"line":270,"column":5}},"118":{"start":{"line":260,"column":6},"end":{"line":269,"column":9}},"119":{"start":{"line":272,"column":4},"end":{"line":281,"column":7}},"120":{"start":{"line":283,"column":4},"end":{"line":283,"column":18}},"121":{"start":{"line":286,"column":41},"end":{"line":355,"column":3}},"122":{"start":{"line":287,"column":4},"end":{"line":287,"column":35}},"123":{"start":{"line":287,"column":28},"end":{"line":287,"column":35}},"124":{"start":{"line":288,"column":19},"end":{"line":288,"column":36}},"125":{"start":{"line":289,"column":17},"end":{"line":289,"column":36}},"126":{"start":{"line":290,"column":23},"end":{"line":290,"column":73}},"127":{"start":{"line":292,"column":4},"end":{"line":352,"column":5}},"128":{"start":{"line":293,"column":33},"end":{"line":293,"column":35}},"129":{"start":{"line":295,"column":6},"end":{"line":329,"column":9}},"130":{"start":{"line":296,"column":26},"end":{"line":296,"column":46}},"131":{"start":{"line":297,"column":28},"end":{"line":297,"column":77}},"132":{"start":{"line":298,"column":8},"end":{"line":298,"column":33}},"133":{"start":{"line":298,"column":26},"end":{"line":298,"column":33}},"134":{"start":{"line":300,"column":8},"end":{"line":303,"column":11}},"135":{"start":{"line":305,"column":28},"end":{"line":305,"column":83}},"136":{"start":{"line":306,"column":8},"end":{"line":328,"column":9}},"137":{"start":{"line":307,"column":27},"end":{"line":307,"column":48}},"138":{"start":{"line":308,"column":27},"end":{"line":308,"column":48}},"139":{"start":{"line":309,"column":31},"end":{"line":309,"column":56}},"140":{"start":{"line":311,"column":31},"end":{"line":311,"column":85}},"141":{"start":{"line":312,"column":32},"end":{"line":312,"column":91}},"142":{"start":{"line":313,"column":29},"end":{"line":313,"column":42}},"143":{"start":{"line":314,"column":31},"end":{"line":314,"column":76}},"144":{"start":{"line":315,"column":25},"end":{"line":315,"column":54}},"145":{"start":{"line":316,"column":23},"end":{"line":316,"column":44}},"146":{"start":{"line":318,"column":29},"end":{"line":325,"column":null}},"147":{"start":{"line":327,"column":10},"end":{"line":327,"column":42}},"148":{"start":{"line":331,"column":6},"end":{"line":331,"column":39}},"149":{"start":{"line":332,"column":6},"end":{"line":332,"column":50}},"150":{"start":{"line":332,"column":23},"end":{"line":332,"column":44}},"151":{"start":{"line":333,"column":6},"end":{"line":333,"column":56}},"152":{"start":{"line":333,"column":23},"end":{"line":333,"column":49}},"153":{"start":{"line":335,"column":26},"end":{"line":335,"column":64}},"154":{"start":{"line":336,"column":28},"end":{"line":336,"column":48}},"155":{"start":{"line":337,"column":27},"end":{"line":337,"column":77}},"156":{"start":{"line":337,"column":49},"end":{"line":337,"column":76}},"157":{"start":{"line":339,"column":32},"end":{"line":339,"column":34}},"158":{"start":{"line":340,"column":6},"end":{"line":348,"column":7}},"159":{"start":{"line":341,"column":26},"end":{"line":341,"column":55}},"160":{"start":{"line":342,"column":8},"end":{"line":347,"column":41}},"161":{"start":{"line":344,"column":12},"end":{"line":344,"column":83}},"162":{"start":{"line":344,"column":70},"end":{"line":344,"column":83}},"163":{"start":{"line":345,"column":12},"end":{"line":345,"column":96}},"164":{"start":{"line":347,"column":31},"end":{"line":347,"column":39}},"165":{"start":{"line":350,"column":6},"end":{"line":350,"column":62}},"166":{"start":{"line":351,"column":6},"end":{"line":351,"column":56}},"167":{"start":{"line":351,"column":23},"end":{"line":351,"column":49}},"168":{"start":{"line":354,"column":4},"end":{"line":354,"column":46}},"169":{"start":{"line":357,"column":26},"end":{"line":381,"column":3}},"170":{"start":{"line":358,"column":17},"end":{"line":358,"column":29}},"171":{"start":{"line":359,"column":4},"end":{"line":359,"column":39}},"172":{"start":{"line":359,"column":32},"end":{"line":359,"column":39}},"173":{"start":{"line":361,"column":21},"end":{"line":361,"column":54}},"174":{"start":{"line":362,"column":4},"end":{"line":362,"column":42}},"175":{"start":{"line":363,"column":4},"end":{"line":363,"column":55}},"176":{"start":{"line":365,"column":4},"end":{"line":365,"column":53}},"177":{"start":{"line":365,"column":27},"end":{"line":365,"column":53}},"178":{"start":{"line":367,"column":4},"end":{"line":367,"column":80}},"179":{"start":{"line":367,"column":73},"end":{"line":367,"column":80}},"180":{"start":{"line":369,"column":4},"end":{"line":372,"column":5}},"181":{"start":{"line":370,"column":6},"end":{"line":370,"column":49}},"182":{"start":{"line":370,"column":23},"end":{"line":370,"column":42}},"183":{"start":{"line":371,"column":6},"end":{"line":371,"column":13}},"184":{"start":{"line":374,"column":4},"end":{"line":374,"column":34}},"185":{"start":{"line":375,"column":4},"end":{"line":379,"column":7}},"186":{"start":{"line":376,"column":23},"end":{"line":376,"column":67}},"187":{"start":{"line":377,"column":6},"end":{"line":377,"column":84}},"188":{"start":{"line":377,"column":34},"end":{"line":377,"column":82}},"189":{"start":{"line":378,"column":6},"end":{"line":378,"column":22}},"190":{"start":{"line":380,"column":4},"end":{"line":380,"column":63}},"191":{"start":{"line":380,"column":23},"end":{"line":380,"column":54}},"192":{"start":{"line":383,"column":22},"end":{"line":514,"column":3}},"193":{"start":{"line":384,"column":4},"end":{"line":384,"column":31}},"194":{"start":{"line":385,"column":4},"end":{"line":385,"column":58}},"195":{"start":{"line":385,"column":39},"end":{"line":385,"column":58}},"196":{"start":{"line":387,"column":26},"end":{"line":387,"column":28}},"197":{"start":{"line":388,"column":19},"end":{"line":388,"column":62}},"198":{"start":{"line":388,"column":35},"end":{"line":388,"column":62}},"199":{"start":{"line":390,"column":23},"end":{"line":412,"column":5}},"200":{"start":{"line":396,"column":22},"end":{"line":396,"column":32}},"201":{"start":{"line":397,"column":24},"end":{"line":397,"column":42}},"202":{"start":{"line":398,"column":6},"end":{"line":400,"column":7}},"203":{"start":{"line":399,"column":8},"end":{"line":399,"column":82}},"204":{"start":{"line":402,"column":6},"end":{"line":410,"column":9}},"205":{"start":{"line":411,"column":6},"end":{"line":411,"column":21}},"206":{"start":{"line":414,"column":33},"end":{"line":467,"column":5}},"207":{"start":{"line":419,"column":24},"end":{"line":419,"column":58}},"208":{"start":{"line":419,"column":41},"end":{"line":419,"column":57}},"209":{"start":{"line":420,"column":22},"end":{"line":420,"column":54}},"210":{"start":{"line":420,"column":39},"end":{"line":420,"column":53}},"211":{"start":{"line":421,"column":6},"end":{"line":421,"column":41}},"212":{"start":{"line":421,"column":34},"end":{"line":421,"column":41}},"213":{"start":{"line":423,"column":27},"end":{"line":423,"column":58}},"214":{"start":{"line":424,"column":28},"end":{"line":424,"column":63}},"215":{"start":{"line":425,"column":25},"end":{"line":425,"column":34}},"216":{"start":{"line":426,"column":27},"end":{"line":426,"column":58}},"217":{"start":{"line":427,"column":21},"end":{"line":427,"column":50}},"218":{"start":{"line":428,"column":19},"end":{"line":428,"column":40}},"219":{"start":{"line":430,"column":28},"end":{"line":430,"column":97}},"220":{"start":{"line":431,"column":24},"end":{"line":431,"column":57}},"221":{"start":{"line":432,"column":23},"end":{"line":432,"column":57}},"222":{"start":{"line":433,"column":23},"end":{"line":433,"column":48}},"223":{"start":{"line":434,"column":21},"end":{"line":434,"column":68}},"224":{"start":{"line":436,"column":6},"end":{"line":444,"column":9}},"225":{"start":{"line":446,"column":6},"end":{"line":456,"column":7}},"226":{"start":{"line":447,"column":8},"end":{"line":455,"column":11}},"227":{"start":{"line":458,"column":6},"end":{"line":466,"column":9}},"228":{"start":{"line":469,"column":34},"end":{"line":502,"column":5}},"229":{"start":{"line":470,"column":6},"end":{"line":470,"column":82}},"230":{"start":{"line":470,"column":75},"end":{"line":470,"column":82}},"231":{"start":{"line":472,"column":18},"end":{"line":472,"column":24}},"232":{"start":{"line":473,"column":17},"end":{"line":473,"column":23}},"233":{"start":{"line":474,"column":39},"end":{"line":474,"column":46}},"234":{"start":{"line":476,"column":6},"end":{"line":479,"column":7}},"235":{"start":{"line":477,"column":8},"end":{"line":477,"column":23}},"236":{"start":{"line":478,"column":8},"end":{"line":478,"column":25}},"237":{"start":{"line":481,"column":23},"end":{"line":481,"column":69}},"238":{"start":{"line":482,"column":31},"end":{"line":482,"column":63}},"239":{"start":{"line":483,"column":25},"end":{"line":483,"column":72}},"240":{"start":{"line":485,"column":21},"end":{"line":487,"column":null}},"241":{"start":{"line":490,"column":6},"end":{"line":490,"column":47}},"242":{"start":{"line":490,"column":40},"end":{"line":490,"column":47}},"243":{"start":{"line":492,"column":6},"end":{"line":501,"column":7}},"244":{"start":{"line":493,"column":8},"end":{"line":500,"column":11}},"245":{"start":{"line":494,"column":10},"end":{"line":494,"column":49}},"246":{"start":{"line":495,"column":10},"end":{"line":499,"column":11}},"247":{"start":{"line":496,"column":32},"end":{"line":496,"column":48}},"248":{"start":{"line":497,"column":26},"end":{"line":497,"column":103}},"249":{"start":{"line":497,"column":68},"end":{"line":497,"column":95}},"250":{"start":{"line":498,"column":12},"end":{"line":498,"column":134}},"251":{"start":{"line":504,"column":4},"end":{"line":504,"column":66}},"252":{"start":{"line":506,"column":19},"end":{"line":506,"column":121}},"253":{"start":{"line":507,"column":4},"end":{"line":507,"column":31}},"254":{"start":{"line":508,"column":4},"end":{"line":508,"column":34}},"255":{"start":{"line":509,"column":4},"end":{"line":509,"column":32}},"256":{"start":{"line":511,"column":4},"end":{"line":513,"column":12}},"257":{"start":{"line":512,"column":6},"end":{"line":512,"column":57}},"258":{"start":{"line":516,"column":2},"end":{"line":542,"column":18}},"259":{"start":{"line":517,"column":4},"end":{"line":517,"column":81}},"260":{"start":{"line":517,"column":74},"end":{"line":517,"column":81}},"261":{"start":{"line":519,"column":19},"end":{"line":519,"column":36}},"262":{"start":{"line":521,"column":24},"end":{"line":533,"column":5}},"263":{"start":{"line":522,"column":6},"end":{"line":522,"column":42}},"264":{"start":{"line":522,"column":35},"end":{"line":522,"column":42}},"265":{"start":{"line":523,"column":21},"end":{"line":523,"column":46}},"266":{"start":{"line":524,"column":6},"end":{"line":524,"column":38}},"267":{"start":{"line":524,"column":31},"end":{"line":524,"column":38}},"268":{"start":{"line":526,"column":23},"end":{"line":526,"column":49}},"269":{"start":{"line":527,"column":6},"end":{"line":527,"column":40}},"270":{"start":{"line":527,"column":33},"end":{"line":527,"column":40}},"271":{"start":{"line":529,"column":20},"end":{"line":529,"column":38}},"272":{"start":{"line":530,"column":6},"end":{"line":530,"column":52}},"273":{"start":{"line":530,"column":45},"end":{"line":530,"column":52}},"274":{"start":{"line":532,"column":6},"end":{"line":532,"column":41}},"275":{"start":{"line":535,"column":4},"end":{"line":535,"column":36}},"276":{"start":{"line":536,"column":4},"end":{"line":536,"column":40}},"277":{"start":{"line":538,"column":4},"end":{"line":541,"column":6}},"278":{"start":{"line":539,"column":6},"end":{"line":539,"column":39}},"279":{"start":{"line":540,"column":6},"end":{"line":540,"column":43}},"280":{"start":{"line":544,"column":35},"end":{"line":566,"column":9}},"281":{"start":{"line":544,"column":50},"end":{"line":566,"column":4}},"282":{"start":{"line":546,"column":6},"end":{"line":548,"column":null}},"283":{"start":{"line":568,"column":2},"end":{"line":581,"column":4}},"284":{"start":{"line":55,"column":13},"end":{"line":55,"column":59}}},"fnMap":{"0":{"name":"(anonymous_9)","decl":{"start":{"line":55,"column":59},"end":{"line":55,"column":60}},"loc":{"start":{"line":64,"column":5},"end":{"line":582,"column":1}}},"1":{"name":"(anonymous_10)","decl":{"start":{"line":74,"column":12},"end":{"line":74,"column":15}},"loc":{"start":{"line":74,"column":17},"end":{"line":76,"column":3}}},"2":{"name":"(anonymous_11)","decl":{"start":{"line":78,"column":12},"end":{"line":78,"column":15}},"loc":{"start":{"line":78,"column":17},"end":{"line":86,"column":3}}},"3":{"name":"(anonymous_12)","decl":{"start":{"line":88,"column":12},"end":{"line":88,"column":15}},"loc":{"start":{"line":88,"column":17},"end":{"line":92,"column":3}}},"4":{"name":"(anonymous_13)","decl":{"start":{"line":94,"column":30},"end":{"line":94,"column":33}},"loc":{"start":{"line":94,"column":35},"end":{"line":147,"column":3}}},"5":{"name":"(anonymous_14)","decl":{"start":{"line":102,"column":22},"end":{"line":102,"column":23}},"loc":{"start":{"line":102,"column":37},"end":{"line":139,"column":5}}},"6":{"name":"(anonymous_15)","decl":{"start":{"line":149,"column":25},"end":{"line":149,"column":26}},"loc":{"start":{"line":149,"column":90},"end":{"line":157,"column":3}}},"7":{"name":"(anonymous_16)","decl":{"start":{"line":159,"column":25},"end":{"line":159,"column":26}},"loc":{"start":{"line":159,"column":65},"end":{"line":172,"column":3}}},"8":{"name":"(anonymous_17)","decl":{"start":{"line":174,"column":22},"end":{"line":174,"column":23}},"loc":{"start":{"line":174,"column":74},"end":{"line":197,"column":3}}},"9":{"name":"(anonymous_18)","decl":{"start":{"line":199,"column":26},"end":{"line":199,"column":null}},"loc":{"start":{"line":202,"column":6},"end":{"line":228,"column":3}}},"10":{"name":"(anonymous_19)","decl":{"start":{"line":230,"column":36},"end":{"line":230,"column":null}},"loc":{"start":{"line":238,"column":6},"end":{"line":284,"column":3}}},"11":{"name":"(anonymous_20)","decl":{"start":{"line":286,"column":41},"end":{"line":286,"column":42}},"loc":{"start":{"line":286,"column":102},"end":{"line":355,"column":3}}},"12":{"name":"(anonymous_21)","decl":{"start":{"line":295,"column":28},"end":{"line":295,"column":31}},"loc":{"start":{"line":295,"column":34},"end":{"line":329,"column":7}}},"13":{"name":"(anonymous_22)","decl":{"start":{"line":332,"column":17},"end":{"line":332,"column":20}},"loc":{"start":{"line":332,"column":23},"end":{"line":332,"column":44}}},"14":{"name":"(anonymous_23)","decl":{"start":{"line":333,"column":17},"end":{"line":333,"column":20}},"loc":{"start":{"line":333,"column":23},"end":{"line":333,"column":49}}},"15":{"name":"(anonymous_24)","decl":{"start":{"line":337,"column":43},"end":{"line":337,"column":45}},"loc":{"start":{"line":337,"column":49},"end":{"line":337,"column":76}}},"16":{"name":"(anonymous_25)","decl":{"start":{"line":343,"column":18},"end":{"line":343,"column":19}},"loc":{"start":{"line":343,"column":33},"end":{"line":346,"column":11}}},"17":{"name":"(anonymous_26)","decl":{"start":{"line":347,"column":15},"end":{"line":347,"column":16}},"loc":{"start":{"line":347,"column":31},"end":{"line":347,"column":39}}},"18":{"name":"(anonymous_27)","decl":{"start":{"line":351,"column":17},"end":{"line":351,"column":20}},"loc":{"start":{"line":351,"column":23},"end":{"line":351,"column":49}}},"19":{"name":"(anonymous_28)","decl":{"start":{"line":357,"column":26},"end":{"line":357,"column":27}},"loc":{"start":{"line":357,"column":45},"end":{"line":381,"column":3}}},"20":{"name":"(anonymous_29)","decl":{"start":{"line":370,"column":17},"end":{"line":370,"column":20}},"loc":{"start":{"line":370,"column":23},"end":{"line":370,"column":42}}},"21":{"name":"(anonymous_30)","decl":{"start":{"line":375,"column":22},"end":{"line":375,"column":31}},"loc":{"start":{"line":375,"column":34},"end":{"line":379,"column":5}}},"22":{"name":"(anonymous_31)","decl":{"start":{"line":377,"column":28},"end":{"line":377,"column":31}},"loc":{"start":{"line":377,"column":34},"end":{"line":377,"column":82}}},"23":{"name":"(anonymous_32)","decl":{"start":{"line":380,"column":15},"end":{"line":380,"column":18}},"loc":{"start":{"line":380,"column":20},"end":{"line":380,"column":56}}},"24":{"name":"(anonymous_33)","decl":{"start":{"line":383,"column":22},"end":{"line":383,"column":23}},"loc":{"start":{"line":383,"column":41},"end":{"line":514,"column":3}}},"25":{"name":"(anonymous_34)","decl":{"start":{"line":388,"column":19},"end":{"line":388,"column":20}},"loc":{"start":{"line":388,"column":35},"end":{"line":388,"column":62}}},"26":{"name":"(anonymous_35)","decl":{"start":{"line":390,"column":23},"end":{"line":390,"column":null}},"loc":{"start":{"line":395,"column":8},"end":{"line":412,"column":5}}},"27":{"name":"(anonymous_36)","decl":{"start":{"line":414,"column":33},"end":{"line":414,"column":null}},"loc":{"start":{"line":418,"column":14},"end":{"line":467,"column":5}}},"28":{"name":"(anonymous_37)","decl":{"start":{"line":419,"column":36},"end":{"line":419,"column":37}},"loc":{"start":{"line":419,"column":41},"end":{"line":419,"column":57}}},"29":{"name":"(anonymous_38)","decl":{"start":{"line":420,"column":34},"end":{"line":420,"column":35}},"loc":{"start":{"line":420,"column":39},"end":{"line":420,"column":53}}},"30":{"name":"(anonymous_39)","decl":{"start":{"line":469,"column":34},"end":{"line":469,"column":35}},"loc":{"start":{"line":469,"column":101},"end":{"line":502,"column":5}}},"31":{"name":"(anonymous_40)","decl":{"start":{"line":493,"column":36},"end":{"line":493,"column":37}},"loc":{"start":{"line":493,"column":53},"end":{"line":500,"column":9}}},"32":{"name":"(anonymous_41)","decl":{"start":{"line":497,"column":61},"end":{"line":497,"column":64}},"loc":{"start":{"line":497,"column":68},"end":{"line":497,"column":95}}},"33":{"name":"(anonymous_42)","decl":{"start":{"line":511,"column":15},"end":{"line":511,"column":18}},"loc":{"start":{"line":511,"column":20},"end":{"line":513,"column":5}}},"34":{"name":"(anonymous_43)","decl":{"start":{"line":516,"column":12},"end":{"line":516,"column":15}},"loc":{"start":{"line":516,"column":17},"end":{"line":542,"column":3}}},"35":{"name":"(anonymous_44)","decl":{"start":{"line":521,"column":24},"end":{"line":521,"column":25}},"loc":{"start":{"line":521,"column":35},"end":{"line":533,"column":5}}},"36":{"name":"(anonymous_45)","decl":{"start":{"line":538,"column":11},"end":{"line":538,"column":14}},"loc":{"start":{"line":538,"column":16},"end":{"line":541,"column":5}}},"37":{"name":"(anonymous_46)","decl":{"start":{"line":544,"column":43},"end":{"line":544,"column":46}},"loc":{"start":{"line":544,"column":50},"end":{"line":566,"column":4}}},"38":{"name":"(anonymous_47)","decl":{"start":{"line":545,"column":13},"end":{"line":545,"column":16}},"loc":{"start":{"line":546,"column":6},"end":{"line":548,"column":null}}}},"branchMap":{"0":{"loc":{"start":{"line":33,"column":0},"end":{"line":36,"column":1}},"type":"if","locations":[{"start":{"line":33,"column":0},"end":{"line":36,"column":1}},{"start":{},"end":{}}]},"1":{"loc":{"start":{"line":37,"column":0},"end":{"line":40,"column":1}},"type":"if","locations":[{"start":{"line":37,"column":0},"end":{"line":40,"column":1}},{"start":{},"end":{}}]},"2":{"loc":{"start":{"line":79,"column":4},"end":{"line":85,"column":5}},"type":"if","locations":[{"start":{"line":79,"column":4},"end":{"line":85,"column":5}},{"start":{},"end":{}}]},"3":{"loc":{"start":{"line":89,"column":4},"end":{"line":91,"column":5}},"type":"if","locations":[{"start":{"line":89,"column":4},"end":{"line":91,"column":5}},{"start":{},"end":{}}]},"4":{"loc":{"start":{"line":89,"column":8},"end":{"line":89,"column":38}},"type":"binary-expr","locations":[{"start":{"line":89,"column":8},"end":{"line":89,"column":25}},{"start":{"line":89,"column":29},"end":{"line":89,"column":38}}]},"5":{"loc":{"start":{"line":95,"column":4},"end":{"line":95,"column":78}},"type":"if","locations":[{"start":{"line":95,"column":4},"end":{"line":95,"column":78}},{"start":{},"end":{}}]},"6":{"loc":{"start":{"line":95,"column":8},"end":{"line":95,"column":69}},"type":"binary-expr","locations":[{"start":{"line":95,"column":8},"end":{"line":95,"column":26}},{"start":{"line":95,"column":30},"end":{"line":95,"column":69}}]},"7":{"loc":{"start":{"line":103,"column":6},"end":{"line":116,"column":7}},"type":"if","locations":[{"start":{"line":103,"column":6},"end":{"line":116,"column":7}},{"start":{},"end":{}}]},"8":{"loc":{"start":{"line":103,"column":10},"end":{"line":103,"column":52}},"type":"binary-expr","locations":[{"start":{"line":103,"column":10},"end":{"line":103,"column":30}},{"start":{"line":103,"column":34},"end":{"line":103,"column":52}}]},"9":{"loc":{"start":{"line":111,"column":18},"end":{"line":111,"column":50}},"type":"cond-expr","locations":[{"start":{"line":111,"column":34},"end":{"line":111,"column":41}},{"start":{"line":111,"column":44},"end":{"line":111,"column":50}}]},"10":{"loc":{"start":{"line":112,"column":19},"end":{"line":112,"column":52}},"type":"cond-expr","locations":[{"start":{"line":112,"column":35},"end":{"line":112,"column":43}},{"start":{"line":112,"column":46},"end":{"line":112,"column":52}}]},"11":{"loc":{"start":{"line":118,"column":6},"end":{"line":138,"column":7}},"type":"if","locations":[{"start":{"line":118,"column":6},"end":{"line":138,"column":7}},{"start":{},"end":{}}]},"12":{"loc":{"start":{"line":118,"column":10},"end":{"line":118,"column":61}},"type":"binary-expr","locations":[{"start":{"line":118,"column":10},"end":{"line":118,"column":32}},{"start":{"line":118,"column":36},"end":{"line":118,"column":61}}]},"13":{"loc":{"start":{"line":124,"column":8},"end":{"line":137,"column":9}},"type":"if","locations":[{"start":{"line":124,"column":8},"end":{"line":137,"column":9}},{"start":{"line":131,"column":15},"end":{"line":137,"column":9}}]},"14":{"loc":{"start":{"line":141,"column":4},"end":{"line":146,"column":5}},"type":"if","locations":[{"start":{"line":141,"column":4},"end":{"line":146,"column":5}},{"start":{},"end":{}}]},"15":{"loc":{"start":{"line":143,"column":6},"end":{"line":145,"column":7}},"type":"if","locations":[{"start":{"line":143,"column":6},"end":{"line":145,"column":7}},{"start":{},"end":{}}]},"16":{"loc":{"start":{"line":150,"column":4},"end":{"line":150,"column":29}},"type":"if","locations":[{"start":{"line":150,"column":4},"end":{"line":150,"column":29}},{"start":{},"end":{}}]},"17":{"loc":{"start":{"line":151,"column":4},"end":{"line":151,"column":44}},"type":"if","locations":[{"start":{"line":151,"column":4},"end":{"line":151,"column":44}},{"start":{},"end":{}}]},"18":{"loc":{"start":{"line":154,"column":6},"end":{"line":154,"column":30}},"type":"if","locations":[{"start":{"line":154,"column":6},"end":{"line":154,"column":30}},{"start":{},"end":{}}]},"19":{"loc":{"start":{"line":160,"column":4},"end":{"line":160,"column":35}},"type":"if","locations":[{"start":{"line":160,"column":4},"end":{"line":160,"column":35}},{"start":{},"end":{}}]},"20":{"loc":{"start":{"line":164,"column":4},"end":{"line":164,"column":74}},"type":"if","locations":[{"start":{"line":164,"column":4},"end":{"line":164,"column":74}},{"start":{},"end":{}}]},"21":{"loc":{"start":{"line":164,"column":8},"end":{"line":164,"column":65}},"type":"binary-expr","locations":[{"start":{"line":164,"column":8},"end":{"line":164,"column":14}},{"start":{"line":164,"column":18},"end":{"line":164,"column":30}},{"start":{"line":164,"column":34},"end":{"line":164,"column":65}}]},"22":{"loc":{"start":{"line":165,"column":4},"end":{"line":165,"column":41}},"type":"if","locations":[{"start":{"line":165,"column":4},"end":{"line":165,"column":41}},{"start":{},"end":{}}]},"23":{"loc":{"start":{"line":168,"column":17},"end":{"line":168,"column":49}},"type":"cond-expr","locations":[{"start":{"line":168,"column":30},"end":{"line":168,"column":38}},{"start":{"line":168,"column":41},"end":{"line":168,"column":49}}]},"24":{"loc":{"start":{"line":174,"column":39},"end":{"line":174,"column":70}},"type":"default-arg","locations":[{"start":{"line":174,"column":66},"end":{"line":174,"column":70}}]},"25":{"loc":{"start":{"line":175,"column":4},"end":{"line":175,"column":35}},"type":"if","locations":[{"start":{"line":175,"column":4},"end":{"line":175,"column":35}},{"start":{},"end":{}}]},"26":{"loc":{"start":{"line":178,"column":4},"end":{"line":184,"column":5}},"type":"if","locations":[{"start":{"line":178,"column":4},"end":{"line":184,"column":5}},{"start":{},"end":{}}]},"27":{"loc":{"start":{"line":180,"column":6},"end":{"line":183,"column":7}},"type":"if","locations":[{"start":{"line":180,"column":6},"end":{"line":183,"column":7}},{"start":{},"end":{}}]},"28":{"loc":{"start":{"line":188,"column":4},"end":{"line":188,"column":23}},"type":"if","locations":[{"start":{"line":188,"column":4},"end":{"line":188,"column":23}},{"start":{},"end":{}}]},"29":{"loc":{"start":{"line":191,"column":4},"end":{"line":191,"column":24}},"type":"if","locations":[{"start":{"line":191,"column":4},"end":{"line":191,"column":24}},{"start":{},"end":{}}]},"30":{"loc":{"start":{"line":205,"column":4},"end":{"line":207,"column":5}},"type":"if","locations":[{"start":{"line":205,"column":4},"end":{"line":207,"column":5}},{"start":{},"end":{}}]},"31":{"loc":{"start":{"line":240,"column":4},"end":{"line":240,"column":36}},"type":"if","locations":[{"start":{"line":240,"column":4},"end":{"line":240,"column":36}},{"start":{},"end":{}}]},"32":{"loc":{"start":{"line":242,"column":26},"end":{"line":242,"column":95}},"type":"binary-expr","locations":[{"start":{"line":242,"column":26},"end":{"line":242,"column":59}},{"start":{"line":242,"column":63},"end":{"line":242,"column":95}}]},"33":{"loc":{"start":{"line":243,"column":22},"end":{"line":243,"column":55}},"type":"cond-expr","locations":[{"start":{"line":243,"column":38},"end":{"line":243,"column":46}},{"start":{"line":243,"column":49},"end":{"line":243,"column":55}}]},"34":{"loc":{"start":{"line":244,"column":21},"end":{"line":244,"column":55}},"type":"cond-expr","locations":[{"start":{"line":244,"column":37},"end":{"line":244,"column":44}},{"start":{"line":244,"column":47},"end":{"line":244,"column":55}}]},"35":{"loc":{"start":{"line":245,"column":21},"end":{"line":245,"column":46}},"type":"cond-expr","locations":[{"start":{"line":245,"column":37},"end":{"line":245,"column":40}},{"start":{"line":245,"column":43},"end":{"line":245,"column":46}}]},"36":{"loc":{"start":{"line":259,"column":4},"end":{"line":270,"column":5}},"type":"if","locations":[{"start":{"line":259,"column":4},"end":{"line":270,"column":5}},{"start":{},"end":{}}]},"37":{"loc":{"start":{"line":287,"column":4},"end":{"line":287,"column":35}},"type":"if","locations":[{"start":{"line":287,"column":4},"end":{"line":287,"column":35}},{"start":{},"end":{}}]},"38":{"loc":{"start":{"line":292,"column":4},"end":{"line":352,"column":5}},"type":"if","locations":[{"start":{"line":292,"column":4},"end":{"line":352,"column":5}},{"start":{"line":334,"column":11},"end":{"line":352,"column":5}}]},"39":{"loc":{"start":{"line":298,"column":8},"end":{"line":298,"column":33}},"type":"if","locations":[{"start":{"line":298,"column":8},"end":{"line":298,"column":33}},{"start":{},"end":{}}]},"40":{"loc":{"start":{"line":306,"column":8},"end":{"line":328,"column":9}},"type":"if","locations":[{"start":{"line":306,"column":8},"end":{"line":328,"column":9}},{"start":{},"end":{}}]},"41":{"loc":{"start":{"line":306,"column":12},"end":{"line":306,"column":67}},"type":"binary-expr","locations":[{"start":{"line":306,"column":12},"end":{"line":306,"column":23}},{"start":{"line":306,"column":27},"end":{"line":306,"column":45}},{"start":{"line":306,"column":49},"end":{"line":306,"column":67}}]},"42":{"loc":{"start":{"line":311,"column":42},"end":{"line":311,"column":84}},"type":"binary-expr","locations":[{"start":{"line":311,"column":42},"end":{"line":311,"column":56}},{"start":{"line":311,"column":60},"end":{"line":311,"column":84}}]},"43":{"loc":{"start":{"line":312,"column":43},"end":{"line":312,"column":86}},"type":"binary-expr","locations":[{"start":{"line":312,"column":43},"end":{"line":312,"column":57}},{"start":{"line":312,"column":61},"end":{"line":312,"column":86}}]},"44":{"loc":{"start":{"line":340,"column":6},"end":{"line":348,"column":7}},"type":"if","locations":[{"start":{"line":340,"column":6},"end":{"line":348,"column":7}},{"start":{},"end":{}}]},"45":{"loc":{"start":{"line":344,"column":12},"end":{"line":344,"column":83}},"type":"if","locations":[{"start":{"line":344,"column":12},"end":{"line":344,"column":83}},{"start":{},"end":{}}]},"46":{"loc":{"start":{"line":344,"column":16},"end":{"line":344,"column":68}},"type":"binary-expr","locations":[{"start":{"line":344,"column":16},"end":{"line":344,"column":38}},{"start":{"line":344,"column":42},"end":{"line":344,"column":68}}]},"47":{"loc":{"start":{"line":359,"column":4},"end":{"line":359,"column":39}},"type":"if","locations":[{"start":{"line":359,"column":4},"end":{"line":359,"column":39}},{"start":{},"end":{}}]},"48":{"loc":{"start":{"line":365,"column":4},"end":{"line":365,"column":53}},"type":"if","locations":[{"start":{"line":365,"column":4},"end":{"line":365,"column":53}},{"start":{},"end":{}}]},"49":{"loc":{"start":{"line":367,"column":4},"end":{"line":367,"column":80}},"type":"if","locations":[{"start":{"line":367,"column":4},"end":{"line":367,"column":80}},{"start":{},"end":{}}]},"50":{"loc":{"start":{"line":367,"column":8},"end":{"line":367,"column":71}},"type":"binary-expr","locations":[{"start":{"line":367,"column":8},"end":{"line":367,"column":26}},{"start":{"line":367,"column":30},"end":{"line":367,"column":71}}]},"51":{"loc":{"start":{"line":369,"column":4},"end":{"line":372,"column":5}},"type":"if","locations":[{"start":{"line":369,"column":4},"end":{"line":372,"column":5}},{"start":{},"end":{}}]},"52":{"loc":{"start":{"line":369,"column":8},"end":{"line":369,"column":50}},"type":"binary-expr","locations":[{"start":{"line":369,"column":8},"end":{"line":369,"column":21}},{"start":{"line":369,"column":25},"end":{"line":369,"column":50}}]},"53":{"loc":{"start":{"line":385,"column":4},"end":{"line":385,"column":58}},"type":"if","locations":[{"start":{"line":385,"column":4},"end":{"line":385,"column":58}},{"start":{},"end":{}}]},"54":{"loc":{"start":{"line":392,"column":6},"end":{"line":392,"column":28}},"type":"default-arg","locations":[{"start":{"line":392,"column":22},"end":{"line":392,"column":28}}]},"55":{"loc":{"start":{"line":392,"column":30},"end":{"line":392,"column":51}},"type":"default-arg","locations":[{"start":{"line":392,"column":45},"end":{"line":392,"column":51}}]},"56":{"loc":{"start":{"line":393,"column":6},"end":{"line":393,"column":35}},"type":"default-arg","locations":[{"start":{"line":393,"column":30},"end":{"line":393,"column":35}}]},"57":{"loc":{"start":{"line":393,"column":37},"end":{"line":393,"column":64}},"type":"default-arg","locations":[{"start":{"line":393,"column":59},"end":{"line":393,"column":64}}]},"58":{"loc":{"start":{"line":394,"column":6},"end":{"line":394,"column":40}},"type":"default-arg","locations":[{"start":{"line":394,"column":33},"end":{"line":394,"column":40}}]},"59":{"loc":{"start":{"line":398,"column":6},"end":{"line":400,"column":7}},"type":"if","locations":[{"start":{"line":398,"column":6},"end":{"line":400,"column":7}},{"start":{},"end":{}}]},"60":{"loc":{"start":{"line":421,"column":6},"end":{"line":421,"column":41}},"type":"if","locations":[{"start":{"line":421,"column":6},"end":{"line":421,"column":41}},{"start":{},"end":{}}]},"61":{"loc":{"start":{"line":421,"column":10},"end":{"line":421,"column":32}},"type":"binary-expr","locations":[{"start":{"line":421,"column":10},"end":{"line":421,"column":20}},{"start":{"line":421,"column":24},"end":{"line":421,"column":32}}]},"62":{"loc":{"start":{"line":430,"column":28},"end":{"line":430,"column":97}},"type":"binary-expr","locations":[{"start":{"line":430,"column":28},"end":{"line":430,"column":61}},{"start":{"line":430,"column":65},"end":{"line":430,"column":97}}]},"63":{"loc":{"start":{"line":431,"column":24},"end":{"line":431,"column":57}},"type":"cond-expr","locations":[{"start":{"line":431,"column":40},"end":{"line":431,"column":48}},{"start":{"line":431,"column":51},"end":{"line":431,"column":57}}]},"64":{"loc":{"start":{"line":432,"column":23},"end":{"line":432,"column":57}},"type":"cond-expr","locations":[{"start":{"line":432,"column":39},"end":{"line":432,"column":46}},{"start":{"line":432,"column":49},"end":{"line":432,"column":57}}]},"65":{"loc":{"start":{"line":433,"column":23},"end":{"line":433,"column":48}},"type":"cond-expr","locations":[{"start":{"line":433,"column":39},"end":{"line":433,"column":42}},{"start":{"line":433,"column":45},"end":{"line":433,"column":48}}]},"66":{"loc":{"start":{"line":446,"column":6},"end":{"line":456,"column":7}},"type":"if","locations":[{"start":{"line":446,"column":6},"end":{"line":456,"column":7}},{"start":{},"end":{}}]},"67":{"loc":{"start":{"line":469,"column":59},"end":{"line":469,"column":91}},"type":"default-arg","locations":[{"start":{"line":469,"column":78},"end":{"line":469,"column":91}}]},"68":{"loc":{"start":{"line":470,"column":6},"end":{"line":470,"column":82}},"type":"if","locations":[{"start":{"line":470,"column":6},"end":{"line":470,"column":82}},{"start":{},"end":{}}]},"69":{"loc":{"start":{"line":476,"column":6},"end":{"line":479,"column":7}},"type":"if","locations":[{"start":{"line":476,"column":6},"end":{"line":479,"column":7}},{"start":{},"end":{}}]},"70":{"loc":{"start":{"line":481,"column":23},"end":{"line":481,"column":69}},"type":"binary-expr","locations":[{"start":{"line":481,"column":23},"end":{"line":481,"column":52}},{"start":{"line":481,"column":56},"end":{"line":481,"column":69}}]},"71":{"loc":{"start":{"line":490,"column":6},"end":{"line":490,"column":47}},"type":"if","locations":[{"start":{"line":490,"column":6},"end":{"line":490,"column":47}},{"start":{},"end":{}}]},"72":{"loc":{"start":{"line":492,"column":6},"end":{"line":501,"column":7}},"type":"if","locations":[{"start":{"line":492,"column":6},"end":{"line":501,"column":7}},{"start":{},"end":{}}]},"73":{"loc":{"start":{"line":495,"column":10},"end":{"line":499,"column":11}},"type":"if","locations":[{"start":{"line":495,"column":10},"end":{"line":499,"column":11}},{"start":{},"end":{}}]},"74":{"loc":{"start":{"line":517,"column":4},"end":{"line":517,"column":81}},"type":"if","locations":[{"start":{"line":517,"column":4},"end":{"line":517,"column":81}},{"start":{},"end":{}}]},"75":{"loc":{"start":{"line":517,"column":8},"end":{"line":517,"column":72}},"type":"binary-expr","locations":[{"start":{"line":517,"column":8},"end":{"line":517,"column":18}},{"start":{"line":517,"column":22},"end":{"line":517,"column":40}},{"start":{"line":517,"column":44},"end":{"line":517,"column":72}}]},"76":{"loc":{"start":{"line":522,"column":6},"end":{"line":522,"column":42}},"type":"if","locations":[{"start":{"line":522,"column":6},"end":{"line":522,"column":42}},{"start":{},"end":{}}]},"77":{"loc":{"start":{"line":524,"column":6},"end":{"line":524,"column":38}},"type":"if","locations":[{"start":{"line":524,"column":6},"end":{"line":524,"column":38}},{"start":{},"end":{}}]},"78":{"loc":{"start":{"line":527,"column":6},"end":{"line":527,"column":40}},"type":"if","locations":[{"start":{"line":527,"column":6},"end":{"line":527,"column":40}},{"start":{},"end":{}}]},"79":{"loc":{"start":{"line":530,"column":6},"end":{"line":530,"column":52}},"type":"if","locations":[{"start":{"line":530,"column":6},"end":{"line":530,"column":52}},{"start":{},"end":{}}]},"80":{"loc":{"start":{"line":530,"column":10},"end":{"line":530,"column":43}},"type":"binary-expr","locations":[{"start":{"line":530,"column":10},"end":{"line":530,"column":21}},{"start":{"line":530,"column":25},"end":{"line":530,"column":43}}]}},"s":{"0":4,"1":4,"2":4,"3":4,"4":4,"5":4,"6":4,"7":4,"8":4,"9":4,"10":4,"11":1,"12":1,"13":4,"14":1,"15":1,"16":4,"17":4,"18":186,"19":186,"20":186,"21":186,"22":186,"23":186,"24":186,"25":186,"26":186,"27":118,"28":186,"29":73,"30":42,"31":42,"32":42,"33":42,"34":42,"35":186,"36":149,"37":93,"38":186,"39":105,"40":67,"41":38,"42":38,"43":38,"44":38,"45":38,"46":16,"47":0,"48":0,"49":0,"50":16,"51":7,"52":7,"53":0,"54":0,"55":7,"56":38,"57":4,"58":4,"59":0,"60":186,"61":1131,"62":0,"63":1131,"64":62,"65":1069,"66":1069,"67":1069,"68":126,"69":943,"70":186,"71":16,"72":0,"73":16,"74":16,"75":16,"76":16,"77":16,"78":0,"79":0,"80":0,"81":0,"82":0,"83":0,"84":186,"85":14,"86":0,"87":14,"88":14,"89":14,"90":14,"91":0,"92":0,"93":14,"94":14,"95":14,"96":14,"97":0,"98":0,"99":0,"100":0,"101":186,"102":62,"103":62,"104":62,"105":62,"106":62,"107":186,"108":0,"109":0,"110":0,"111":0,"112":0,"113":0,"114":0,"115":0,"116":0,"117":0,"118":0,"119":0,"120":0,"121":186,"122":16,"123":0,"124":16,"125":16,"126":16,"127":16,"128":13,"129":13,"130":62,"131":62,"132":62,"133":0,"134":62,"135":62,"136":62,"137":0,"138":0,"139":0,"140":0,"141":0,"142":0,"143":0,"144":0,"145":0,"146":0,"147":0,"148":13,"149":13,"150":12,"151":13,"152":12,"153":3,"154":3,"155":3,"156":96,"157":3,"158":3,"159":0,"160":0,"161":0,"162":0,"163":0,"164":0,"165":3,"166":3,"167":2,"168":16,"169":186,"170":31,"171":31,"172":11,"173":20,"174":20,"175":20,"176":20,"177":20,"178":20,"179":1,"180":19,"181":3,"182":3,"183":3,"184":16,"185":16,"186":16,"187":16,"188":16,"189":16,"190":16,"191":14,"192":186,"193":95,"194":95,"195":92,"196":95,"197":95,"198":487,"199":95,"200":291,"201":291,"202":291,"203":198,"204":291,"205":291,"206":95,"207":196,"208":206,"209":196,"210":894,"211":196,"212":0,"213":196,"214":196,"215":196,"216":196,"217":196,"218":196,"219":196,"220":196,"221":196,"222":196,"223":196,"224":196,"225":196,"226":196,"227":196,"228":95,"229":291,"230":0,"231":291,"232":291,"233":291,"234":291,"235":34,"236":34,"237":291,"238":291,"239":291,"240":291,"241":291,"242":0,"243":291,"244":95,"245":196,"246":196,"247":196,"248":196,"249":309,"250":196,"251":95,"252":95,"253":95,"254":95,"255":95,"256":95,"257":52,"258":186,"259":112,"260":56,"261":56,"262":56,"263":34,"264":0,"265":34,"266":34,"267":1,"268":33,"269":33,"270":1,"271":32,"272":32,"273":1,"274":31,"275":56,"276":56,"277":56,"278":56,"279":56,"280":186,"281":56,"282":63,"283":186,"284":4},"f":{"0":186,"1":118,"2":73,"3":149,"4":105,"5":16,"6":1131,"7":16,"8":14,"9":62,"10":0,"11":16,"12":62,"13":12,"14":12,"15":96,"16":0,"17":0,"18":2,"19":31,"20":3,"21":16,"22":16,"23":14,"24":95,"25":487,"26":291,"27":196,"28":206,"29":894,"30":291,"31":196,"32":309,"33":52,"34":112,"35":34,"36":56,"37":56,"38":63},"b":{"0":[1,3],"1":[1,3],"2":[42,31],"3":[93,56],"4":[149,149],"5":[67,38],"6":[105,105],"7":[0,16],"8":[16,9],"9":[0,0],"10":[0,0],"11":[7,9],"12":[16,7],"13":[0,7],"14":[4,34],"15":[0,4],"16":[0,1131],"17":[62,1069],"18":[126,943],"19":[0,16],"20":[16,0],"21":[16,0,0],"22":[0,0],"23":[0,0],"24":[14],"25":[0,14],"26":[14,0],"27":[0,14],"28":[14,0],"29":[0,0],"30":[62,0],"31":[0,0],"32":[0,0],"33":[0,0],"34":[0,0],"35":[0,0],"36":[0,0],"37":[0,16],"38":[13,3],"39":[0,62],"40":[0,62],"41":[62,0,0],"42":[0,0],"43":[0,0],"44":[0,3],"45":[0,0],"46":[0,0],"47":[11,20],"48":[20,0],"49":[1,19],"50":[20,1],"51":[3,16],"52":[19,16],"53":[92,3],"54":[0],"55":[0],"56":[0],"57":[0],"58":[0],"59":[198,93],"60":[0,196],"61":[196,196],"62":[196,74],"63":[2,194],"64":[2,194],"65":[2,194],"66":[196,0],"67":[95],"68":[0,291],"69":[34,257],"70":[291,0],"71":[0,291],"72":[95,196],"73":[196,0],"74":[56,56],"75":[112,56,56],"76":[0,34],"77":[1,33],"78":[1,32],"79":[1,31],"80":[32,32]}}
,"C:\\Users\\kllkt\\Documents\\My Web Sites\\stat-tree\\utils\\animations.ts": {"path":"C:\\Users\\kllkt\\Documents\\My Web Sites\\stat-tree\\utils\\animations.ts","statementMap":{"0":{"start":{"line":12,"column":0},"end":{"line":12,"column":58}},"1":{"start":{"line":22,"column":29},"end":{"line":24,"column":1}},"2":{"start":{"line":23,"column":2},"end":{"line":23,"column":52}},"3":{"start":{"line":22,"column":13},"end":{"line":22,"column":29}},"4":{"start":{"line":34,"column":35},"end":{"line":103,"column":1}},"5":{"start":{"line":40,"column":2},"end":{"line":40,"column":22}},"6":{"start":{"line":40,"column":15},"end":{"line":40,"column":22}},"7":{"start":{"line":43,"column":18},"end":{"line":43,"column":49}},"8":{"start":{"line":44,"column":16},"end":{"line":44,"column":40}},"9":{"start":{"line":46,"column":2},"end":{"line":46,"column":21}},"10":{"start":{"line":46,"column":14},"end":{"line":46,"column":21}},"11":{"start":{"line":49,"column":15},"end":{"line":49,"column":27}},"12":{"start":{"line":50,"column":2},"end":{"line":50,"column":57}},"13":{"start":{"line":50,"column":50},"end":{"line":50,"column":57}},"14":{"start":{"line":53,"column":19},"end":{"line":54,"column":null}},"15":{"start":{"line":54,"column":4},"end":{"line":54,"column":43}},"16":{"start":{"line":58,"column":22},"end":{"line":60,"column":33}},"17":{"start":{"line":59,"column":15},"end":{"line":59,"column":34}},"18":{"start":{"line":60,"column":17},"end":{"line":60,"column":32}},"19":{"start":{"line":62,"column":2},"end":{"line":62,"column":39}},"20":{"start":{"line":62,"column":32},"end":{"line":62,"column":39}},"21":{"start":{"line":65,"column":20},"end":{"line":65,"column":43}},"22":{"start":{"line":66,"column":22},"end":{"line":66,"column":61}},"23":{"start":{"line":68,"column":2},"end":{"line":68,"column":27}},"24":{"start":{"line":68,"column":20},"end":{"line":68,"column":27}},"25":{"start":{"line":71,"column":13},"end":{"line":71,"column":29}},"26":{"start":{"line":72,"column":13},"end":{"line":72,"column":29}},"27":{"start":{"line":73,"column":13},"end":{"line":73,"column":29}},"28":{"start":{"line":74,"column":13},"end":{"line":74,"column":29}},"29":{"start":{"line":77,"column":2},"end":{"line":85,"column":5}},"30":{"start":{"line":78,"column":14},"end":{"line":78,"column":42}},"31":{"start":{"line":79,"column":4},"end":{"line":84,"column":5}},"32":{"start":{"line":80,"column":6},"end":{"line":80,"column":36}},"33":{"start":{"line":81,"column":6},"end":{"line":81,"column":36}},"34":{"start":{"line":82,"column":6},"end":{"line":82,"column":36}},"35":{"start":{"line":83,"column":6},"end":{"line":83,"column":36}},"36":{"start":{"line":88,"column":18},"end":{"line":88,"column":21}},"37":{"start":{"line":89,"column":23},"end":{"line":94,"column":4}},"38":{"start":{"line":97,"column":2},"end":{"line":102,"column":5}},"39":{"start":{"line":34,"column":13},"end":{"line":34,"column":35}},"40":{"start":{"line":113,"column":32},"end":{"line":149,"column":1}},"41":{"start":{"line":119,"column":2},"end":{"line":119,"column":22}},"42":{"start":{"line":119,"column":15},"end":{"line":119,"column":22}},"43":{"start":{"line":122,"column":2},"end":{"line":122,"column":36}},"44":{"start":{"line":122,"column":29},"end":{"line":122,"column":36}},"45":{"start":{"line":125,"column":2},"end":{"line":132,"column":3}},"46":{"start":{"line":126,"column":30},"end":{"line":129,"column":7}},"47":{"start":{"line":126,"column":55},"end":{"line":129,"column":6}},"48":{"start":{"line":131,"column":4},"end":{"line":131,"column":43}},"49":{"start":{"line":135,"column":2},"end":{"line":148,"column":5}},"50":{"start":{"line":136,"column":4},"end":{"line":147,"column":19}},"51":{"start":{"line":137,"column":6},"end":{"line":146,"column":7}},"52":{"start":{"line":138,"column":8},"end":{"line":142,"column":12}},"53":{"start":{"line":145,"column":8},"end":{"line":145,"column":62}},"54":{"start":{"line":113,"column":13},"end":{"line":113,"column":32}},"55":{"start":{"line":157,"column":31},"end":{"line":204,"column":1}},"56":{"start":{"line":167,"column":2},"end":{"line":176,"column":3}},"57":{"start":{"line":168,"column":4},"end":{"line":175,"column":6}},"58":{"start":{"line":178,"column":17},"end":{"line":197,"column":4}},"59":{"start":{"line":179,"column":24},"end":{"line":184,"column":6}},"60":{"start":{"line":186,"column":4},"end":{"line":191,"column":6}},"61":{"start":{"line":199,"column":2},"end":{"line":203,"column":4}},"62":{"start":{"line":157,"column":13},"end":{"line":157,"column":31}},"63":{"start":{"line":213,"column":34},"end":{"line":223,"column":1}},"64":{"start":{"line":217,"column":2},"end":
[...]
,"C:\\Users\\kllkt\\Documents\\My Web Sites\\stat-tree\\utils\\treeLayout.ts": {"path":"C:\\Users\\kllkt\\Documents\\My Web Sites\\stat-tree\\utils\\treeLayout.ts","statementMap":{"0":{"start":{"line":41,"column":0},"end":{"line":41,"column":16}},"1":{"start":{"line":79,"column":0},"end":{"line":79,"column":16}},"2":{"start":{"line":193,"column":0},"end":{"line":193,"column":16}},"3":{"start":{"line":331,"column":0},"end":{"line":331,"column":16}},"4":{"start":{"line":383,"column":0},"end":{"line":383,"column":16}},"5":{"start":{"line":418,"column":0},"end":{"line":418,"column":16}},"6":{"start":{"line":12,"column":13},"end":{"line":19,"column":2}},"7":{"start":{"line":46,"column":15},"end":{"line":46,"column":27}},"8":{"start":{"line":48,"column":2},"end":{"line":50,"column":3}},"9":{"start":{"line":49,"column":4},"end":{"line":49,"column":71}},"10":{"start":{"line":53,"column":2},"end":{"line":55,"column":3}},"11":{"start":{"line":54,"column":4},"end":{"line":54,"column":31}},"12":{"start":{"line":58,"column":22},"end":{"line":58,"column":41}},"13":{"start":{"line":61,"column":26},"end":{"line":61,"column":59}},"14":{"start":{"line":62,"column":19},"end":{"line":62,"column":59}},"15":{"start":{"line":63,"column":29},"end":{"line":63,"column":55}},"16":{"start":{"line":66,"column":2},"end":{"line":66,"column":59}},"17":{"start":{"line":84,"column":15},"end":{"line":84,"column":27}},"18":{"start":{"line":86,"column":2},"end":{"line":88,"column":3}},"19":{"start":{"line":87,"column":4},"end":{"line":87,"column":71}},"20":{"start":{"line":91,"column":2},"end":{"line":93,"column":3}},"21":{"start":{"line":92,"column":4},"end":{"line":92,"column":32}},"22":{"start":{"line":97,"column":22},"end":{"line":97,"column":41}},"23":{"start":{"line":100,"column":27},"end":{"line":100,"column":61}},"24":{"start":{"line":101,"column":20},"end":{"line":101,"column":60}},"25":{"start":{"line":102,"column":30},"end":{"line":102,"column":58}},"26":{"start":{"line":105,"column":2},"end":{"line":105,"column":61}},"27":{"start":{"line":117,"column":15},"end":{"line":117,"column":27}},"28":{"start":{"line":119,"column":2},"end":{"line":121,"column":3}},"29":{"start":{"line":120,"column":4},"end":{"line":120,"column":31}},"30":{"start":{"line":124,"column":2},"end":{"line":126,"column":3}},"31":{"start":{"line":125,"column":4},"end":{"line":125,"column":31}},"32":{"start":{"line":129,"column":23},"end":{"line":129,"column":68}},"33":{"start":{"line":129,"column":50},"end":{"line":129,"column":67}},"34":{"start":{"line":132,"column":22},"end":{"line":133,"column":null}},"35":{"start":{"line":133,"column":4},"end":{"line":133,"column":55}},"36":{"start":{"line":137,"column":26},"end":{"line":137,"column":76}},"37":{"start":{"line":137,"column":61},"end":{"line":137,"column":72}},"38":{"start":{"line":138,"column":19},"end":{"line":138,"column":66}},"39":{"start":{"line":139,"column":29},"end":{"line":139,"column":55}},"40":{"start":{"line":141,"column":2},"end":{"line":141,"column":59}},"41":{"start":{"line":153,"column":15},"end":{"line":153,"column":27}},"42":{"start":{"line":155,"column":2},"end":{"line":157,"column":3}},"43":{"start":{"line":156,"column":4},"end":{"line":156,"column":32}},"44":{"start":{"line":160,"column":2},"end":{"line":162,"column":3}},"45":{"start":{"line":161,"column":4},"end":{"line":161,"column":32}},"46":{"start":{"line":165,"column":23},"end":{"line":165,"column":68}},"47":{"start":{"line":165,"column":50},"end":{"line":165,"column":67}},"48":{"start":{"line":168,"column":23},"end":{"line":169,"column":null}},"49":{"start":{"line":169,"column":4},"end":{"line":169,"column":56}},"50":{"start":{"line":173,"column":27},"end":{"line":173,"column":80}},"51":{"start":{"line":173,"column":64},"end":{"line":173,"column":76}},"52":{"start":{"line":174,"column":20},"end":{"line":174,"column":68}},"53":{"start":{"line":175,"column":30},"end":{"line":175,"column":58}},"54":{"start":{"line":177,"column":2},"end":{"line":177,"column":61}},"55":{"start":{"line":201,"column":15},"end":{"line":201,"column":27}},"56":{"start":{"line":203,"column":2},"end":{"line":205,"column":3}},"57":{"start":{"line":204,"column":4},"end":{"line":204,"column":71}},"58":{"start":{"line":208,"column":12},"end":{"line":208,"column":46}},"59":{"start":{"line":211,"column":33},"end":{"line":219,"column":4}},"60":{"start":{"line":222,"column":2},"end":{"line":224,"column":3}},"61":{"start":{"line":223,"column":4},"end":{"line":223,"column":22}},"62":{"start":{"line":227,"column":23},"end":{"line":227,"column":68}},"63":{"start":{"line":227,"column":50},"end":{"line":227,"column":67}},"64":{"start":{"line":230,"column":23},"end":{"line":231,"column":null}},"65":{"start":{"line":231,"column":4},"end":{"line":231,"column":56}},"66":{"start":{"line":235,"column":27},"end":{"line":235,"column":80}},"67":{"start":{"line":235,"column":64},"end":{"line":235,"column":76}},"68":{"start":{"line":236,"column":20},"end":{"line":236,"column":68}},"69":{"start":{"line":237,"column":30},"end":{"line":237,"column":58}},"70":{"start":{"line":241,"column":17},"end":{"line":241,"column":50}},"71":{"start":{"line":244,"column":17},"end":{"line":244,"column":39}},"72":{"start":{"line":245,"column":21},"end":{"line":245,"column":30}},"73":{"start":{"line":247,"column":2},"end":{"line":265,"column":5}},"74":{"start":{"line":248,"column":24},"end":{"line":248,"column":43}},"75":{"start":{"line":249,"column":25},"end":{"line":249,"column":51}},"76":{"start":{"line":252,"column":24},"end":{"line":258,"column":null}},"77":{"start":{"line":261,"column":4},"end":{"line":261,"column":42}},"78":{"start":{"line":264,"column":4},"end":{"line":264,"column":51}},"79":{"start":{"line":267,"column":2},"end":{"line":267,"column":20}},"80":{"start":{"line":275,"column":21},"end":{"line":296,"column":11}},"81":{"start":{"line":301,"column":13},"end":{"line":305,"column":2}},"82":{"start":{"line":308,"column":24},"end":{"line":308,"column":28}},"83":{"start":{"line":309,"column":17},"end":{"line":309,"column":19}},"84":{"start":{"line":337,"column":2},"end":{"line":339,"column":3}},"85":{"start":{"line":338,"column":4},"end":{"line":338,"column":13}},"86":{"start":{"line":342,"column":2},"end":{"line":344,"column":3}},"87":{"start":{"line":343,"column":4},"end":{"line":343,"column":13}},"88":{"start":{"line":348,"column":29},"end":{"line":348,"column":71}},"89":{"start":{"line":352,"column":19},"end":{"line":352,"column":65}},"90":{"start":{"line":355,"column":15},"end":{"line":355,"column":44}},"91":{"start":{"line":358,"column":2},"end":{"line":358,"column":55}},"92":{"start":{"line":389,"column":2},"end":{"line":391,"column":3}},"93":{"start":{"line":390,"column":4},"end":{"line":390,"column":34}},"94":{"start":{"line":394,"column":2},"end":{"line":396,"column":3}},"95":{"start":{"line":395,"column":4},"end":{"line":395,"column":34}},"96":{"start":{"line":399,"column":2},"end":{"line":401,"column":3}},"97":{"start":{"line":400,"column":4},"end":{"line":400,"column":32}},"98":{"start":{"line":404,"column":2},"end":{"line":406,"column":3}},"99":{"start":{"line":405,"column":4},"end":{"line":405,"column":32}},"100":{"start":{"line":409,"column":2},"end":{"line":409,"column":35}},"101":{"start":{"line":427,"column":20},"end":{"line":427,"column":40}},"102":{"start":{"line":429,"column":2},"end":{"line":436,"column":3}},"103":{"start":{"line":430,"column":4},"end":{"line":435,"column":6}},"104":{"start":{"line":438,"column":2},"end":{"line":441,"column":4}}},"fnMap":{"0":{"name":"calculateSubtreeWidth","decl":{"start":{"line":41,"column":16},"end":{"line":41,"column":37}},"loc":{"start":{"line":44,"column":28},"end":{"line":67,"column":1}}},"1":{"name":"calculateSubtreeHeight","decl":{"start":{"line":79,"column":16},"end":{"line":79,"column":38}},"loc":{"start":{"line":82,"column":28},"end":{"line":106,"column":1}}},"2":{"name":"calculateFullSubtreeWidth","decl":{"start":{"line":112,"column":9},"end":{"line":112,"column":34}},"loc":{"start":{"line":115,"column":28},"end":{"line":142,"column":1}}},"3":{"name":"(anonymous_3)","decl":{"start":{"line":129,"column":40},"end":{"line":129,"column":46}},"loc":{"start":{"line":129,"column":50},"end":{"line":129,"column":67}}},"4":{"name":"(anonymous_4)","decl":{"start":{"line":132,"column":39},"end":{"line":132,"column":46}},"loc":{"start":{"line":133,"column":4},"end":{"line":133,"column":55}}},"5":{"name":"(anonymous_5)","decl":{"start":{"line":137,"column":45},"end":{"line":137,"column":46}},"loc":{"start":{"line":137,"column":61},"end":{"line":137,"column":72}}},"6":{"name":"calculateFullSubtreeHeight","decl":{"start":{"line":148,"column":9},"end":{"line":148,"column":35}},"loc":{"start":{"line":151,"column":28},"end":{"line":178,"column":1}}},"7":{"name":"(anonymous_7)","decl":{"start":{"line":165,"column":40},"end":{"line":165,"column":46}},"loc":{"start":{"line":165,"column":50},"end":{"line":165,"column":67}}},"8":{"name":"(anonymous_8)","decl":{"start":{"line":168,"column":40},"end":{"line":168,"column":47}},"loc":{"start":{"line":169,"column":4},"end":{"line":169,"column":56}}},"9":{"name":"(anonymous_9)","decl":{"start":{"line":173,"column":47},"end":{"line":173,"column":48}},"loc":{"start":{"line":173,"column":64},"end":{"line":173,"column":76}}},"10":{"name":"calculateNodePositions","decl":{"start":{"line":193,"column":16},"end":{"line":193,"column":38}},"loc":{"start":{"line":199,"column":28},"end":{"line":268,"column":1}}},"11":{"name":"(anonymous_11)","decl":{"start":{"line":227,"column":40},"end":{"line":227,"column":46}},"loc":{"start":{"line":227,"column":50},"end":{"line":227,"column":67}}},"12":{"name":"(anonymous_12)","decl":{"start":{"line":230,"column":40},"end":{"line":230,"column":47}},"loc":{"start":{"line":231,"column":4},"end":{"line":231,"column":56}}},"13":{"name":"(anonymous_13)","decl":{"start":{"line":235,"column":47},"end":{"line":235,"column":48}},"loc":{"start":{"line":235,"column":64},"end":{"line":235,"column":76}}},"14":{"name":"(anonymous_14)","decl":{"start":{"line":247,"column":23},"end":{"line":247,"column":24}},"loc":{"start":{"line":247,"column":42},"end":{"line":265,"column":3}}},"15":{"name":"calculateArrowBend","decl":{"start":{"line":331,"column":16},"end":{"line":331,"column":34}},"loc":{"start":{"line":334,"column":28},"end":{"line":359,"column":1}}},"16":{"name":"getArrowStyle","decl":{"start":{"line":383,"column":16},"end":{"line":383,"column":29}},"loc":{"start":{"line":383,"column":43},"end":{"line":410,"column":1}}},"17":{"name":"getArrowStyleWithHighlight","decl":{"start":{"line":418,"column":16},"end":{"line":418,"column":42}},"loc":{"start":{"line":420,"column":24},"end":{"line":442,"column":1}}}},"branchMap":{"0":{"loc":{"start":{"line":48,"column":2},"end":{"line":50,"column":3}},"type":"if","locations":[{"start":{"line":48,"column":2},"end":{"line":50,"column":3}},{"start":{},"end":{}}]},"1":{"loc":{"start":{"line":53,"column":2},"end":{"line":55,"column":3}},"type":"if","locations":[{"start":{"line":53,"column":2},"end":{"line":55,"column":3}},{"start":{},"end":{}}]},"2":{"loc":{"start":{"line":53,"column":6},"end":{"line":53,"column":48}},"type":"binary-expr","locations":[{"start":{"line":53,"column":6},"end":{"line":53,"column":19}},{"start":{"line":53,"column":23},"end":{"line":53,"column":48}}]},"3":{"loc":{"start":{"line":86,"column":2},"end":{"line":88,"column":3}},"type":"if","locations":[{"start":{"line":86,"column":2},"end":{"line":88,"column":3}},{"start":{},"end":{}}]},"4":{"loc":{"start":{"line":91,"column":2},"end":{"line":93,"column":3}},"type":"if","locations":[{"start":{"line":91,"column":2},"end":{"line":93,"column":3}},{"start":{},"end":{}}]},"5":{"loc":{"start":{"line":91,"column":6},"end":{"line":91,"column":48}},"type":"binary-expr","locations":[{"start":{"line":91,"column":6},"end":{"line":91,"column":19}},{"start":{"line":91,"column":23},"end":{"line":91,"column":48}}]},"6":{"loc":{"start":{"line":119,"column":2},"end":{"line":121,"column":3}},"type":"if","locations":[{"start":{"line":119,"column":2},"end":{"line":121,"column":3}},{"start":{},"end":{}}]},"7":{"loc":{"start":{"line":124,"column":2},"end":{"line":126,"column":3}},"type":"if","locations":[{"start":{"line":124,"column":2},"end":{"line":126,"column":3}},{"start":{},"end":{}}]},"8":{"loc":{"start":{"line":124,"column":6},"end":{"line":124,"column":48}},"type":"binary-expr","locations":[{"start":{"line":124,"column":6},"end":{"line":124,"column":19}},{"start":{"line":124,"column":23},"end":{"line":124,"column":48}}]},"9":{"loc":{"start":{"line":155,"column":2},"end":{"line":157,"column":3}},"type":"if","locations":[{"start":{"line":155,"column":2},"end":{"line":157,"column":3}},{"start":{},"end":{}}]},"10":{"loc":{"start":{"line":160,"column":2},"end":{"line":162,"column":3}},"type":"if","locations":[{"start":{"line":160,"column":2},"end":{"line":162,"column":3}},{"start":{},"end":{}}]},"11":{"loc":{"start":{"line":160,"column":6},"end":{"line":160,"column":48}},"type":"binary-expr","locations":[{"start":{"line":160,"column":6},"end":{"line":160,"column":19}},{"start":{"line":160,"column":23},"end":{"line":160,"column":48}}]},"12":{"loc":{"start":{"line":203,"column":2},"end":{"line":205,"column":3}},"type":"if","locations":[{"start":{"line":203,"column":2},"end":{"line":205,"column":3}},{"start":{},"end":{}}]},"13":{"loc":{"start":{"line":222,"column":2},"end":{"line":224,"column":3}},"type":"if","locations":[{"start":{"line":222,"column":2},"end":{"line":224,"column":3}},{"start":{},"end":{}}]},"14":{"loc":{"start":{"line":222,"column":6},"end":{"line":222,"column":48}},"type":"binary-expr","locations":[{"start":{"line":222,"column":6},"end":{"line":222,"column":19}},{"start":{"line":222,"column":23},"end":{"line":222,"column":48}}]},"15":{"loc":{"start":{"line":337,"column":2},"end":{"line":339,"column":3}},"type":"if","locations":[{"start":{"line":337,"column":2},"end":{"line":339,"column":3}},{"start":{},"end":{}}]},"16":{"loc":{"start":{"line":342,"column":2},"end":{"line":344,"column":3}},"type":"if","locations":[{"start":{"line":342,"column":2},"end":{"line":344,"column":3}},{"start":{},"end":{}}]},"17":{"loc":{"start":{"line":389,"column":2},"end":{"line":391,"column":3}},"type":"if","locations":[{"start":{"line":389,"column":2},"end":{"line":391,"column":3}},{"start":{},"end":{}}]},"18":{"loc":{"start":{"line":394,"column":2},"end":{"line":396,"column":3}},"type":"if","locations":[{"start":{"line":394,"column":2},"end":{"line":396,"column":3}},{"start":{},"end":{}}]},"19":{"loc":{"start":{"line":399,"column":2},"end":{"line":401,"column":3}},"type":"if","locations":[{"start":{"line":399,"column":2},"end":{"line":401,"column":3}},{"start":{},"end":{}}]},"20":{"loc":{"start":{"line":404,"column":2},"end":{"line":406,"column":3}},"type":"if","locations":[{"start":{"line":404,"column":2},"end":{"line":406,"column":3}},{"start":{},"end":{}}]},"21":{"loc":{"start":{"line":429,"column":2},"end":{"line":436,"column":3}},"type":"if","locations":[{"start":{"line":429,"column":2},"end":{"line":436,"column":3}},{"start":{},"end":{}}]}},"s":{"0":8,"1":8,"2":8,"3":8,"4":8,"5":8,"6":8,"7":0,"8":0,"9":0,"10":0,"11":0,"12":0,"13":0,"14":0,"15":0,"16":0,"17":0,"18":0,"19":0,"20":0,"21":0,"22":0,"23":0,"24":0,"25":0,"26":0,"27":0,"28":0,"29":0,"30":0,"31":0,"32":0,"33":0,"34":0,"35":0,"36":0,"37":0,"38":0,"39":0,"40":0,"41":13104,"42":13104,"43":0,"44":13104,"45":9243,"46":3861,"47":9126,"48":3861,"49":9126,"50":3861,"51":9126,"52":3861,"53":3861,"54":3861,"55":4095,"56":4095,"57":0,"58":4095,"59":4095,"60":4095,"61":2457,"62":1638,"63":3978,"64":1638,"65":3978,"66":1638,"67":3978,"68":1638,"69":1638,"70":1638,"71":1638,"72":1638,"73":1638,"74":3978,"75":3978,"76":3978,"77":3978,"78":3978,"79":1638,"80":8,"81":8,"82":8,"83":8,"84":8,"85":1,"86":7,"87":1,"88":6,"89":6,"90":6,"91":6,"92":18,"93":2,"94":16,"95":6,"96":10,"97":3,"98":7,"99":3,"100":4,"101":10,"102":10,"103":7,"104":3},"f":{"0":0,"1":0,"2":0,"3":0,"4":0,"5":0,"6":13104,"7":9126,"8":9126,"9":9126,"10":4095,"11":3978,"12":3978,"13":3978,"14":3978,"15":8,"16":18,"17":10},"b":{"0":[0,0],"1":[0,0],"2":[0,0],"3":[0,0],"4":[0,0],"5":[0,0],"6":[0,0],"7":[0,0],"8":[0,0],"9":[0,13104],"10":[9243,3861],"11":[13104,3861],"12":[0,4095],"13":[2457,1638],"14":[4095,1638],"15":[1,7],"16":[1,6],"17":[2,16],"18":[6,10],"19":[3,7],"20":[3,4],"21":[7,3]}}
,"C:\\Users\\kllkt\\Documents\\My Web Sites\\stat-tree\\utils\\viewSync.ts": {"path":"C:\\Users\\kllkt\\Documents\\My Web Sites\\stat-tree\\utils\\viewSync.ts","statementMap":{"0":{"start":{"line":32,"column":0},"end":{"line":32,"column":16}},"1":{"start":{"line":59,"column":0},"end":{"line":59,"column":16}},"2":{"start":{"line":83,"column":0},"end":{"line":83,"column":16}},"3":{"start":{"line":8,"column":0},"end":{"line":8,"column":57}},"4":{"start":{"line":34,"column":2},"end":{"line":39,"column":3}},"5":{"start":{"line":35,"column":4},"end":{"line":38,"column":6}},"6":{"start":{"line":42,"column":25},"end":{"line":42,"column":52}},"7":{"start":{"line":45,"column":26},"end":{"line":45,"column":67}},"8":{"start":{"line":47,"column":2},"end":{"line":50,"column":4}},"9":{"start":{"line":61,"column":2},"end":{"line":66,"column":3}},"10":{"start":{"line":62,"column":4},"end":{"line":65,"column":6}},"11":{"start":{"line":69,"column":18},"end":{"line":69,"column":59}},"12":{"start":{"line":71,"column":2},"end":{"line":74,"column":4}},"13":{"start":{"line":85,"column":2},"end":{"line":87,"column":3}},"14":{"start":{"line":86,"column":4},"end":{"line":86,"column":17}},"15":{"start":{"line":90,"column":2},"end":{"line":94,"column":3}},"16":{"start":{"line":90,"column":15},"end":{"line":90,"column":16}},"17":{"start":{"line":91,"column":4},"end":{"line":93,"column":5}},"18":{"start":{"line":92,"column":6},"end":{"line":92,"column":19}},"19":{"start":{"line":96,"column":2},"end":{"line":96,"column":14}}},"fnMap":{"0":{"name":"syncFlowToMap","decl":{"start":{"line":32,"column":16},"end":{"line":32,"column":29}},"loc":{"start":{"line":32,"column":63},"end":{"line":51,"column":1}}},"1":{"name":"syncMapToFlow","decl":{"start":{"line":59,"column":16},"end":{"line":59,"column":29}},"loc":{"start":{"line":59,"column":68},"end":{"line":75,"column":1}}},"2":{"name":"arePathsEqual","decl":{"start":{"line":83,"column":16},"end":{"line":83,"column":29}},"loc":{"start":{"line":83,"column":62},"end":{"line":97,"column":1}}}},"branchMap":{"0":{"loc":{"start":{"line":34,"column":2},"end":{"line":39,"column":3}},"type":"if","locations":[{"start":{"line":34,"column":2},"end":{"line":39,"column":3}},{"start":{},"end":{}}]},"1":{"loc":{"start":{"line":34,"column":6},"end":{"line":34,"column":38}},"type":"binary-expr","locations":[{"start":{"line":34,"column":6},"end":{"line":34,"column":14}},{"start":{"line":34,"column":18},"end":{"line":34,"column":38}}]},"2":{"loc":{"start":{"line":61,"column":2},"end":{"line":66,"column":3}},"type":"if","locations":[{"start":{"line":61,"column":2},"end":{"line":66,"column":3}},{"start":{},"end":{}}]},"3":{"loc":{"start":{"line":85,"column":2},"end":{"line":87,"column":3}},"type":"if","locations":[{"start":{"line":85,"column":2},"end":{"line":87,"column":3}},{"start":{},"end":{}}]},"4":{"loc":{"start":{"line":91,"column":4},"end":{"line":93,"column":5}},"type":"if","locations":[{"start":{"line":91,"column":4},"end":{"line":93,"column":5}},{"start":{},"end":{}}]}},"s":{"0":1,"1":1,"2":1,"3":1,"4":12,"5":1,"6":11,"7":11,"8":11,"9":11,"10":1,"11":10,"12":10,"13":8,"14":2,"15":6,"16":6,"17":11,"18":2,"19":4},"f":{"0":12,"1":11,"2":8},"b":{"0":[1,11],"1":[12,12],"2":[1,10],"3":[2,6],"4":[2,9]}}
}
