{"C:\\Users\\kllkt\\Documents\\My Web Sites\\stat-tree\\App.tsx": {"path":"C:\\Users\\kllkt\\Documents\\My Web Sites\\stat-tree\\App.tsx","statementMap":{"0":{"start":{"line":2,"column":0},"end":{"line":2,"column":31}},"1":{"start":{"line":3,"column":0},"end":{"line":3,"column":61}},"2":{"start":{"line":4,"column":0},"end":{"line":4,"column":null}},"3":{"start":{"line":13,"column":0},"end":{"line":13,"column":55}},"4":{"start":{"line":14,"column":0},"end":{"line":14,"column":35}},"5":{"start":{"line":15,"column":0},"end":{"line":15,"column":47}},"6":{"start":{"line":17,"column":0},"end":{"line":17,"column":51}},"7":{"start":{"line":18,"column":0},"end":{"line":18,"column":null}},"8":{"start":{"line":25,"column":0},"end":{"line":25,"column":51}},"9":{"start":{"line":26,"column":0},"end":{"line":26,"column":50}},"10":{"start":{"line":27,"column":0},"end":{"line":27,"column":null}},"11":{"start":{"line":44,"column":22},"end":{"line":44,"column":23}},"12":{"start":{"line":51,"column":52},"end":{"line":429,"column":1}},"13":{"start":{"line":52,"column":36},"end":{"line":52,"column":51}},"14":{"start":{"line":53,"column":20},"end":{"line":53,"column":47}},"15":{"start":{"line":54,"column":40},"end":{"line":54,"column":66}},"16":{"start":{"line":55,"column":46},"end":{"line":56,"column":null}},"17":{"start":{"line":59,"column":22},"end":{"line":334,"column":3}},"18":{"start":{"line":61,"column":4},"end":{"line":61,"column":31}},"19":{"start":{"line":64,"column":29},"end":{"line":67,"column":5}},"20":{"start":{"line":65,"column":21},"end":{"line":65,"column":46}},"21":{"start":{"line":66,"column":6},"end":{"line":66,"column":29}},"22":{"start":{"line":69,"column":4},"end":{"line":69,"column":41}},"23":{"start":{"line":70,"column":4},"end":{"line":70,"column":23}},"24":{"start":{"line":72,"column":26},"end":{"line":72,"column":28}},"25":{"start":{"line":73,"column":19},"end":{"line":73,"column":62}},"26":{"start":{"line":73,"column":35},"end":{"line":73,"column":62}},"27":{"start":{"line":76,"column":23},"end":{"line":119,"column":5}},"28":{"start":{"line":86,"column":22},"end":{"line":86,"column":32}},"29":{"start":{"line":89,"column":24},"end":{"line":89,"column":42}},"30":{"start":{"line":90,"column":6},"end":{"line":92,"column":7}},"31":{"start":{"line":91,"column":8},"end":{"line":91,"column":82}},"32":{"start":{"line":94,"column":6},"end":{"line":117,"column":9}},"33":{"start":{"line":118,"column":6},"end":{"line":118,"column":21}},"34":{"start":{"line":122,"column":33},"end":{"line":207,"column":5}},"35":{"start":{"line":130,"column":24},"end":{"line":130,"column":58}},"36":{"start":{"line":130,"column":41},"end":{"line":130,"column":57}},"37":{"start":{"line":131,"column":22},"end":{"line":131,"column":54}},"38":{"start":{"line":131,"column":39},"end":{"line":131,"column":53}},"39":{"start":{"line":133,"column":6},"end":{"line":135,"column":7}},"40":{"start":{"line":134,"column":8},"end":{"line":134,"column":15}},"41":{"start":{"line":139,"column":27},"end":{"line":139,"column":58}},"42":{"start":{"line":140,"column":28},"end":{"line":140,"column":63}},"43":{"start":{"line":141,"column":25},"end":{"line":141,"column":34}},"44":{"start":{"line":142,"column":27},"end":{"line":142,"column":58}},"45":{"start":{"line":145,"column":21},"end":{"line":145,"column":50}},"46":{"start":{"line":146,"column":19},"end":{"line":146,"column":40}},"47":{"start":{"line":149,"column":20},"end":{"line":149,"column":40}},"48":{"start":{"line":152,"column":21},"end":{"line":152,"column":73}},"49":{"start":{"line":156,"column":6},"end":{"line":169,"column":9}},"50":{"start":{"line":173,"column":6},"end":{"line":188,"column":7}},"51":{"start":{"line":174,"column":8},"end":{"line":187,"column":11}},"52":{"start":{"line":191,"column":6},"end":{"line":206,"column":9}},"53":{"start":{"line":210,"column":34},"end":{"line":293,"column":5}},"54":{"start":{"line":212,"column":6},"end":{"line":214,"column":7}},"55":{"start":{"line":213,"column":8},"end":{"line":213,"column":15}},"56":{"start":{"line":220,"column":18},"end":{"line":220,"column":24}},"57":{"start":{"line":221,"column":17},"end":{"line":221,"column":23}},"58":{"start":{"line":223,"column":6},"end":{"line":239,"column":7}},"59":{"start":{"line":225,"column":8},"end":{"line":225,"column":24}},"60":{"start":{"line":226,"column":8},"end":{"line":226,"column":23}},"61":{"start":{"line":227,"column":13},"end":{"line":239,"column":7}},"62":{"start":{"line":229,"column":8},"end":{"line":229,"column":23}},"63":{"start":{"line":230,"column":8},"end":{"line":230,"column":23}},"64":{"start":{"line":231,"column":13},"end":{"line":239,"column":7}},"65":{"start":{"line":233,"column":8},"end":{"line":233,"column":24}},"66":{"start":{"line":234,"column":8},"end":{"line":234,"column":23}},"67":{"start":{"line":235,"column":13},"end":{"line":239,"column":7}},"68":{"start":{"line":237,"column":8},"end":{"line":237,"column":25}},"69":{"start":{"line":238,"column":8},"end":{"line":238,"column":22}},"70":{"start":{"line":242,"column":23},"end":{"line":242,"column":69}},"71":{"start":{"line":245,"column":31},"end":{"line":245,"column":63}},"72":{"start":{"line":248,"column":25},"end":{"line":248,"column":72}},"73":{"start":{"line":251,"column":21},"end":{"line":259,"column":null}},"74":{"start":{"line":263,"column":6},"end":{"line":265,"column":7}},"75":{"start":{"line":264,"column":8},"end":{"line":264,"column":15}},"76":{"start":{"line":268,"column":6},"end":{"line":292,"column":7}},"77":{"start":{"line":269,"column":8},"end":{"line":291,"column":11}},"78":{"start":{"line":271,"column":10},"end":{"line":271,"column":49}},"79":{"start":{"line":274,"column":10},"end":{"line":290,"column":11}},"80":{"start":{"line":275,"column":32},"end":{"line":275,"column":48}},"81":{"start":{"line":278,"column":26},"end":{"line":280,"column":20}},"82":{"start":{"line":279,"column":21},"end":{"line":279,"column":48}},"83":{"start":{"line":282,"column":12},"end":{"line":289,"column":14}},"84":{"start":{"line":296,"column":4},"end":{"line":296,"column":66}},"85":{"start":{"line":300,"column":19},"end":{"line":306,"column":null}},"86":{"start":{"line":310,"column":4},"end":{"line":310,"column":34}},"87":{"start":{"line":313,"column":4},"end":{"line":313,"column":32}},"88":{"start":{"line":316,"column":4},"end":{"line":320,"column":12}},"89":{"start":{"line":317,"column":6},"end":{"line":319,"column":9}},"90":{"start":{"line":323,"column":4},"end":{"line":333,"column":7}},"91":{"start":{"line":324,"column":6},"end":{"line":332,"column":7}},"92":{"start":{"line":325,"column":25},"end":{"line":325,"column":51}},"93":{"start":{"line":326,"column":8},"end":{"line":331,"column":9}},"94":{"start":{"line":327,"column":24},"end":{"line":327,"column":42}},"95":{"start":{"line":328,"column":10},"end":{"line":330,"column":11}},"96":{"start":{"line":329,"column":12},"end":{"line":329,"column":43}},"97":{"start":{"line":337,"column":26},"end":{"line":341,"column":3}},"98":{"start":{"line":338,"column":4},"end":{"line":340,"column":5}},"99":{"start":{"line":339,"column":6},"end":{"line":339,"column":68}},"100":{"start":{"line":343,"column":23},"end":{"line":347,"column":3}},"101":{"start":{"line":344,"column":4},"end":{"line":346,"column":5}},"102":{"start":{"line":345,"column":6},"end":{"line":345,"column":33}},"103":{"start":{"line":349,"column":24},"end":{"line":353,"column":3}},"104":{"start":{"line":350,"column":4},"end":{"line":352,"column":5}},"105":{"start":{"line":351,"column":6},"end":{"line":351,"column":34}},"106":{"start":{"line":355,"column":24},"end":{"line":360,"column":3}},"107":{"start":{"line":356,"column":4},"end":{"line":359,"column":5}},"108":{"start":{"line":357,"column":6},"end":{"line":357,"column":45}},"109":{"start":{"line":358,"column":6},"end":{"line":358,"column":27}},"110":{"start":{"line":362,"column":2},"end":{"line":428,"column":4}},"111":{"start":{"line":399,"column":27},"end":{"line":399,"column":50}},"112":{"start":{"line":411,"column":27},"end":{"line":411,"column":48}},"113":{"start":{"line":433,"column":22},"end":{"line":730,"column":1}},"114":{"start":{"line":434,"column":32},"end":{"line":434,"column":61}},"115":{"start":{"line":435,"column":40},"end":{"line":435,"column":55}},"116":{"start":{"line":437,"column":34},"end":{"line":437,"column":72}},"117":{"start":{"line":439,"column":24},"end":{"line":439,"column":51}},"118":{"start":{"line":440,"column":36},"end":{"line":440,"column":82}},"119":{"start":{"line":442,"column":29},"end":{"line":444,"column":3}},"120":{"start":{"line":443,"column":4},"end":{"line":443,"column":46}},"121":{"start":{"line":443,"column":23},"end":{"line":443,"column":44}},"122":{"start":{"line":446,"column":23},"end":{"line":450,"column":3}},"123":{"start":{"line":447,"column":4},"end":{"line":449,"column":5}},"124":{"start":{"line":448,"column":6},"end":{"line":448,"column":44}},"125":{"start":{"line":448,"column":25},"end":{"line":448,"column":42}},"126":{"start":{"line":452,"column":22},"end":{"line":455,"column":3}},"127":{"start":{"line":453,"column":4},"end":{"line":453,"column":26}},"128":{"start":{"line":454,"column":4},"end":{"line":454,"column":31}},"129":{"start":{"line":457,"column":27},"end":{"line":460,"column":3}},"130":{"start":{"line":458,"column":4},"end":{"line":458,"column":30}},"131":{"start":{"line":459,"column":4},"end":{"line":459,"column":31}},"132":{"start":{"line":462,"column":22},"end":{"line":464,"column":15}},"133":{"start":{"line":463,"column":4},"end":{"line":463,"column":60}},"134":{"start":{"line":463,"column":29},"end":{"line":463,"column":58}},"135":{"start":{"line":466,"column":2},"end":{"line":729,"column":4}},"136":{"start":{"line":484,"column":31},"end":{"line":484,"column":49}},"137":{"start":{"line":491,"column":31},"end":{"line":491,"column":57}},"138":{"start":{"line":503,"column":31},"end":{"line":503,"column":49}},"139":{"start":{"line":509,"column":31},"end":{"line":509,"column":57}},"140":{"start":{"line":519,"column":35},"end":{"line":519,"column":55}},"141":{"start":{"line":534,"column":18},"end":{"line":534,"column":null}},"142":{"start":{"line":536,"column":37},"end":{"line":536,"column":79}},"143":{"start":{"line":536,"column":56},"end":{"line":536,"column":78}},"144":{"start":{"line":571,"column":20},"end":{"line":572,"column":null}},"145":{"start":{"line":573,"column":37},"end":{"line":573,"column":74}},"146":{"start":{"line":607,"column":22},"end":{"line":607,"column":39}},"147":{"start":{"line":626,"column":20},"end":{"line":627,"column":null}},"148":{"start":{"line":683,"column":69},"end":{"line":683,"column":90}},"149":{"start":{"line":693,"column":16},"end":{"line":693,"column":28}},"150":{"start":{"line":704,"column":29},"end":{"line":704,"column":50}},"151":{"start":{"line":732,"column":0},"end":{"line":732,"column":19}}},"fnMap":{"0":{"name":"(anonymous_9)","decl":{"start":{"line":51,"column":52},"end":{"line":51,"column":53}},"loc":{"start":{"line":51,"column":78},"end":{"line":429,"column":1}}},"1":{"name":"(anonymous_10)","decl":{"start":{"line":59,"column":22},"end":{"line":59,"column":23}},"loc":{"start":{"line":59,"column":41},"end":{"line":334,"column":3}}},"2":{"name":"(anonymous_11)","decl":{"start":{"line":64,"column":29},"end":{"line":64,"column":32}},"loc":{"start":{"line":64,"column":34},"end":{"line":67,"column":5}}},"3":{"name":"(anonymous_12)","decl":{"start":{"line":73,"column":19},"end":{"line":73,"column":20}},"loc":{"start":{"line":73,"column":35},"end":{"line":73,"column":62}}},"4":{"name":"(anonymous_13)","decl":{"start":{"line":76,"column":23},"end":{"line":76,"column":null}},"loc":{"start":{"line":85,"column":8},"end":{"line":119,"column":5}}},"5":{"name":"(anonymous_14)","decl":{"start":{"line":122,"column":33},"end":{"line":122,"column":null}},"loc":{"start":{"line":129,"column":14},"end":{"line":207,"column":5}}},"6":{"name":"(anonymous_15)","decl":{"start":{"line":130,"column":36},"end":{"line":130,"column":37}},"loc":{"start":{"line":130,"column":41},"end":{"line":130,"column":57}}},"7":{"name":"(anonymous_16)","decl":{"start":{"line":131,"column":34},"end":{"line":131,"column":35}},"loc":{"start":{"line":131,"column":39},"end":{"line":131,"column":53}}},"8":{"name":"(anonymous_17)","decl":{"start":{"line":210,"column":34},"end":{"line":210,"column":35}},"loc":{"start":{"line":210,"column":101},"end":{"line":293,"column":5}}},"9":{"name":"(anonymous_18)","decl":{"start":{"line":269,"column":36},"end":{"line":269,"column":37}},"loc":{"start":{"line":269,"column":53},"end":{"line":291,"column":9}}},"10":{"name":"(anonymous_19)","decl":{"start":{"line":279,"column":14},"end":{"line":279,"column":17}},"loc":{"start":{"line":279,"column":21},"end":{"line":279,"column":48}}},"11":{"name":"(anonymous_20)","decl":{"start":{"line":316,"column":15},"end":{"line":316,"column":18}},"loc":{"start":{"line":316,"column":20},"end":{"line":320,"column":5}}},"12":{"name":"(anonymous_21)","decl":{"start":{"line":323,"column":23},"end":{"line":323,"column":24}},"loc":{"start":{"line":323,"column":29},"end":{"line":333,"column":5}}},"13":{"name":"(anonymous_22)","decl":{"start":{"line":337,"column":26},"end":{"line":337,"column":29}},"loc":{"start":{"line":337,"column":31},"end":{"line":341,"column":3}}},"14":{"name":"(anonymous_23)","decl":{"start":{"line":343,"column":23},"end":{"line":343,"column":26}},"loc":{"start":{"line":343,"column":28},"end":{"line":347,"column":3}}},"15":{"name":"(anonymous_24)","decl":{"start":{"line":349,"column":24},"end":{"line":349,"column":27}},"loc":{"start":{"line":349,"column":29},"end":{"line":353,"column":3}}},"16":{"name":"(anonymous_25)","decl":{"start":{"line":355,"column":24},"end":{"line":355,"column":25}},"loc":{"start":{"line":355,"column":52},"end":{"line":360,"column":3}}},"17":{"name":"(anonymous_26)","decl":{"start":{"line":399,"column":21},"end":{"line":399,"column":24}},"loc":{"start":{"line":399,"column":27},"end":{"line":399,"column":50}}},"18":{"name":"(anonymous_27)","decl":{"start":{"line":411,"column":21},"end":{"line":411,"column":24}},"loc":{"start":{"line":411,"column":27},"end":{"line":411,"column":48}}},"19":{"name":"(anonymous_28)","decl":{"start":{"line":433,"column":22},"end":{"line":433,"column":25}},"loc":{"start":{"line":433,"column":27},"end":{"line":730,"column":1}}},"20":{"name":"(anonymous_29)","decl":{"start":{"line":442,"column":29},"end":{"line":442,"column":30}},"loc":{"start":{"line":442,"column":52},"end":{"line":444,"column":3}}},"21":{"name":"(anonymous_30)","decl":{"start":{"line":443,"column":15},"end":{"line":443,"column":19}},"loc":{"start":{"line":443,"column":23},"end":{"line":443,"column":44}}},"22":{"name":"(anonymous_31)","decl":{"start":{"line":446,"column":23},"end":{"line":446,"column":26}},"loc":{"start":{"line":446,"column":28},"end":{"line":450,"column":3}}},"23":{"name":"(anonymous_32)","decl":{"start":{"line":448,"column":17},"end":{"line":448,"column":21}},"loc":{"start":{"line":448,"column":25},"end":{"line":448,"column":42}}},"24":{"name":"(anonymous_33)","decl":{"start":{"line":452,"column":22},"end":{"line":452,"column":25}},"loc":{"start":{"line":452,"column":27},"end":{"line":455,"column":3}}},"25":{"name":"(anonymous_34)","decl":{"start":{"line":457,"column":27},"end":{"line":457,"column":28}},"loc":{"start":{"line":457,"column":42},"end":{"line":460,"column":3}}},"26":{"name":"(anonymous_35)","decl":{"start":{"line":462,"column":30},"end":{"line":462,"column":33}},"loc":{"start":{"line":462,"column":35},"end":{"line":464,"column":3}}},"27":{"name":"(anonymous_36)","decl":{"start":{"line":463,"column":23},"end":{"line":463,"column":25}},"loc":{"start":{"line":463,"column":29},"end":{"line":463,"column":58}}},"28":{"name":"(anonymous_37)","decl":{"start":{"line":484,"column":25},"end":{"line":484,"column":28}},"loc":{"start":{"line":484,"column":31},"end":{"line":484,"column":49}}},"29":{"name":"(anonymous_38)","decl":{"start":{"line":491,"column":25},"end":{"line":491,"column":28}},"loc":{"start":{"line":491,"column":31},"end":{"line":491,"column":57}}},"30":{"name":"(anonymous_39)","decl":{"start":{"line":503,"column":25},"end":{"line":503,"column":28}},"loc":{"start":{"line":503,"column":31},"end":{"line":503,"column":49}}},"31":{"name":"(anonymous_40)","decl":{"start":{"line":509,"column":25},"end":{"line":509,"column":28}},"loc":{"start":{"line":509,"column":31},"end":{"line":509,"column":57}}},"32":{"name":"(anonymous_41)","decl":{"start":{"line":519,"column":29},"end":{"line":519,"column":32}},"loc":{"start":{"line":519,"column":35},"end":{"line":519,"column":55}}},"33":{"name":"(anonymous_42)","decl":{"start":{"line":533,"column":33},"end":{"line":533,"column":34}},"loc":{"start":{"line":534,"column":18},"end":{"line":534,"column":null}}},"34":{"name":"(anonymous_43)","decl":{"start":{"line":536,"column":31},"end":{"line":536,"column":34}},"loc":{"start":{"line":536,"column":37},"end":{"line":536,"column":79}}},"35":{"name":"(anonymous_44)","decl":{"start":{"line":536,"column":48},"end":{"line":536,"column":52}},"loc":{"start":{"line":536,"column":56},"end":{"line":536,"column":78}}},"36":{"name":"(anonymous_45)","decl":{"start":{"line":570,"column":44},"end":{"line":570,"column":45}},"loc":{"start":{"line":571,"column":20},"end":{"line":572,"column":null}}},"37":{"name":"(anonymous_46)","decl":{"start":{"line":573,"column":31},"end":{"line":573,"column":34}},"loc":{"start":{"line":573,"column":37},"end":{"line":573,"column":74}}},"38":{"name":"(anonymous_47)","decl":{"start":{"line":606,"column":55},"end":{"line":606,"column":59}},"loc":{"start":{"line":607,"column":22},"end":{"line":607,"column":39}}},"39":{"name":"(anonymous_48)","decl":{"start":{"line":625,"column":51},"end":{"line":625,"column":52}},"loc":{"start":{"line":626,"column":20},"end":{"line":627,"column":null}}},"40":{"name":"(anonymous_49)","decl":{"start":{"line":683,"column":63},"end":{"line":683,"column":66}},"loc":{"start":{"line":683,"column":69},"end":{"line":683,"column":90}}},"41":{"name":"(anonymous_50)","decl":{"start":{"line":692,"column":20},"end":{"line":692,"column":21}},"loc":{"start":{"line":693,"column":16},"end":{"line":693,"column":28}}},"42":{"name":"(anonymous_51)","decl":{"start":{"line":704,"column":23},"end":{"line":704,"column":26}},"loc":{"start":{"line":704,"column":29},"end":{"line":704,"column":50}}}},"branchMap":{"0":{"loc":{"start":{"line":81,"column":6},"end":{"line":81,"column":28}},"type":"default-arg","locations":[{"start":{"line":81,"column":22},"end":{"line":81,"column":28}}]},"1":{"loc":{"start":{"line":82,"column":6},"end":{"line":82,"column":27}},"type":"default-arg","locations":[{"start":{"line":82,"column":21},"end":{"line":82,"column":27}}]},"2":{"loc":{"start":{"line":83,"column":6},"end":{"line":83,"column":35}},"type":"default-arg","locations":[{"start":{"line":83,"column":30},"end":{"line":83,"column":35}}]},"3":{"loc":{"start":{"line":84,"column":6},"end":{"line":84,"column":33}},"type":"default-arg","locations":[{"start":{"line":84,"column":28},"end":{"line":84,"column":33}}]},"4":{"loc":{"start":{"line":90,"column":6},"end":{"line":92,"column":7}},"type":"if","locations":[{"start":{"line":90,"column":6},"end":{"line":92,"column":7}},{"start":{},"end":{}}]},"5":{"loc":{"start":{"line":133,"column":6},"end":{"line":135,"column":7}},"type":"if","locations":[{"start":{"line":133,"column":6},"end":{"line":135,"column":7}},{"start":{},"end":{}}]},"6":{"loc":{"start":{"line":133,"column":10},"end":{"line":133,"column":32}},"type":"binary-expr","locations":[{"start":{"line":133,"column":10},"end":{"line":133,"column":20}},{"start":{"line":133,"column":24},"end":{"line":133,"column":32}}]},"7":{"loc":{"start":{"line":152,"column":29},"end":{"line":152,"column":50}},"type":"binary-expr","locations":[{"start":{"line":152,"column":29},"end":{"line":152,"column":39}},{"start":{"line":152,"column":43},"end":{"line":152,"column":50}}]},"8":{"loc":{"start":{"line":152,"column":54},"end":{"line":152,"column":71}},"type":"binary-expr","locations":[{"start":{"line":152,"column":54},"end":{"line":152,"column":62}},{"start":{"line":152,"column":66},"end":{"line":152,"column":71}}]},"9":{"loc":{"start":{"line":173,"column":6},"end":{"line":188,"column":7}},"type":"if","locations":[{"start":{"line":173,"column":6},"end":{"line":188,"column":7}},{"start":{},"end":{}}]},"10":{"loc":{"start":{"line":203,"column":16},"end":{"line":203,"column":27}},"type":"binary-expr","locations":[{"start":{"line":203,"column":16},"end":{"line":203,"column":21}},{"start":{"line":203,"column":25},"end":{"line":203,"column":27}}]},"11":{"loc":{"start":{"line":210,"column":59},"end":{"line":210,"column":91}},"type":"default-arg","locations":[{"start":{"line":210,"column":78},"end":{"line":210,"column":91}}]},"12":{"loc":{"start":{"line":212,"column":6},"end":{"line":214,"column":7}},"type":"if","locations":[{"start":{"line":212,"column":6},"end":{"line":214,"column":7}},{"start":{},"end":{}}]},"13":{"loc":{"start":{"line":223,"column":6},"end":{"line":239,"column":7}},"type":"if","locations":[{"start":{"line":223,"column":6},"end":{"line":239,"column":7}},{"start":{"line":227,"column":13},"end":{"line":239,"column":7}}]},"14":{"loc":{"start":{"line":227,"column":13},"end":{"line":239,"column":7}},"type":"if","locations":[{"start":{"line":227,"column":13},"end":{"line":239,"column":7}},{"start":{"line":231,"column":13},"end":{"line":239,"column":7}}]},"15":{"loc":{"start":{"line":231,"column":13},"end":{"line":239,"column":7}},"type":"if","locations":[{"start":{"line":231,"column":13},"end":{"line":239,"column":7}},{"start":{"line":235,"column":13},"end":{"line":239,"column":7}}]},"16":{"loc":{"start":{"line":235,"column":13},"end":{"line":239,"column":7}},"type":"if","locations":[{"start":{"line":235,"column":13},"end":{"line":239,"column":7}},{"start":{},"end":{}}]},"17":{"loc":{"start":{"line":242,"column":23},"end":{"line":242,"column":69}},"type":"binary-expr","locations":[{"start":{"line":242,"column":23},"end":{"line":242,"column":52}},{"start":{"line":242,"column":56},"end":{"line":242,"column":69}}]},"18":{"loc":{"start":{"line":263,"column":6},"end":{"line":265,"column":7}},"type":"if","locations":[{"start":{"line":263,"column":6},"end":{"line":265,"column":7}},{"start":{},"end":{}}]},"19":{"loc":{"start":{"line":268,"column":6},"end":{"line":292,"column":7}},"type":"if","locations":[{"start":{"line":268,"column":6},"end":{"line":292,"column":7}},{"start":{},"end":{}}]},"20":{"loc":{"start":{"line":274,"column":10},"end":{"line":290,"column":11}},"type":"if","locations":[{"start":{"line":274,"column":10},"end":{"line":290,"column":11}},{"start":{},"end":{}}]},"21":{"loc":{"start":{"line":324,"column":6},"end":{"line":332,"column":7}},"type":"if","locations":[{"start":{"line":324,"column":6},"end":{"line":332,"column":7}},{"start":{},"end":{}}]},"22":{"loc":{"start":{"line":326,"column":8},"end":{"line":331,"column":9}},"type":"if","locations":[{"start":{"line":326,"column":8},"end":{"line":331,"column":9}},{"start":{},"end":{}}]},"23":{"loc":{"start":{"line":328,"column":10},"end":{"line":330,"column":11}},"type":"if","locations":[{"start":{"line":328,"column":10},"end":{"line":330,"column":11}},{"start":{},"end":{}}]},"24":{"loc":{"start":{"line":328,"column":14},"end":{"line":328,"column":45}},"type":"binary-expr","locations":[{"start":{"line":328,"column":14},"end":{"line":328,"column":24}},{"start":{"line":328,"column":28},"end":{"line":328,"column":45}}]},"25":{"loc":{"start":{"line":338,"column":4},"end":{"line":340,"column":5}},"type":"if","locations":[{"start":{"line":338,"column":4},"end":{"line":340,"column":5}},{"start":{},"end":{}}]},"26":{"loc":{"start":{"line":344,"column":4},"end":{"line":346,"column":5}},"type":"if","locations":[{"start":{"line":344,"column":4},"end":{"line":346,"column":5}},{"start":{},"end":{}}]},"27":{"loc":{"start":{"line":350,"column":4},"end":{"line":352,"column":5}},"type":"if","locations":[{"start":{"line":350,"column":4},"end":{"line":352,"column":5}},{"start":{},"end":{}}]},"28":{"loc":{"start":{"line":356,"column":4},"end":{"line":359,"column":5}},"type":"if","locations":[{"start":{"line":356,"column":4},"end":{"line":359,"column":5}},{"start":{},"end":{}}]},"29":{"loc":{"start":{"line":401,"column":14},"end":{"line":403,"column":null}},"type":"cond-expr","locations":[{"start":{"line":402,"column":18},"end":{"line":402,"column":41}},{"start":{"line":403,"column":18},"end":{"line":403,"column":null}}]},"30":{"loc":{"start":{"line":413,"column":14},"end":{"line":415,"column":null}},"type":"cond-expr","locations":[{"start":{"line":414,"column":18},"end":{"line":414,"column":41}},{"start":{"line":415,"column":18},"end":{"line":415,"column":null}}]},"31":{"loc":{"start":{"line":440,"column":36},"end":{"line":440,"column":82}},"type":"binary-expr","locations":[{"start":{"line":440,"column":36},"end":{"line":440,"column":60}},{"start":{"line":440,"column":64},"end":{"line":440,"column":82}}]},"32":{"loc":{"start":{"line":447,"column":4},"end":{"line":449,"column":5}},"type":"if","locations":[{"start":{"line":447,"column":4},"end":{"line":449,"column":5}},{"start":{},"end":{}}]},"33":{"loc":{"start":{"line":463,"column":29},"end":{"line":463,"column":58}},"type":"binary-expr","locations":[{"start":{"line":463,"column":29},"end":{"line":463,"column":52}},{"start":{"line":463,"column":56},"end":{"line":463,"column":58}}]},"34":{"loc":{"start":{"line":485,"column":123},"end":{"line":485,"column":199}},"type":"cond-expr","locations":[{"start":{"line":485,"column":144},"end":{"line":485,"column":165}},{"start":{"line":485,"column":168},"end":{"line":485,"column":199}}]},"35":{"loc":{"start":{"line":492,"column":123},"end":{"line":492,"column":207}},"type":"cond-expr","locations":[{"start":{"line":492,"column":152},"end":{"line":492,"column":173}},{"start":{"line":492,"column":176},"end":{"line":492,"column":207}}]},"36":{"loc":{"start":{"line":504,"column":123},"end":{"line":504,"column":199}},"type":"cond-expr","locations":[{"start":{"line":504,"column":144},"end":{"line":504,"column":165}},{"start":{"line":504,"column":168},"end":{"line":504,"column":199}}]},"37":{"loc":{"start":{"line":510,"column":123},"end":{"line":510,"column":207}},"type":"cond-expr","locations":[{"start":{"line":510,"column":152},"end":{"line":510,"column":173}},{"start":{"line":510,"column":176},"end":{"line":510,"column":207}}]},"38":{"loc":{"start":{"line":528,"column":9},"end":{"line":669,"column":null}},"type":"cond-expr","locations":[{"start":{"line":529,"column":10},"end":{"line":643,"column":null}},{"start":{"line":647,"column":10},"end":{"line":668,"column":null}}]},"39":{"loc":{"start":{"line":531,"column":13},"end":{"line":544,"column":null}},"type":"binary-expr","locations":[{"start":{"line":531,"column":13},"end":{"line":531,"column":31}},{"start":{"line":532,"column":14},"end":{"line":543,"column":null}}]},"40":{"loc":{"start":{"line":537,"column":69},"end":{"line":537,"column":117}},"type":"cond-expr","locations":[{"start":{"line":537,"column":102},"end":{"line":537,"column":112}},{"start":{"line":537,"column":115},"end":{"line":537,"column":117}}]},"41":{"loc":{"start":{"line":541,"column":21},"end":{"line":541,"column":109}},"type":"binary-expr","locations":[{"start":{"line":541,"column":21},"end":{"line":541,"column":49}},{"start":{"line":541,"column":53},"end":{"line":541,"column":109}}]},"42":{"loc":{"start":{"line":548,"column":13},"end":{"line":642,"column":null}},"type":"cond-expr","locations":[{"start":{"line":549,"column":14},"end":{"line":589,"column":null}},{"start":{"line":593,"column":14},"end":{"line":641,"column":null}}]},"43":{"loc":{"start":{"line":551,"column":19},"end":{"line":557,"column":null}},"type":"binary-expr","locations":[{"start":{"line":551,"column":19},"end":{"line":551,"column":37}},{"start":{"line":552,"column":20},"end":{"line":556,"column":null}}]},"44":{"loc":{"start":{"line":562,"column":19},"end":{"line":565,"column":null}},"type":"binary-expr","locations":[{"start":{"line":562,"column":19},"end":{"line":562,"column":42}},{"start":{"line":563,"column":20},"end":{"line":564,"column":null}}]},"45":{"loc":{"start":{"line":582,"column":23},"end":{"line":585,"column":null}},"type":"binary-expr","locations":[{"start":{"line":582,"column":23},"end":{"line":582,"column":41}},{"start":{"line":583,"column":24},"end":{"line":584,"column":null}}]},"46":{"loc":{"start":{"line":631,"column":34},"end":{"line":631,"column":70}},"type":"binary-expr","locations":[{"start":{"line":631,"column":34},"end":{"line":631,"column":64}},{"start":{"line":631,"column":68},"end":{"line":631,"column":70}}]},"47":{"loc":{"start":{"line":681,"column":7},"end":{"line":710,"column":null}},"type":"binary-expr","locations":[{"start":{"line":681,"column":7},"end":{"line":681,"column":18}},{"start":{"line":682,"column":8},"end":{"line":709,"column":null}}]}},"s":{"0":0,"1":0,"2":0,"3":0,"4":0,"5":0,"6":0,"7":0,"8":0,"9":0,"10":0,"11":0,"12":0,"13":0,"14":0,"15":0,"16":0,"17":0,"18":0,"19":0,"20":0,"21":0,"22":0,"23":0,"24":0,"25":0,"26":0,"27":0,"28":0,"29":0,"30":0,"31":0,"32":0,"33":0,"34":0,"35":0,"36":0,"37":0,"38":0,"39":0,"40":0,"41":0,"42":0,"43":0,"44":0,"45":0,"46":0,"47":0,"48":0,"49":0,"50":0,"51":0,"52":0,"53":0,"54":0,"55":0,"56":0,"57":0,"58":0,"59":0,"60":0,"61":0,"62":0,"63":0,"64":0,"65":0,"66":0,"67":0,"68":0,"69":0,"70":0,"71":0,"72":0,"73":0,"74":0,"75":0,"76":0,"77":0,"78":0,"79":0,"80":0,"81":0,"82":0,"83":0,"84":0,"85":0,"86":0,"87":0,"88":0,"89":0,"90":0,"91":0,"92":0,"93":0,"94":0,"95":0,"96":0,"97":0,"98":0,"99":0,"100":0,"101":0,"102":0,"103":0,"104":0,"105":0,"106":0,"107":0,"108":0,"109":0,"110":0,"111":0,"112":0,"113":0,"114":0,"115":0,"116":0,"117":0,"118":0,"119":0,"120":0,"121":0,"122":0,"123":0,"124":0,"125":0,"126":0,"127":0,"128":0,"129":0,"130":0,"131":0,"132":0,"133":0,"134":0,"135":0,"136":0,"137":0,"138":0,"139":0,"140":0,"141":0,"142":0,"143":0,"144":0,"145":0,"146":0,"147":0,"148":0,"149":0,"150":0,"151":0},"f":{"0":0,"1":0,"2":0,"3":0,"4":0,"5":0,"6":0,"7":0,"8":0,"9":0,"10":0,"11":0,"12":0,"13":0,"14":0,"15":0,"16":0,"17":0,"18":0,"19":0,"20":0,"21":0,"22":0,"23":0,"24":0,"25":0,"26":0,"27":0,"28":0,"29":0,"30":0,"31":0,"32":0,"33":0,"34":0,"35":0,"36":0,"37":0,"38":0,"39":0,"40":0,"41":0,"42":0},"b":{"0":[0],"1":[0],"2":[0],"3":[0],"4":[0,0],"5":[0,0],"6":[0,0],"7":[0,0],"8":[0,0],"9":[0,0],"10":[0,0],"11":[0],"12":[0,0],"13":[0,0],"14":[0,0],"15":[0,0],"16":[0,0],"17":[0,0],"18":[0,0],"19":[0,0],"20":[0,0],"21":[0,0],"22":[0,0],"23":[0,0],"24":[0,0],"25":[0,0],"26":[0,0],"27":[0,0],"28":[0,0],"29":[0,0],"30":[0,0],"31":[0,0],"32":[0,0],"33":[0,0],"34":[0,0],"35":[0,0],"36":[0,0],"37":[0,0],"38":[0,0],"39":[0,0],"40":[0,0],"41":[0,0],"42":[0,0],"43":[0,0],"44":[0,0],"45":[0,0],"46":[0,0],"47":[0,0]}}
,"C:\\Users\\kllkt\\Documents\\My Web Sites\\stat-tree\\data.ts": {"path":"C:\\Users\\kllkt\\Documents\\My Web Sites\\stat-tree\\data.ts","statementMap":{"0":{"start":{"line":4,"column":13},"end":{"line":543,"column":2}}},"fnMap":{},"branchMap":{},"s":{"0":10},"f":{},"b":{}}
,"C:\\Users\\kllkt\\Documents\\My Web Sites\\stat-tree\\components\\ChatPanel.tsx": {"path":"C:\\Users\\kllkt\\Documents\\My Web Sites\\stat-tree\\components\\ChatPanel.tsx","statementMap":{"0":{"start":{"line":2,"column":0},"end":{"line":2,"column":59}},"1":{"start":{"line":3,"column":0},"end":{"line":3,"column":108}},"2":{"start":{"line":4,"column":0},"end":{"line":4,"column":59}},"3":{"start":{"line":19,"column":51},"end":{"line":208,"column":1}},"4":{"start":{"line":20,"column":30},"end":{"line":20,"column":45}},"5":{"start":{"line":21,"column":40},"end":{"line":21,"column":55}},"6":{"start":{"line":22,"column":28},"end":{"line":22,"column":40}},"7":{"start":{"line":23,"column":34},"end":{"line":28,"column":4}},"8":{"start":{"line":29,"column":36},"end":{"line":29,"column":51}},"9":{"start":{"line":30,"column":20},"end":{"line":30,"column":48}},"10":{"start":{"line":32,"column":2},"end":{"line":36,"column":28}},"11":{"start":{"line":33,"column":4},"end":{"line":35,"column":5}},"12":{"start":{"line":34,"column":6},"end":{"line":34,"column":67}},"13":{"start":{"line":38,"column":28},"end":{"line":93,"column":3}},"14":{"start":{"line":39,"column":4},"end":{"line":39,"column":23}},"15":{"start":{"line":40,"column":4},"end":{"line":40,"column":43}},"16":{"start":{"line":40,"column":36},"end":{"line":40,"column":43}},"17":{"start":{"line":42,"column":24},"end":{"line":42,"column":29}},"18":{"start":{"line":43,"column":4},"end":{"line":43,"column":17}},"19":{"start":{"line":44,"column":4},"end":{"line":44,"column":72}},"20":{"start":{"line":44,"column":24},"end":{"line":44,"column":70}},"21":{"start":{"line":45,"column":4},"end":{"line":45,"column":23}},"22":{"start":{"line":47,"column":4},"end":{"line":92,"column":5}},"23":{"start":{"line":49,"column":21},"end":{"line":49,"column":79}},"24":{"start":{"line":51,"column":6},"end":{"line":53,"column":7}},"25":{"start":{"line":52,"column":8},"end":{"line":52,"column":50}},"26":{"start":{"line":55,"column":17},"end":{"line":55,"column":47}},"27":{"start":{"line":58,"column":25},"end":{"line":63,"column":8}},"28":{"start":{"line":62,"column":60},"end":{"line":62,"column":66}},"29":{"start":{"line":65,"column":20},"end":{"line":65,"column":76}},"30":{"start":{"line":67,"column":21},"end":{"line":75,"column":104}},"31":{"start":{"line":77,"column":21},"end":{"line":77,"column":56}},"32":{"start":{"line":78,"column":23},"end":{"line":78,"column":38}},"33":{"start":{"line":79,"column":19},"end":{"line":79,"column":82}},"34":{"start":{"line":81,"column":6},"end":{"line":81,"column":62}},"35":{"start":{"line":81,"column":26},"end":{"line":81,"column":60}},"36":{"start":{"line":83,"column":6},"end":{"line":83,"column":42}},"37":{"start":{"line":84,"column":6},"end":{"line":89,"column":10}},"38":{"start":{"line":84,"column":26},"end":{"line":89,"column":8}},"39":{"start":{"line":91,"column":6},"end":{"line":91,"column":26}},"40":{"start":{"line":95,"column":2},"end":{"line":105,"column":3}},"41":{"start":{"line":96,"column":4},"end":{"line":104,"column":6}},"42":{"start":{"line":98,"column":23},"end":{"line":98,"column":38}},"43":{"start":{"line":107,"column":2},"end":{"line":207,"column":4}},"44":{"start":{"line":116,"column":33},"end":{"line":116,"column":61}},"45":{"start":{"line":119,"column":33},"end":{"line":119,"column":49}},"46":{"start":{"line":145,"column":14},"end":{"line":145,"column":27}},"47":{"start":{"line":161,"column":26},"end":{"line":162,"column":null}},"48":{"start":{"line":192,"column":31},"end":{"line":192,"column":55}},"49":{"start":{"line":19,"column":13},"end":{"line":19,"column":51}}},"fnMap":{"0":{"name":"(anonymous_9)","decl":{"start":{"line":19,"column":51},"end":{"line":19,"column":52}},"loc":{"start":{"line":19,"column":93},"end":{"line":208,"column":1}}},"1":{"name":"(anonymous_10)","decl":{"start":{"line":32,"column":12},"end":{"line":32,"column":15}},"loc":{"start":{"line":32,"column":17},"end":{"line":36,"column":3}}},"2":{"name":"(anonymous_11)","decl":{"start":{"line":38,"column":28},"end":{"line":38,"column":33}},"loc":{"start":{"line":38,"column":57},"end":{"line":93,"column":3}}},"3":{"name":"(anonymous_12)","decl":{"start":{"line":44,"column":16},"end":{"line":44,"column":20}},"loc":{"start":{"line":44,"column":24},"end":{"line":44,"column":70}}},"4":{"name":"(anonymous_13)","decl":{"start":{"line":62,"column":55},"end":{"line":62,"column":56}},"loc":{"start":{"line":62,"column":60},"end":{"line":62,"column":66}}},"5":{"name":"(anonymous_14)","decl":{"start":{"line":81,"column":18},"end":{"line":81,"column":22}},"loc":{"start":{"line":81,"column":26},"end":{"line":81,"column":60}}},"6":{"name":"(anonymous_15)","decl":{"start":{"line":84,"column":18},"end":{"line":84,"column":22}},"loc":{"start":{"line":84,"column":26},"end":{"line":89,"column":8}}},"7":{"name":"(anonymous_16)","decl":{"start":{"line":98,"column":17},"end":{"line":98,"column":20}},"loc":{"start":{"line":98,"column":23},"end":{"line":98,"column":38}}},"8":{"name":"(anonymous_17)","decl":{"start":{"line":116,"column":27},"end":{"line":116,"column":30}},"loc":{"start":{"line":116,"column":33},"end":{"line":116,"column":61}}},"9":{"name":"(anonymous_18)","decl":{"start":{"line":119,"column":27},"end":{"line":119,"column":30}},"loc":{"start":{"line":119,"column":33},"end":{"line":119,"column":49}}},"10":{"name":"(anonymous_19)","decl":{"start":{"line":144,"column":26},"end":{"line":144,"column":27}},"loc":{"start":{"line":145,"column":14},"end":{"line":145,"column":27}}},"11":{"name":"(anonymous_20)","decl":{"start":{"line":160,"column":41},"end":{"line":160,"column":42}},"loc":{"start":{"line":161,"column":26},"end":{"line":162,"column":null}}},"12":{"name":"(anonymous_21)","decl":{"start":{"line":192,"column":24},"end":{"line":192,"column":25}},"loc":{"start":{"line":192,"column":31},"end":{"line":192,"column":55}}}},"branchMap":{"0":{"loc":{"start":{"line":33,"column":4},"end":{"line":35,"column":5}},"type":"if","locations":[{"start":{"line":33,"column":4},"end":{"line":35,"column":5}},{"start":{},"end":{}}]},"1":{"loc":{"start":{"line":40,"column":4},"end":{"line":40,"column":43}},"type":"if","locations":[{"start":{"line":40,"column":4},"end":{"line":40,"column":43}},{"start":{},"end":{}}]},"2":{"loc":{"start":{"line":40,"column":8},"end":{"line":40,"column":34}},"type":"binary-expr","locations":[{"start":{"line":40,"column":8},"end":{"line":40,"column":21}},{"start":{"line":40,"column":25},"end":{"line":40,"column":34}}]},"3":{"loc":{"start":{"line":49,"column":21},"end":{"line":49,"column":79}},"type":"binary-expr","locations":[{"start":{"line":49,"column":21},"end":{"line":49,"column":40}},{"start":{"line":49,"column":44},"end":{"line":49,"column":79}}]},"4":{"loc":{"start":{"line":51,"column":6},"end":{"line":53,"column":7}},"type":"if","locations":[{"start":{"line":51,"column":6},"end":{"line":53,"column":7}},{"start":{},"end":{}}]},"5":{"loc":{"start":{"line":61,"column":10},"end":{"line":62,"column":85}},"type":"cond-expr","locations":[{"start":{"line":61,"column":31},"end":{"line":62,"column":80}},{"start":{"line":62,"column":83},"end":{"line":62,"column":85}}]},"6":{"loc":{"start":{"line":79,"column":19},"end":{"line":79,"column":82}},"type":"binary-expr","locations":[{"start":{"line":79,"column":19},"end":{"line":79,"column":34}},{"start":{"line":79,"column":38},"end":{"line":79,"column":82}}]},"7":{"loc":{"start":{"line":86,"column":14},"end":{"line":88,"column":96}},"type":"cond-expr","locations":[{"start":{"line":87,"column":12},"end":{"line":87,"column":123}},{"start":{"line":88,"column":12},"end":{"line":88,"column":96}}]},"8":{"loc":{"start":{"line":86,"column":14},"end":{"line":86,"column":73}},"type":"binary-expr","locations":[{"start":{"line":86,"column":14},"end":{"line":86,"column":36}},{"start":{"line":86,"column":40},"end":{"line":86,"column":73}}]},"9":{"loc":{"start":{"line":95,"column":2},"end":{"line":105,"column":3}},"type":"if","locations":[{"start":{"line":95,"column":2},"end":{"line":105,"column":3}},{"start":{},"end":{}}]},"10":{"loc":{"start":{"line":108,"column":93},"end":{"line":108,"column":127}},"type":"cond-expr","locations":[{"start":{"line":108,"column":107},"end":{"line":108,"column":113}},{"start":{"line":108,"column":116},"end":{"line":108,"column":127}}]},"11":{"loc":{"start":{"line":117,"column":13},"end":{"line":117,"column":76}},"type":"cond-expr","locations":[{"start":{"line":117,"column":27},"end":{"line":117,"column":50}},{"start":{"line":117,"column":53},"end":{"line":117,"column":76}}]},"12":{"loc":{"start":{"line":125,"column":7},"end":{"line":204,"column":null}},"type":"binary-expr","locations":[{"start":{"line":125,"column":7},"end":{"line":125,"column":19}},{"start":{"line":126,"column":8},"end":{"line":203,"column":null}}]},"13":{"loc":{"start":{"line":135,"column":13},"end":{"line":138,"column":null}},"type":"binary-expr","locations":[{"start":{"line":135,"column":13},"end":{"line":135,"column":31}},{"start":{"line":136,"column":14},"end":{"line":136,"column":null}}]},"14":{"loc":{"start":{"line":145,"column":55},"end":{"line":145,"column":104}},"type":"cond-expr","locations":[{"start":{"line":145,"column":77},"end":{"line":145,"column":88}},{"start":{"line":145,"column":91},"end":{"line":145,"column":104}}]},"15":{"loc":{"start":{"line":146,"column":85},"end":{"line":146,"column":150}},"type":"cond-expr","locations":[{"start":{"line":146,"column":107},"end":{"line":146,"column":128}},{"start":{"line":146,"column":131},"end":{"line":146,"column":150}}]},"16":{"loc":{"start":{"line":148,"column":21},"end":{"line":148,"column":81}},"type":"cond-expr","locations":[{"start":{"line":148,"column":43},"end":{"line":148,"column":61}},{"start":{"line":148,"column":64},"end":{"line":148,"column":81}}]},"17":{"loc":{"start":{"line":149,"column":80},"end":{"line":149,"column":122}},"type":"cond-expr","locations":[{"start":{"line":149,"column":102},"end":{"line":149,"column":111}},{"start":{"line":149,"column":114},"end":{"line":149,"column":122}}]},"18":{"loc":{"start":{"line":154,"column":19},"end":{"line":172,"column":null}},"type":"binary-expr","locations":[{"start":{"line":154,"column":19},"end":{"line":154,"column":30}},{"start":{"line":154,"column":34},"end":{"line":154,"column":56}},{"start":{"line":155,"column":20},"end":{"line":171,"column":null}}]},"19":{"loc":{"start":{"line":177,"column":13},"end":{"line":183,"column":null}},"type":"binary-expr","locations":[{"start":{"line":177,"column":13},"end":{"line":177,"column":22}},{"start":{"line":178,"column":14},"end":{"line":182,"column":null}}]},"20":{"loc":{"start":{"line":198,"column":24},"end":{"line":198,"column":50}},"type":"binary-expr","locations":[{"start":{"line":198,"column":24},"end":{"line":198,"column":33}},{"start":{"line":198,"column":37},"end":{"line":198,"column":50}}]}},"s":{"0":0,"1":0,"2":0,"3":0,"4":0,"5":0,"6":0,"7":0,"8":0,"9":0,"10":0,"11":0,"12":0,"13":0,"14":0,"15":0,"16":0,"17":0,"18":0,"19":0,"20":0,"21":0,"22":0,"23":0,"24":0,"25":0,"26":0,"27":0,"28":0,"29":0,"30":0,"31":0,"32":0,"33":0,"34":0,"35":0,"36":0,"37":0,"38":0,"39":0,"40":0,"41":0,"42":0,"43":0,"44":0,"45":0,"46":0,"47":0,"48":0,"49":0},"f":{"0":0,"1":0,"2":0,"3":0,"4":0,"5":0,"6":0,"7":0,"8":0,"9":0,"10":0,"11":0,"12":0},"b":{"0":[0,0],"1":[0,0],"2":[0,0],"3":[0,0],"4":[0,0],"5":[0,0],"6":[0,0],"7":[0,0],"8":[0,0],"9":[0,0],"10":[0,0],"11":[0,0],"12":[0,0],"13":[0,0],"14":[0,0],"15":[0,0],"16":[0,0],"17":[0,0],"18":[0,0,0],"19":[0,0],"20":[0,0]}}
,"C:\\Users\\kllkt\\Documents\\My Web Sites\\stat-tree\\components\\SASCard.tsx": {"path":"C:\\Users\\kllkt\\Documents\\My Web Sites\\stat-tree\\components\\SASCard.tsx","statementMap":{"0":{"start":{"line":2,"column":0},"end":{"line":2,"column":40}},"1":{"start":{"line":3,"column":0},"end":{"line":3,"column":49}},"2":{"start":{"line":12,"column":47},"end":{"line":59,"column":1}},"3":{"start":{"line":13,"column":30},"end":{"line":13,"column":45}},"4":{"start":{"line":15,"column":21},"end":{"line":19,"column":3}},"5":{"start":{"line":16,"column":4},"end":{"line":16,"column":40}},"6":{"start":{"line":17,"column":4},"end":{"line":17,"column":20}},"7":{"start":{"line":18,"column":4},"end":{"line":18,"column":45}},"8":{"start":{"line":18,"column":21},"end":{"line":18,"column":37}},"9":{"start":{"line":21,"column":2},"end":{"line":58,"column":4}},"10":{"start":{"line":28,"column":14},"end":{"line":28,"column":28}},"11":{"start":{"line":12,"column":13},"end":{"line":12,"column":47}}},"fnMap":{"0":{"name":"(anonymous_9)","decl":{"start":{"line":12,"column":47},"end":{"line":12,"column":48}},"loc":{"start":{"line":12,"column":92},"end":{"line":59,"column":1}}},"1":{"name":"(anonymous_10)","decl":{"start":{"line":15,"column":21},"end":{"line":15,"column":24}},"loc":{"start":{"line":15,"column":26},"end":{"line":19,"column":3}}},"2":{"name":"(anonymous_11)","decl":{"start":{"line":18,"column":15},"end":{"line":18,"column":18}},"loc":{"start":{"line":18,"column":21},"end":{"line":18,"column":37}}},"3":{"name":"(anonymous_12)","decl":{"start":{"line":27,"column":28},"end":{"line":27,"column":29}},"loc":{"start":{"line":28,"column":14},"end":{"line":28,"column":28}}}},"branchMap":{"0":{"loc":{"start":{"line":39,"column":11},"end":{"line":39,"column":60}},"type":"cond-expr","locations":[{"start":{"line":39,"column":20},"end":{"line":39,"column":39}},{"start":{"line":39,"column":42},"end":{"line":39,"column":60}}]},"1":{"loc":{"start":{"line":49,"column":7},"end":{"line":55,"column":null}},"type":"binary-expr","locations":[{"start":{"line":49,"column":7},"end":{"line":49,"column":18}},{"start":{"line":50,"column":8},"end":{"line":54,"column":null}}]}},"s":{"0":0,"1":0,"2":0,"3":0,"4":0,"5":0,"6":0,"7":0,"8":0,"9":0,"10":0,"11":0},"f":{"0":0,"1":0,"2":0,"3":0},"b":{"0":[0,0],"1":[0,0]}}
,"C:\\Users\\kllkt\\Documents\\My Web Sites\\stat-tree\\utils\\animations.ts": {"path":"C:\\Users\\kllkt\\Documents\\My Web Sites\\stat-tree\\utils\\animations.ts","statementMap":{"0":{"start":{"line":12,"column":0},"end":{"line":12,"column":58}},"1":{"start":{"line":22,"column":29},"end":{"line":24,"column":1}},"2":{"start":{"line":23,"column":2},"end":{"line":23,"column":52}},"3":{"start":{"line":22,"column":13},"end":{"line":22,"column":29}},"4":{"start":{"line":34,"column":35},"end":{"line":103,"column":1}},"5":{"start":{"line":40,"column":2},"end":{"line":40,"column":22}},"6":{"start":{"line":40,"column":15},"end":{"line":40,"column":22}},"7":{"start":{"line":43,"column":18},"end":{"line":43,"column":49}},"8":{"start":{"line":44,"column":16},"end":{"line":44,"column":40}},"9":{"start":{"line":46,"column":2},"end":{"line":46,"column":21}},"10":{"start":{"line":46,"column":14},"end":{"line":46,"column":21}},"11":{"start":{"line":49,"column":15},"end":{"line":49,"column":27}},"12":{"start":{"line":50,"column":2},"end":{"line":50,"column":57}},"13":{"start":{"line":50,"column":50},"end":{"line":50,"column":57}},"14":{"start":{"line":53,"column":19},"end":{"line":54,"column":null}},"15":{"start":{"line":54,"column":4},"end":{"line":54,"column":43}},"16":{"start":{"line":58,"column":22},"end":{"line":60,"column":33}},"17":{"start":{"line":59,"column":15},"end":{"line":59,"column":34}},"18":{"start":{"line":60,"column":17},"end":{"line":60,"column":32}},"19":{"start":{"line":62,"column":2},"end":{"line":62,"column":39}},"20":{"start":{"line":62,"column":32},"end":{"line":62,"column":39}},"21":{"start":{"line":65,"column":20},"end":{"line":65,"column":43}},"22":{"start":{"line":66,"column":22},"end":{"line":66,"column":61}},"23":{"start":{"line":68,"column":2},"end":{"line":68,"column":27}},"24":{"start":{"line":68,"column":20},"end":{"line":68,"column":27}},"25":{"start":{"line":71,"column":13},"end":{"line":71,"column":29}},"26":{"start":{"line":72,"column":13},"end":{"line":72,"column":29}},"27":{"start":{"line":73,"column":13},"end":{"line":73,"column":29}},"28":{"start":{"line":74,"column":13},"end":{"line":74,"column":29}},"29":{"start":{"line":77,"column":2},"end":{"line":85,"column":5}},"30":{"start":{"line":78,"column":14},"end":{"line":78,"column":42}},"31":{"start":{"line":79,"column":4},"end":{"line":84,"column":5}},"32":{"start":{"line":80,"column":6},"end":{"line":80,"column":36}},"33":{"start":{"line":81,"column":6},"end":{"line":81,"column":36}},"34":{"start":{"line":82,"column":6},"end":{"line":82,"column":36}},"35":{"start":{"line":83,"column":6},"end":{"line":83,"column":36}},"36":{"start":{"line":88,"column":18},"end":{"line":88,"column":21}},"37":{"start":{"line":89,"column":23},"end":{"line":94,"column":4}},"38":{"start":{"line":97,"column":2},"end":{"line":102,"column":5}},"39":{"start":{"line":34,"column":13},"end":{"line":34,"column":35}},"40":{"start":{"line":113,"column":32},"end":{"line":149,"column":1}},"41":{"start":{"line":119,"column":2},"end":{"line":119,"column":22}},"42":{"start":{"line":119,"column":15},"end":{"line":119,"column":22}},"43":{"start":{"line":122,"column":2},"end":{"line":122,"column":36}},"44":{"start":{"line":122,"column":29},"end":{"line":122,"column":36}},"45":{"start":{"line":125,"column":2},"end":{"line":132,"column":3}},"46":{"start":{"line":126,"column":30},"end":{"line":129,"column":7}},"47":{"start":{"line":126,"column":55},"end":{"line":129,"column":6}},"48":{"start":{"line":131,"column":4},"end":{"line":131,"column":43}},"49":{"start":{"line":135,"column":2},"end":{"line":148,"column":5}},"50":{"start":{"line":136,"column":4},"end":{"line":147,"column":19}},"51":{"start":{"line":137,"column":6},"end":{"line":146,"column":7}},"52":{"start":{"line":138,"column":8},"end":{"line":142,"column":12}},"53":{"start":{"line":145,"column":8},"end":{"line":145,"column":62}},"54":{"start":{"line":113,"column":13},"end":{"line":113,"column":32}},"55":{"start":{"line":157,"column":31},"end":{"line":204,"column":1}},"56":{"start":{"line":167,"column":2},"end":{"line":176,"column":3}},"57":{"start":{"line":168,"column":4},"end":{"line":175,"column":6}},"58":{"start":{"line":178,"column":17},"end":{"line":197,"column":4}},"59":{"start":{"line":179,"column":24},"end":{"line":184,"column":6}},"60":{"start":{"line":186,"column":4},"end":{"line":191,"column":6}},"61":{"start":{"line":199,"column":2},"end":{"line":203,"column":4}},"62":{"start":{"line":157,"column":13},"end":{"line":157,"column":31}},"63":{"start":{"line":213,"column":34},"end":{"line":223,"column":1}},"64":{"start":{"line":217,"column":2},"end":{"line":222,"column":4}},"65":{"start":{"line":213,"column":13},"end":{"line":213,"column":34}}},"fnMap":{"0":{"name":"(anonymous_0)","decl":{"start":{"line":22,"column":29},"end":{"line":22,"column":30}},"loc":{"start":{"line":22,"column":51},"end":{"line":24,"column":1}}},"1":{"name":"(anonymous_1)","decl":{"start":{"line":34,"column":35},"end":{"line":34,"column":null}},"loc":{"start":{"line":38,"column":10},"end":{"line":103,"column":1}}},"2":{"name":"(anonymous_2)","decl":{"start":{"line":53,"column":36},"end":{"line":53,"column":39}},"loc":{"start":{"line":54,"column":4},"end":{"line":54,"column":43}}},"3":{"name":"(anonymous_3)","decl":{"start":{"line":59,"column":9},"end":{"line":59,"column":11}},"loc":{"start":{"line":59,"column":15},"end":{"line":59,"column":34}}},"4":{"name":"(anonymous_4)","decl":{"start":{"line":60,"column":12},"end":{"line":60,"column":13}},"loc":{"start":{"line":60,"column":17},"end":{"line":60,"column":32}}},"5":{"name":"(anonymous_5)","decl":{"start":{"line":77,"column":29},"end":{"line":77,"column":30}},"loc":{"start":{"line":77,"column":33},"end":{"line":85,"column":3}}},"6":{"name":"(anonymous_6)","decl":{"start":{"line":113,"column":32},"end":{"line":113,"column":null}},"loc":{"start":{"line":117,"column":10},"end":{"line":149,"column":1}}},"7":{"name":"(anonymous_7)","decl":{"start":{"line":126,"column":45},"end":{"line":126,"column":50}},"loc":{"start":{"line":126,"column":55},"end":{"line":129,"column":6}}},"8":{"name":"(anonymous_8)","decl":{"start":{"line":135,"column":19},"end":{"line":135,"column":20}},"loc":{"start":{"line":135,"column":33},"end":{"line":148,"column":3}}},"9":{"name":"(anonymous_9)","decl":{"start":{"line":136,"column":15},"end":{"line":136,"column":18}},"loc":{"start":{"line":136,"column":20},"end":{"line":147,"column":5}}},"10":{"name":"(anonymous_10)","decl":{"start":{"line":157,"column":31},"end":{"line":157,"column":null}},"loc":{"start":{"line":166,"column":4},"end":{"line":204,"column":1}}},"11":{"name":"(anonymous_11)","decl":{"start":{"line":178,"column":31},"end":{"line":178,"column":32}},"loc":{"start":{"line":178,"column":46},"end":{"line":192,"column":3}}},"12":{"name":"(anonymous_12)","decl":{"start":{"line":213,"column":34},"end":{"line":213,"column":null}},"loc":{"start":{"line":216,"column":52},"end":{"line":223,"column":1}}}},"branchMap":{"0":{"loc":{"start":{"line":23,"column":9},"end":{"line":23,"column":51}},"type":"cond-expr","locations":[{"start":{"line":23,"column":19},"end":{"line":23,"column":28}},{"start":{"line":23,"column":31},"end":{"line":23,"column":51}}]},"1":{"loc":{"start":{"line":40,"column":2},"end":{"line":40,"column":22}},"type":"if","locations":[{"start":{"line":40,"column":2},"end":{"line":40,"column":22}},{"start":{},"end":{}}]},"2":{"loc":{"start":{"line":46,"column":2},"end":{"line":46,"column":21}},"type":"if","locations":[{"start":{"line":46,"column":2},"end":{"line":46,"column":21}},{"start":{},"end":{}}]},"3":{"loc":{"start":{"line":50,"column":2},"end":{"line":50,"column":57}},"type":"if","locations":[{"start":{"line":50,"column":2},"end":{"line":50,"column":57}},{"start":{},"end":{}}]},"4":{"loc":{"start":{"line":50,"column":6},"end":{"line":50,"column":48}},"type":"binary-expr","locations":[{"start":{"line":50,"column":6},"end":{"line":50,"column":19}},{"start":{"line":50,"column":23},"end":{"line":50,"column":48}}]},"5":{"loc":{"start":{"line":62,"column":2},"end":{"line":62,"column":39}},"type":"if","locations":[{"start":{"line":62,"column":2},"end":{"line":62,"column":39}},{"start":{},"end":{}}]},"6":{"loc":{"start":{"line":68,"column":2},"end":{"line":68,"column":27}},"type":"if","locations":[{"start":{"line":68,"column":2},"end":{"line":68,"column":27}},{"start":{},"end":{}}]},"7":{"loc":{"start":{"line":79,"column":4},"end":{"line":84,"column":5}},"type":"if","locations":[{"start":{"line":79,"column":4},"end":{"line":84,"column":5}},{"start":{},"end":{}}]},"8":{"loc":{"start":{"line":119,"column":2},"end":{"line":119,"column":22}},"type":"if","locations":[{"start":{"line":119,"column":2},"end":{"line":119,"column":22}},{"start":{},"end":{}}]},"9":{"loc":{"start":{"line":122,"column":2},"end":{"line":122,"column":36}},"type":"if","locations":[{"start":{"line":122,"column":2},"end":{"line":122,"column":36}},{"start":{},"end":{}}]},"10":{"loc":{"start":{"line":125,"column":2},"end":{"line":132,"column":3}},"type":"if","locations":[{"start":{"line":125,"column":2},"end":{"line":132,"column":3}},{"start":{},"end":{}}]},"11":{"loc":{"start":{"line":125,"column":6},"end":{"line":125,"column":41}},"type":"binary-expr","locations":[{"start":{"line":125,"column":6},"end":{"line":125,"column":16}},{"start":{"line":125,"column":20},"end":{"line":125,"column":41}}]},"12":{"loc":{"start":{"line":167,"column":2},"end":{"line":176,"column":3}},"type":"if","locations":[{"start":{"line":167,"column":2},"end":{"line":176,"column":3}},{"start":{},"end":{}}]}},"s":{"0":1,"1":1,"2":7,"3":1,"4":1,"5":0,"6":0,"7":0,"8":0,"9":0,"10":0,"11":0,"12":0,"13":0,"14":0,"15":0,"16":0,"17":0,"18":0,"19":0,"20":0,"21":0,"22":0,"23":0,"24":0,"25":0,"26":0,"27":0,"28":0,"29":0,"30":0,"31":0,"32":0,"33":0,"34":0,"35":0,"36":0,"37":0,"38":0,"39":1,"40":1,"41":0,"42":0,"43":0,"44":0,"45":0,"46":0,"47":0,"48":0,"49":0,"50":0,"51":0,"52":0,"53":0,"54":1,"55":1,"56":7,"57":1,"58":6,"59":13,"60":13,"61":6,"62":1,"63":1,"64":6,"65":1},"f":{"0":7,"1":0,"2":0,"3":0,"4":0,"5":0,"6":0,"7":0,"8":0,"9":0,"10":7,"11":13,"12":6},"b":{"0":[3,4],"1":[0,0],"2":[0,0],"3":[0,0],"4":[0,0],"5":[0,0],"6":[0,0],"7":[0,0],"8":[0,0],"9":[0,0],"10":[0,0],"11":[0,0],"12":[1,6]}}
,"C:\\Users\\kllkt\\Documents\\My Web Sites\\stat-tree\\utils\\breadcrumbTrail.ts": {"path":"C:\\Users\\kllkt\\Documents\\My Web Sites\\stat-tree\\utils\\breadcrumbTrail.ts","statementMap":{"0":{"start":{"line":16,"column":0},"end":{"line":16,"column":16}},"1":{"start":{"line":57,"column":0},"end":{"line":57,"column":16}},"2":{"start":{"line":96,"column":0},"end":{"line":96,"column":16}},"3":{"start":{"line":17,"column":25},"end":{"line":17,"column":34}},"4":{"start":{"line":18,"column":18},"end":{"line":18,"column":25}},"5":{"start":{"line":21,"column":2},"end":{"line":45,"column":3}},"6":{"start":{"line":22,"column":24},"end":{"line":22,"column":39}},"7":{"start":{"line":25,"column":4},"end":{"line":27,"column":5}},"8":{"start":{"line":26,"column":6},"end":{"line":26,"column":12}},"9":{"start":{"line":30,"column":29},"end":{"line":30,"column":34}},"10":{"start":{"line":31,"column":4},"end":{"line":39,"column":5}},"11":{"start":{"line":32,"column":22},"end":{"line":32,"column":39}},"12":{"start":{"line":33,"column":6},"end":{"line":38,"column":7}},"13":{"start":{"line":34,"column":8},"end":{"line":34,"column":27}},"14":{"start":{"line":35,"column":8},"end":{"line":35,"column":28}},"15":{"start":{"line":36,"column":8},"end":{"line":36,"column":34}},"16":{"start":{"line":37,"column":8},"end":{"line":37,"column":14}},"17":{"start":{"line":42,"column":4},"end":{"line":44,"column":5}},"18":{"start":{"line":43,"column":6},"end":{"line":43,"column":12}},"19":{"start":{"line":47,"column":2},"end":{"line":47,"column":14}},"20":{"start":{"line":63,"column":23},"end":{"line":63,"column":43}},"21":{"start":{"line":66,"column":2},"end":{"line":68,"column":3}},"22":{"start":{"line":67,"column":4},"end":{"line":67,"column":17}},"23":{"start":{"line":71,"column":2},"end":{"line":73,"column":3}},"24":{"start":{"line":72,"column":4},"end":{"line":72,"column":17}},"25":{"start":{"line":76,"column":26},"end":{"line":76,"column":54}},"26":{"start":{"line":79,"column":27},"end":{"line":79,"column":55}},"27":{"start":{"line":80,"column":2},"end":{"line":82,"column":5}},"28":{"start":{"line":81,"column":4},"end":{"line":81,"column":32}},"29":{"start":{"line":84,"column":2},"end":{"line":87,"column":4}},"30":{"start":{"line":97,"column":2},"end":{"line":99,"column":3}},"31":{"start":{"line":98,"column":4},"end":{"line":98,"column":14}},"32":{"start":{"line":101,"column":2},"end":{"line":103,"column":3}},"33":{"start":{"line":102,"column":4},"end":{"line":102,"column":16}},"34":{"start":{"line":105,"column":2},"end":{"line":105,"column":46}}},"fnMap":{"0":{"name":"getExpandedPath","decl":{"start":{"line":16,"column":16},"end":{"line":16,"column":31}},"loc":{"start":{"line":16,"column":69},"end":{"line":48,"column":1}}},"1":{"name":"handleBreadcrumbClick","decl":{"start":{"line":57,"column":16},"end":{"line":57,"column":37}},"loc":{"start":{"line":60,"column":23},"end":{"line":88,"column":1}}},"2":{"name":"(anonymous_2)","decl":{"start":{"line":80,"column":26},"end":{"line":80,"column":28}},"loc":{"start":{"line":80,"column":31},"end":{"line":82,"column":3}}},"3":{"name":"truncateBreadcrumbText","decl":{"start":{"line":96,"column":16},"end":{"line":96,"column":38}},"loc":{"start":{"line":96,"column":75},"end":{"line":106,"column":1}}}},"branchMap":{"0":{"loc":{"start":{"line":25,"column":4},"end":{"line":27,"column":5}},"type":"if","locations":[{"start":{"line":25,"column":4},"end":{"line":27,"column":5}},{"start":{},"end":{}}]},"1":{"loc":{"start":{"line":25,"column":8},"end":{"line":25,"column":80}},"type":"binary-expr","locations":[{"start":{"line":25,"column":8},"end":{"line":25,"column":20}},{"start":{"line":25,"column":24},"end":{"line":25,"column":44}},{"start":{"line":25,"column":48},"end":{"line":25,"column":80}}]},"2":{"loc":{"start":{"line":33,"column":6},"end":{"line":38,"column":7}},"type":"if","locations":[{"start":{"line":33,"column":6},"end":{"line":38,"column":7}},{"start":{},"end":{}}]},"3":{"loc":{"start":{"line":42,"column":4},"end":{"line":44,"column":5}},"type":"if","locations":[{"start":{"line":42,"column":4},"end":{"line":44,"column":5}},{"start":{},"end":{}}]},"4":{"loc":{"start":{"line":66,"column":2},"end":{"line":68,"column":3}},"type":"if","locations":[{"start":{"line":66,"column":2},"end":{"line":68,"column":3}},{"start":{},"end":{}}]},"5":{"loc":{"start":{"line":71,"column":2},"end":{"line":73,"column":3}},"type":"if","locations":[{"start":{"line":71,"column":2},"end":{"line":73,"column":3}},{"start":{},"end":{}}]},"6":{"loc":{"start":{"line":96,"column":53},"end":{"line":96,"column":75}},"type":"default-arg","locations":[{"start":{"line":96,"column":73},"end":{"line":96,"column":75}}]},"7":{"loc":{"start":{"line":97,"column":2},"end":{"line":99,"column":3}},"type":"if","locations":[{"start":{"line":97,"column":2},"end":{"line":99,"column":3}},{"start":{},"end":{}}]},"8":{"loc":{"start":{"line":101,"column":2},"end":{"line":103,"column":3}},"type":"if","locations":[{"start":{"line":101,"column":2},"end":{"line":103,"column":3}},{"start":{},"end":{}}]}},"s":{"0":1,"1":1,"2":1,"3":13,"4":13,"5":13,"6":36,"7":36,"8":2,"9":34,"10":34,"11":54,"12":54,"13":24,"14":24,"15":24,"16":24,"17":34,"18":10,"19":13,"20":10,"21":10,"22":1,"23":9,"24":1,"25":8,"26":8,"27":8,"28":14,"29":8,"30":7,"31":1,"32":6,"33":3,"34":3},"f":{"0":13,"1":10,"2":14,"3":7},"b":{"0":[2,34],"1":[36,36,34],"2":[24,30],"3":[10,24],"4":[1,9],"5":[1,8],"6":[1],"7":[1,6],"8":[3,3]}}
,"C:\\Users\\kllkt\\Documents\\My Web Sites\\stat-tree\\utils\\edgeCaseHandling.ts": {"path":"C:\\Users\\kllkt\\Documents\\My Web Sites\\stat-tree\\utils\\edgeCaseHandling.ts","statementMap":{"0":{"start":{"line":17,"column":0},"end":{"line":17,"column":16}},"1":{"start":{"line":42,"column":0},"end":{"line":42,"column":16}},"2":{"start":{"line":83,"column":0},"end":{"line":83,"column":16}},"3":{"start":{"line":114,"column":0},"end":{"line":114,"column":16}},"4":{"start":{"line":8,"column":0},"end":{"line":8,"column":53}},"5":{"start":{"line":22,"column":17},"end":{"line":22,"column":39}},"6":{"start":{"line":25,"column":2},"end":{"line":25,"column":24}},"7":{"start":{"line":28,"column":22},"end":{"line":28,"column":53}},"8":{"start":{"line":29,"column":2},"end":{"line":31,"column":5}},"9":{"start":{"line":30,"column":4},"end":{"line":30,"column":32}},"10":{"start":{"line":33,"column":2},"end":{"line":33,"column":16}},"11":{"start":{"line":46,"column":41},"end":{"line":46,"column":45}},"12":{"start":{"line":48,"column":2},"end":{"line":59,"column":4}},"13":{"start":{"line":50,"column":4},"end":{"line":52,"column":5}},"14":{"start":{"line":51,"column":6},"end":{"line":51,"column":30}},"15":{"start":{"line":55,"column":4},"end":{"line":58,"column":14}},"16":{"start":{"line":56,"column":6},"end":{"line":56,"column":18}},"17":{"start":{"line":57,"column":6},"end":{"line":57,"column":23}},"18":{"start":{"line":94,"column":25},"end":{"line":94,"column":63}},"19":{"start":{"line":95,"column":24},"end":{"line":95,"column":62}},"20":{"start":{"line":96,"column":25},"end":{"line":96,"column":63}},"21":{"start":{"line":97,"column":25},"end":{"line":97,"column":63}},"22":{"start":{"line":100,"column":2},"end":{"line":102,"column":3}},"23":{"start":{"line":101,"column":4},"end":{"line":101,"column":17}},"24":{"start":{"line":104,"column":2},"end":{"line":104,"column":14}},"25":{"start":{"line":120,"column":2},"end":{"line":131,"column":3}},"26":{"start":{"line":123,"column":6},"end":{"line":126,"column":44}},"27":{"start":{"line":128,"column":4},"end":{"line":130,"column":5}},"28":{"start":{"line":129,"column":6},"end":{"line":129,"column":28}},"29":{"start":{"line":134,"column":24},"end":{"line":134,"column":43}},"30":{"start":{"line":135,"column":24},"end":{"line":135,"column":43}},"31":{"start":{"line":138,"column":18},"end":{"line":138,"column":43}},"32":{"start":{"line":139,"column":18},"end":{"line":139,"column":43}},"33":{"start":{"line":140,"column":18},"end":{"line":140,"column":43}},"34":{"start":{"line":141,"column":18},"end":{"line":141,"column":43}},"35":{"start":{"line":143,"column":2},"end":{"line":153,"column":4}}},"fnMap":{"0":{"name":"cascadeCollapseDescendants","decl":{"start":{"line":17,"column":16},"end":{"line":17,"column":42}},"loc":{"start":{"line":20,"column":16},"end":{"line":34,"column":1}}},"1":{"name":"(anonymous_1)","decl":{"start":{"line":29,"column":22},"end":{"line":29,"column":34}},"loc":{"start":{"line":29,"column":37},"end":{"line":31,"column":3}}},"2":{"name":"createDebouncer","decl":{"start":{"line":42,"column":16},"end":{"line":42,"column":31}},"loc":{"start":{"line":44,"column":15},"end":{"line":60,"column":1}}},"3":{"name":"(anonymous_3)","decl":{"start":{"line":48,"column":9},"end":{"line":48,"column":18}},"loc":{"start":{"line":48,"column":40},"end":{"line":59,"column":3}}},"4":{"name":"(anonymous_4)","decl":{"start":{"line":55,"column":27},"end":{"line":55,"column":30}},"loc":{"start":{"line":55,"column":32},"end":{"line":58,"column":5}}},"5":{"name":"isWithinViewport","decl":{"start":{"line":83,"column":16},"end":{"line":83,"column":32}},"loc":{"start":{"line":85,"column":24},"end":{"line":105,"column":1}}},"6":{"name":"ensureNodeInViewport","decl":{"start":{"line":114,"column":16},"end":{"line":114,"column":36}},"loc":{"start":{"line":117,"column":23},"end":{"line":154,"column":1}}}},"branchMap":{"0":{"loc":{"start":{"line":50,"column":4},"end":{"line":52,"column":5}},"type":"if","locations":[{"start":{"line":50,"column":4},"end":{"line":52,"column":5}},{"start":{},"end":{}}]},"1":{"loc":{"start":{"line":100,"column":2},"end":{"line":102,"column":3}},"type":"if","locations":[{"start":{"line":100,"column":2},"end":{"line":102,"column":3}},{"start":{},"end":{}}]},"2":{"loc":{"start":{"line":100,"column":6},"end":{"line":100,"column":73}},"type":"binary-expr","locations":[{"start":{"line":100,"column":6},"end":{"line":100,"column":20}},{"start":{"line":100,"column":24},"end":{"line":100,"column":37}},{"start":{"line":100,"column":41},"end":{"line":100,"column":55}},{"start":{"line":100,"column":59},"end":{"line":100,"column":73}}]},"3":{"loc":{"start":{"line":117,"column":2},"end":{"line":117,"column":23}},"type":"default-arg","locations":[{"start":{"line":117,"column":20},"end":{"line":117,"column":23}}]},"4":{"loc":{"start":{"line":120,"column":2},"end":{"line":131,"column":3}},"type":"if","locations":[{"start":{"line":120,"column":2},"end":{"line":131,"column":3}},{"start":{},"end":{}}]},"5":{"loc":{"start":{"line":123,"column":6},"end":{"line":126,"column":44}},"type":"binary-expr","locations":[{"start":{"line":123,"column":6},"end":{"line":123,"column":44}},{"start":{"line":124,"column":6},"end":{"line":124,"column":44}},{"start":{"line":125,"column":6},"end":{"line":125,"column":44}},{"start":{"line":126,"column":6},"end":{"line":126,"column":44}}]},"6":{"loc":{"start":{"line":128,"column":4},"end":{"line":130,"column":5}},"type":"if","locations":[{"start":{"line":128,"column":4},"end":{"line":130,"column":5}},{"start":{},"end":{}}]}},"s":{"0":1,"1":1,"2":1,"3":1,"4":1,"5":6,"6":6,"7":6,"8":6,"9":118,"10":6,"11":4,"12":4,"13":7,"14":2,"15":7,"16":5,"17":5,"18":10,"19":10,"20":10,"21":10,"22":10,"23":6,"24":4,"25":3,"26":1,"27":1,"28":1,"29":2,"30":2,"31":2,"32":2,"33":2,"34":2,"35":2},"f":{"0":6,"1":118,"2":4,"3":7,"4":5,"5":10,"6":3},"b":{"0":[2,5],"1":[6,4],"2":[10,7,6,5],"3":[2],"4":[1,2],"5":[1,1,1,1],"6":[1,0]}}
,"C:\\Users\\kllkt\\Documents\\My Web Sites\\stat-tree\\utils\\expansionState.ts": {"path":"C:\\Users\\kllkt\\Documents\\My Web Sites\\stat-tree\\utils\\expansionState.ts","statementMap":{"0":{"start":{"line":10,"column":0},"end":{"line":10,"column":16}},"1":{"start":{"line":20,"column":0},"end":{"line":20,"column":16}},"2":{"start":{"line":33,"column":0},"end":{"line":33,"column":16}},"3":{"start":{"line":73,"column":0},"end":{"line":73,"column":16}},"4":{"start":{"line":117,"column":0},"end":{"line":117,"column":16}},"5":{"start":{"line":135,"column":0},"end":{"line":135,"column":16}},"6":{"start":{"line":168,"column":0},"end":{"line":168,"column":16}},"7":{"start":{"line":193,"column":0},"end":{"line":193,"column":16}},"8":{"start":{"line":232,"column":0},"end":{"line":232,"column":16}},"9":{"start":{"line":11,"column":2},"end":{"line":14,"column":4}},"10":{"start":{"line":21,"column":2},"end":{"line":23,"column":3}},"11":{"start":{"line":22,"column":4},"end":{"line":22,"column":17}},"12":{"start":{"line":25,"column":15},"end":{"line":25,"column":27}},"13":{"start":{"line":26,"column":2},"end":{"line":26,"column":58}},"14":{"start":{"line":34,"column":2},"end":{"line":36,"column":3}},"15":{"start":{"line":35,"column":4},"end":{"line":35,"column":14}},"16":{"start":{"line":38,"column":15},"end":{"line":38,"column":27}},"17":{"start":{"line":39,"column":2},"end":{"line":41,"column":3}},"18":{"start":{"line":40,"column":4},"end":{"line":40,"column":14}},"19":{"start":{"line":43,"column":32},"end":{"line":43,"column":34}},"20":{"start":{"line":44,"column":18},"end":{"line":44,"column":35}},"21":{"start":{"line":46,"column":19},"end":{"line":62,"column":3}},"22":{"start":{"line":47,"column":4},"end":{"line":49,"column":5}},"23":{"start":{"line":48,"column":6},"end":{"line":48,"column":13}},"24":{"start":{"line":50,"column":4},"end":{"line":50,"column":27}},"25":{"start":{"line":52,"column":24},"end":{"line":52,"column":39}},"26":{"start":{"line":53,"column":4},"end":{"line":55,"column":5}},"27":{"start":{"line":54,"column":6},"end":{"line":54,"column":13}},"28":{"start":{"line":57,"column":4},"end":{"line":61,"column":5}},"29":{"start":{"line":58,"column":22},"end":{"line":58,"column":39}},"30":{"start":{"line":59,"column":6},"end":{"line":59,"column":32}},"31":{"start":{"line":60,"column":6},"end":{"line":60,"column":24}},"32":{"start":{"line":64,"column":2},"end":{"line":64,"column":19}},"33":{"start":{"line":65,"column":2},"end":{"line":65,"column":21}},"34":{"start":{"line":74,"column":2},"end":{"line":76,"column":3}},"35":{"start":{"line":75,"column":4},"end":{"line":75,"column":14}},"36":{"start":{"line":78,"column":30},"end":{"line":78,"column":32}},"37":{"start":{"line":79,"column":18},"end":{"line":79,"column":35}},"38":{"start":{"line":82,"column":21},"end":{"line":97,"column":3}},"39":{"start":{"line":83,"column":4},"end":{"line":95,"column":5}},"40":{"start":{"line":84,"column":6},"end":{"line":86,"column":7}},"41":{"start":{"line":85,"column":8},"end":{"line":85,"column":17}},"42":{"start":{"line":88,"column":6},"end":{"line":94,"column":7}},"43":{"start":{"line":89,"column":8},"end":{"line":93,"column":9}},"44":{"start":{"line":90,"column":10},"end":{"line":92,"column":11}},"45":{"start":{"line":91,"column":12},"end":{"line":91,"column":29}},"46":{"start":{"line":96,"column":4},"end":{"line":96,"column":16}},"47":{"start":{"line":99,"column":18},"end":{"line":99,"column":24}},"48":{"start":{"line":100,"column":2},"end":{"line":108,"column":3}},"49":{"start":{"line":101,"column":21},"end":{"line":101,"column":42}},"50":{"start":{"line":102,"column":4},"end":{"line":104,"column":5}},"51":{"start":{"line":103,"column":6},"end":{"line":103,"column":12}},"52":{"start":{"line":105,"column":4},"end":{"line":105,"column":27}},"53":{"start":{"line":106,"column":4},"end":{"line":106,"column":32}},"54":{"start":{"line":107,"column":4},"end":{"line":107,"column":25}},"55":{"start":{"line":110,"column":2},"end":{"line":110,"column":19}},"56":{"start":{"line":118,"column":27},"end":{"line":118,"column":55}},"57":{"start":{"line":119,"column":2},"end":{"line":119,"column":31}},"58":{"start":{"line":121,"column":31},"end":{"line":121,"column":63}},"59":{"start":{"line":122,"column":2},"end":{"line":122,"column":38}},"60":{"start":{"line":124,"column":2},"end":{"line":127,"column":4}},"61":{"start":{"line":141,"column":2},"end":{"line":143,"column":3}},"62":{"start":{"line":142,"column":4},"end":{"line":142,"column":17}},"63":{"start":{"line":145,"column":22},"end":{"line":145,"column":53}},"64":{"start":{"line":147,"column":27},"end":{"line":147,"column":55}},"65":{"start":{"line":148,"column":2},"end":{"line":148,"column":34}},"66":{"start":{"line":151,"column":2},"end":{"line":153,"column":5}},"67":{"start":{"line":152,"column":4},"end":{"line":152,"column":42}},"68":{"start":{"line":155,"column":31},"end":{"line":155,"column":63}},"69":{"start":{"line":156,"column":2},"end":{"line":156,"column":35}},"70":{"start":{"line":158,"column":2},"end":{"line":161,"column":4}},"71":{"start":{"line":174,"column":2},"end":{"line":176,"column":3}},"72":{"start":{"line":175,"column":4},"end":{"line":175,"column":17}},"73":{"start":{"line":179,"column":2},"end":{"line":181,"column":3}},"74":{"start":{"line":180,"column":4},"end":{"line":180,"column":45}},"75":{"start":{"line":184,"column":2},"end":{"line":184,"column":35}},"76":{"start":{"line":200,"column":2},"end":{"line":202,"column":3}},"77":{"start":{"line":201,"column":4},"end":{"line":201,"column":16}},"78":{"start":{"line":205,"column":2},"end":{"line":207,"column":3}},"79":{"start":{"line":206,"column":4},"end":{"line":206,"column":17}},"80":{"start":{"line":210,"column":20},"end":{"line":210,"column":46}},"81":{"start":{"line":211,"column":2},"end":{"line":215,"column":3}},"82":{"start":{"line":212,"column":4},"end":{"line":214,"column":5}},"83":{"start":{"line":213,"column":6},"end":{"line":213,"column":19}},"84":{"start":{"line":218,"column":2},"end":{"line":223,"column":3}},"85":{"start":{"line":219,"column":21},"end":{"line":219,"column":52}},"86":{"start":{"line":220,"column":4},"end":{"line":222,"column":5}},"87":{"start":{"line":221,"column":6},"end":{"line":221,"column":19}},"88":{"start":{"line":225,"column":2},"end":{"line":225,"column":14}},"89":{"start":{"line":237,"column":32},"end":{"line":237,"column":34}},"90":{"start":{"line":239,"column":19},"end":{"line":250,"column":3}},"91":{"start":{"line":241,"column":4},"end":{"line":249,"column":5}},"92":{"start":{"line":242,"column":6},"end":{"line":242,"column":25}},"93":{"start":{"line":246,"column":6},"end":{"line":248,"column":7}},"94":{"start":{"line":247,"column":8},"end":{"line":247,"column":56}},"95":{"start":{"line":247,"column":39},"end":{"line":247,"column":54}},"96":{"start":{"line":252,"column":2},"end":{"line":252,"column":19}},"97":{"start":{"line":253,"column":2},"end":{"line":253,"column":17}}},"fnMap":{"0":{"name":"createInitialExpansionState","decl":{"start":{"line":10,"column":16},"end":{"line":10,"column":43}},"loc":{"start":{"line":10,"column":43},"end":{"line":15,"column":1}}},"1":{"name":"hasChildren","decl":{"start":{"line":20,"column":16},"end":{"line":20,"column":27}},"loc":{"start":{"line":20,"column":58},"end":{"line":27,"column":1}}},"2":{"name":"getAllDescendants","decl":{"start":{"line":33,"column":16},"end":{"line":33,"column":33}},"loc":{"start":{"line":33,"column":64},"end":{"line":66,"column":1}}},"3":{"name":"(anonymous_3)","decl":{"start":{"line":46,"column":19},"end":{"line":46,"column":20}},"loc":{"start":{"line":46,"column":41},"end":{"line":62,"column":3}}},"4":{"name":"getAncestors","decl":{"start":{"line":73,"column":16},"end":{"line":73,"column":28}},"loc":{"start":{"line":73,"column":59},"end":{"line":111,"column":1}}},"5":{"name":"(anonymous_5)","decl":{"start":{"line":82,"column":21},"end":{"line":82,"column":22}},"loc":{"start":{"line":82,"column":57},"end":{"line":97,"column":3}}},"6":{"name":"expandNode","decl":{"start":{"line":117,"column":16},"end":{"line":117,"column":26}},"loc":{"start":{"line":117,"column":64},"end":{"line":128,"column":1}}},"7":{"name":"collapseNode","decl":{"start":{"line":135,"column":16},"end":{"line":135,"column":28}},"loc":{"start":{"line":138,"column":16},"end":{"line":162,"column":1}}},"8":{"name":"(anonymous_8)","decl":{"start":{"line":151,"column":22},"end":{"line":151,"column":34}},"loc":{"start":{"line":151,"column":37},"end":{"line":153,"column":3}}},"9":{"name":"toggleNodeExpansion","decl":{"start":{"line":168,"column":16},"end":{"line":168,"column":35}},"loc":{"start":{"line":171,"column":16},"end":{"line":185,"column":1}}},"10":{"name":"isNodeVisible","decl":{"start":{"line":193,"column":16},"end":{"line":193,"column":29}},"loc":{"start":{"line":197,"column":16},"end":{"line":226,"column":1}}},"11":{"name":"getVisibleNodes","decl":{"start":{"line":232,"column":16},"end":{"line":232,"column":31}},"loc":{"start":{"line":235,"column":16},"end":{"line":254,"column":1}}},"12":{"name":"(anonymous_12)","decl":{"start":{"line":239,"column":19},"end":{"line":239,"column":20}},"loc":{"start":{"line":239,"column":40},"end":{"line":250,"column":3}}},"13":{"name":"(anonymous_13)","decl":{"start":{"line":247,"column":30},"end":{"line":247,"column":35}},"loc":{"start":{"line":247,"column":39},"end":{"line":247,"column":54}}}},"branchMap":{"0":{"loc":{"start":{"line":21,"column":2},"end":{"line":23,"column":3}},"type":"if","locations":[{"start":{"line":21,"column":2},"end":{"line":23,"column":3}},{"start":{},"end":{}}]},"1":{"loc":{"start":{"line":21,"column":6},"end":{"line":21,"column":30}},"type":"binary-expr","locations":[{"start":{"line":21,"column":6},"end":{"line":21,"column":13}},{"start":{"line":21,"column":17},"end":{"line":21,"column":30}}]},"2":{"loc":{"start":{"line":26,"column":17},"end":{"line":26,"column":56}},"type":"binary-expr","locations":[{"start":{"line":26,"column":17},"end":{"line":26,"column":29}},{"start":{"line":26,"column":33},"end":{"line":26,"column":56}}]},"3":{"loc":{"start":{"line":34,"column":2},"end":{"line":36,"column":3}},"type":"if","locations":[{"start":{"line":34,"column":2},"end":{"line":36,"column":3}},{"start":{},"end":{}}]},"4":{"loc":{"start":{"line":34,"column":6},"end":{"line":34,"column":30}},"type":"binary-expr","locations":[{"start":{"line":34,"column":6},"end":{"line":34,"column":13}},{"start":{"line":34,"column":17},"end":{"line":34,"column":30}}]},"5":{"loc":{"start":{"line":39,"column":2},"end":{"line":41,"column":3}},"type":"if","locations":[{"start":{"line":39,"column":2},"end":{"line":41,"column":3}},{"start":{},"end":{}}]},"6":{"loc":{"start":{"line":39,"column":6},"end":{"line":39,"column":48}},"type":"binary-expr","locations":[{"start":{"line":39,"column":6},"end":{"line":39,"column":19}},{"start":{"line":39,"column":23},"end":{"line":39,"column":48}}]},"7":{"loc":{"start":{"line":47,"column":4},"end":{"line":49,"column":5}},"type":"if","locations":[{"start":{"line":47,"column":4},"end":{"line":49,"column":5}},{"start":{},"end":{}}]},"8":{"loc":{"start":{"line":53,"column":4},"end":{"line":55,"column":5}},"type":"if","locations":[{"start":{"line":53,"column":4},"end":{"line":55,"column":5}},{"start":{},"end":{}}]},"9":{"loc":{"start":{"line":74,"column":2},"end":{"line":76,"column":3}},"type":"if","locations":[{"start":{"line":74,"column":2},"end":{"line":76,"column":3}},{"start":{},"end":{}}]},"10":{"loc":{"start":{"line":74,"column":6},"end":{"line":74,"column":52}},"type":"binary-expr","locations":[{"start":{"line":74,"column":6},"end":{"line":74,"column":13}},{"start":{"line":74,"column":17},"end":{"line":74,"column":35}},{"start":{"line":74,"column":39},"end":{"line":74,"column":52}}]},"11":{"loc":{"start":{"line":84,"column":6},"end":{"line":86,"column":7}},"type":"if","locations":[{"start":{"line":84,"column":6},"end":{"line":86,"column":7}},{"start":{},"end":{}}]},"12":{"loc":{"start":{"line":88,"column":6},"end":{"line":94,"column":7}},"type":"if","locations":[{"start":{"line":88,"column":6},"end":{"line":94,"column":7}},{"start":{},"end":{}}]},"13":{"loc":{"start":{"line":90,"column":10},"end":{"line":92,"column":11}},"type":"if","locations":[{"start":{"line":90,"column":10},"end":{"line":92,"column":11}},{"start":{},"end":{}}]},"14":{"loc":{"start":{"line":100,"column":9},"end":{"line":100,"column":43}},"type":"binary-expr","locations":[{"start":{"line":100,"column":9},"end":{"line":100,"column":18}},{"start":{"line":100,"column":22},"end":{"line":100,"column":43}}]},"15":{"loc":{"start":{"line":102,"column":4},"end":{"line":104,"column":5}},"type":"if","locations":[{"start":{"line":102,"column":4},"end":{"line":104,"column":5}},{"start":{},"end":{}}]},"16":{"loc":{"start":{"line":102,"column":8},"end":{"line":102,"column":43}},"type":"binary-expr","locations":[{"start":{"line":102,"column":8},"end":{"line":102,"column":17}},{"start":{"line":102,"column":21},"end":{"line":102,"column":43}}]},"17":{"loc":{"start":{"line":141,"column":2},"end":{"line":143,"column":3}},"type":"if","locations":[{"start":{"line":141,"column":2},"end":{"line":143,"column":3}},{"start":{},"end":{}}]},"18":{"loc":{"start":{"line":174,"column":2},"end":{"line":176,"column":3}},"type":"if","locations":[{"start":{"line":174,"column":2},"end":{"line":176,"column":3}},{"start":{},"end":{}}
[...]
,"C:\\Users\\kllkt\\Documents\\My Web Sites\\stat-tree\\utils\\pathHighlighting.ts": {"path":"C:\\Users\\kllkt\\Documents\\My Web Sites\\stat-tree\\utils\\pathHighlighting.ts","statementMap":{"0":{"start":{"line":17,"column":0},"end":{"line":17,"column":16}},"1":{"start":{"line":27,"column":0},"end":{"line":27,"column":16}},"2":{"start":{"line":8,"column":0},"end":{"line":8,"column":73}},"3":{"start":{"line":18,"column":2},"end":{"line":18,"column":45}},"4":{"start":{"line":28,"column":2},"end":{"line":30,"column":3}},"5":{"start":{"line":29,"column":4},"end":{"line":29,"column":14}},"6":{"start":{"line":32,"column":20},"end":{"line":32,"column":46}},"7":{"start":{"line":33,"column":2},"end":{"line":33,"column":32}}},"fnMap":{"0":{"name":"getAncestors","decl":{"start":{"line":17,"column":16},"end":{"line":17,"column":28}},"loc":{"start":{"line":17,"column":59},"end":{"line":19,"column":1}}},"1":{"name":"calculatePathToNode","decl":{"start":{"line":27,"column":16},"end":{"line":27,"column":35}},"loc":{"start":{"line":27,"column":66},"end":{"line":34,"column":1}}}},"branchMap":{"0":{"loc":{"start":{"line":28,"column":2},"end":{"line":30,"column":3}},"type":"if","locations":[{"start":{"line":28,"column":2},"end":{"line":30,"column":3}},{"start":{},"end":{}}]},"1":{"loc":{"start":{"line":28,"column":6},"end":{"line":28,"column":28}},"type":"binary-expr","locations":[{"start":{"line":28,"column":6},"end":{"line":28,"column":11}},{"start":{"line":28,"column":15},"end":{"line":28,"column":28}}]}},"s":{"0":1,"1":1,"2":1,"3":16,"4":8,"5":1,"6":7,"7":7},"f":{"0":16,"1":8},"b":{"0":[1,7],"1":[8,8]}}
,"C:\\Users\\kllkt\\Documents\\My Web Sites\\stat-tree\\utils\\textHelpers.ts": {"path":"C:\\Users\\kllkt\\Documents\\My Web Sites\\stat-tree\\utils\\textHelpers.ts","statementMap":{"0":{"start":{"line":1,"column":28},"end":{"line":2,"column":65}},"1":{"start":{"line":2,"column":2},"end":{"line":2,"column":65}},"2":{"start":{"line":1,"column":13},"end":{"line":1,"column":28}}},"fnMap":{"0":{"name":"(anonymous_0)","decl":{"start":{"line":1,"column":28},"end":{"line":1,"column":29}},"loc":{"start":{"line":2,"column":2},"end":{"line":2,"column":65}}}},"branchMap":{"0":{"loc":{"start":{"line":1,"column":43},"end":{"line":1,"column":62}},"type":"default-arg","locations":[{"start":{"line":1,"column":60},"end":{"line":1,"column":62}}]},"1":{"loc":{"start":{"line":2,"column":2},"end":{"line":2,"column":65}},"type":"cond-expr","locations":[{"start":{"line":2,"column":25},"end":{"line":2,"column":58}},{"start":{"line":2,"column":61},"end":{"line":2,"column":65}}]}},"s":{"0":1,"1":5,"2":1},"f":{"0":5},"b":{"0":[1],"1":[2,3]}}
,"C:\\Users\\kllkt\\Documents\\My Web Sites\\stat-tree\\utils\\treeLayout.ts": {"path":"C:\\Users\\kllkt\\Documents\\My Web Sites\\stat-tree\\utils\\treeLayout.ts","statementMap":{"0":{"start":{"line":41,"column":0},"end":{"line":41,"column":16}},"1":{"start":{"line":79,"column":0},"end":{"line":79,"column":16}},"2":{"start":{"line":193,"column":0},"end":{"line":193,"column":16}},"3":{"start":{"line":322,"column":0},"end":{"line":322,"column":16}},"4":{"start":{"line":374,"column":0},"end":{"line":374,"column":16}},"5":{"start":{"line":12,"column":13},"end":{"line":19,"column":2}},"6":{"start":{"line":46,"column":15},"end":{"line":46,"column":27}},"7":{"start":{"line":48,"column":2},"end":{"line":50,"column":3}},"8":{"start":{"line":49,"column":4},"end":{"line":49,"column":71}},"9":{"start":{"line":53,"column":2},"end":{"line":55,"column":3}},"10":{"start":{"line":54,"column":4},"end":{"line":54,"column":31}},"11":{"start":{"line":58,"column":22},"end":{"line":58,"column":41}},"12":{"start":{"line":61,"column":26},"end":{"line":61,"column":59}},"13":{"start":{"line":62,"column":19},"end":{"line":62,"column":59}},"14":{"start":{"line":63,"column":29},"end":{"line":63,"column":55}},"15":{"start":{"line":66,"column":2},"end":{"line":66,"column":59}},"16":{"start":{"line":84,"column":15},"end":{"line":84,"column":27}},"17":{"start":{"line":86,"column":2},"end":{"line":88,"column":3}},"18":{"start":{"line":87,"column":4},"end":{"line":87,"column":71}},"19":{"start":{"line":91,"column":2},"end":{"line":93,"column":3}},"20":{"start":{"line":92,"column":4},"end":{"line":92,"column":32}},"21":{"start":{"line":97,"column":22},"end":{"line":97,"column":41}},"22":{"start":{"line":100,"column":27},"end":{"line":100,"column":61}},"23":{"start":{"line":101,"column":20},"end":{"line":101,"column":60}},"24":{"start":{"line":102,"column":30},"end":{"line":102,"column":58}},"25":{"start":{"line":105,"column":2},"end":{"line":105,"column":61}},"26":{"start":{"line":117,"column":15},"end":{"line":117,"column":27}},"27":{"start":{"line":119,"column":2},"end":{"line":121,"column":3}},"28":{"start":{"line":120,"column":4},"end":{"line":120,"column":31}},"29":{"start":{"line":124,"column":2},"end":{"line":126,"column":3}},"30":{"start":{"line":125,"column":4},"end":{"line":125,"column":31}},"31":{"start":{"line":129,"column":23},"end":{"line":129,"column":68}},"32":{"start":{"line":129,"column":50},"end":{"line":129,"column":67}},"33":{"start":{"line":132,"column":22},"end":{"line":133,"column":null}},"34":{"start":{"line":133,"column":4},"end":{"line":133,"column":55}},"35":{"start":{"line":137,"column":26},"end":{"line":137,"column":76}},"36":{"start":{"line":137,"column":61},"end":{"line":137,"column":72}},"37":{"start":{"line":138,"column":19},"end":{"line":138,"column":66}},"38":{"start":{"line":139,"column":29},"end":{"line":139,"column":55}},"39":{"start":{"line":141,"column":2},"end":{"line":141,"column":59}},"40":{"start":{"line":153,"column":15},"end":{"line":153,"column":27}},"41":{"start":{"line":155,"column":2},"end":{"line":157,"column":3}},"42":{"start":{"line":156,"column":4},"end":{"line":156,"column":32}},"43":{"start":{"line":160,"column":2},"end":{"line":162,"column":3}},"44":{"start":{"line":161,"column":4},"end":{"line":161,"column":32}},"45":{"start":{"line":165,"column":23},"end":{"line":165,"column":68}},"46":{"start":{"line":165,"column":50},"end":{"line":165,"column":67}},"47":{"start":{"line":168,"column":23},"end":{"line":169,"column":null}},"48":{"start":{"line":169,"column":4},"end":{"line":169,"column":56}},"49":{"start":{"line":173,"column":27},"end":{"line":173,"column":80}},"50":{"start":{"line":173,"column":64},"end":{"line":173,"column":76}},"51":{"start":{"line":174,"column":20},"end":{"line":174,"column":68}},"52":{"start":{"line":175,"column":30},"end":{"line":175,"column":58}},"53":{"start":{"line":177,"column":2},"end":{"line":177,"column":61}},"54":{"start":{"line":201,"column":15},"end":{"line":201,"column":27}},"55":{"start":{"line":203,"column":2},"end":{"line":205,"column":3}},"56":{"start":{"line":204,"column":4},"end":{"line":204,"column":71}},"57":{"start":{"line":208,"column":12},"end":{"line":208,"column":46}},"58":{"start":{"line":211,"column":33},"end":{"line":219,"column":4}},"59":{"start":{"line":222,"column":2},"end":{"line":224,"column":3}},"60":{"start":{"line":223,"column":4},"end":{"line":223,"column":22}},"61":{"start":{"line":227,"column":23},"end":{"line":227,"column":68}},"62":{"start":{"line":227,"column":50},"end":{"line":227,"column":67}},"63":{"start":{"line":230,"column":23},"end":{"line":231,"column":null}},"64":{"start":{"line":231,"column":4},"end":{"line":231,"column":56}},"65":{"start":{"line":235,"column":27},"end":{"line":235,"column":80}},"66":{"start":{"line":235,"column":64},"end":{"line":235,"column":76}},"67":{"start":{"line":236,"column":20},"end":{"line":236,"column":68}},"68":{"start":{"line":237,"column":30},"end":{"line":237,"column":58}},"69":{"start":{"line":241,"column":17},"end":{"line":241,"column":50}},"70":{"start":{"line":244,"column":17},"end":{"line":244,"column":39}},"71":{"start":{"line":245,"column":21},"end":{"line":245,"column":30}},"72":{"start":{"line":247,"column":2},"end":{"line":265,"column":5}},"73":{"start":{"line":248,"column":24},"end":{"line":248,"column":43}},"74":{"start":{"line":249,"column":25},"end":{"line":249,"column":51}},"75":{"start":{"line":252,"column":24},"end":{"line":258,"column":null}},"76":{"start":{"line":261,"column":4},"end":{"line":261,"column":42}},"77":{"start":{"line":264,"column":4},"end":{"line":264,"column":51}},"78":{"start":{"line":267,"column":2},"end":{"line":267,"column":20}},"79":{"start":{"line":275,"column":21},"end":{"line":296,"column":11}},"80":{"start":{"line":299,"column":24},"end":{"line":299,"column":28}},"81":{"start":{"line":300,"column":17},"end":{"line":300,"column":19}},"82":{"start":{"line":328,"column":2},"end":{"line":330,"column":3}},"83":{"start":{"line":329,"column":4},"end":{"line":329,"column":13}},"84":{"start":{"line":333,"column":2},"end":{"line":335,"column":3}},"85":{"start":{"line":334,"column":4},"end":{"line":334,"column":13}},"86":{"start":{"line":339,"column":29},"end":{"line":339,"column":71}},"87":{"start":{"line":343,"column":19},"end":{"line":343,"column":65}},"88":{"start":{"line":346,"column":15},"end":{"line":346,"column":44}},"89":{"start":{"line":349,"column":2},"end":{"line":349,"column":55}},"90":{"start":{"line":380,"column":2},"end":{"line":382,"column":3}},"91":{"start":{"line":381,"column":4},"end":{"line":381,"column":34}},"92":{"start":{"line":385,"column":2},"end":{"line":387,"column":3}},"93":{"start":{"line":386,"column":4},"end":{"line":386,"column":34}},"94":{"start":{"line":390,"column":2},"end":{"line":392,"column":3}},"95":{"start":{"line":391,"column":4},"end":{"line":391,"column":32}},"96":{"start":{"line":395,"column":2},"end":{"line":397,"column":3}},"97":{"start":{"line":396,"column":4},"end":{"line":396,"column":32}},"98":{"start":{"line":400,"column":2},"end":{"line":400,"column":35}}},"fnMap":{"0":{"name":"calculateSubtreeWidth","decl":{"start":{"line":41,"column":16},"end":{"line":41,"column":37}},"loc":{"start":{"line":44,"column":28},"end":{"line":67,"column":1}}},"1":{"name":"calculateSubtreeHeight","decl":{"start":{"line":79,"column":16},"end":{"line":79,"column":38}},"loc":{"start":{"line":82,"column":28},"end":{"line":106,"column":1}}},"2":{"name":"calculateFullSubtreeWidth","decl":{"start":{"line":112,"column":9},"end":{"line":112,"column":34}},"loc":{"start":{"line":115,"column":28},"end":{"line":142,"column":1}}},"3":{"name":"(anonymous_3)","decl":{"start":{"line":129,"column":40},"end":{"line":129,"column":46}},"loc":{"start":{"line":129,"column":50},"end":{"line":129,"column":67}}},"4":{"name":"(anonymous_4)","decl":{"start":{"line":132,"column":39},"end":{"line":132,"column":46}},"loc":{"start":{"line":133,"column":4},"end":{"line":133,"column":55}}},"5":{"name":"(anonymous_5)","decl":{"start":{"line":137,"column":45},"end":{"line":137,"column":46}},"loc":{"start":{"line":137,"column":61},"end":{"line":137,"column":72}}},"6":{"name":"calculateFullSubtreeHeight","decl":{"start":{"line":148,"column":9},"end":{"line":148,"column":35}},"loc":{"start":{"line":151,"column":28},"end":{"line":178,"column":1}}},"7":{"name":"(anonymous_7)","decl":{"start":{"line":165,"column":40},"end":{"line":165,"column":46}},"loc":{"start":{"line":165,"column":50},"end":{"line":165,"column":67}}},"8":{"name":"(anonymous_8)","decl":{"start":{"line":168,"column":40},"end":{"line":168,"column":47}},"loc":{"start":{"line":169,"column":4},"end":{"line":169,"column":56}}},"9":{"name":"(anonymous_9)","decl":{"start":{"line":173,"column":47},"end":{"line":173,"column":48}},"loc":{"start":{"line":173,"column":64},"end":{"line":173,"column":76}}},"10":{"name":"calculateNodePositions","decl":{"start":{"line":193,"column":16},"end":{"line":193,"column":38}},"loc":{"start":{"line":199,"column":28},"end":{"line":268,"column":1}}},"11":{"name":"(anonymous_11)","decl":{"start":{"line":227,"column":40},"end":{"line":227,"column":46}},"loc":{"start":{"line":227,"column":50},"end":{"line":227,"column":67}}},"12":{"name":"(anonymous_12)","decl":{"start":{"line":230,"column":40},"end":{"line":230,"column":47}},"loc":{"start":{"line":231,"column":4},"end":{"line":231,"column":56}}},"13":{"name":"(anonymous_13)","decl":{"start":{"line":235,"column":47},"end":{"line":235,"column":48}},"loc":{"start":{"line":235,"column":64},"end":{"line":235,"column":76}}},"14":{"name":"(anonymous_14)","decl":{"start":{"line":247,"column":23},"end":{"line":247,"column":24}},"loc":{"start":{"line":247,"column":42},"end":{"line":265,"column":3}}},"15":{"name":"calculateArrowBend","decl":{"start":{"line":322,"column":16},"end":{"line":322,"column":34}},"loc":{"start":{"line":325,"column":28},"end":{"line":350,"column":1}}},"16":{"name":"getArrowStyle","decl":{"start":{"line":374,"column":16},"end":{"line":374,"column":29}},"loc":{"start":{"line":374,"column":43},"end":{"line":401,"column":1}}}},"branchMap":{"0":{"loc":{"start":{"line":48,"column":2},"end":{"line":50,"column":3}},"type":"if","locations":[{"start":{"line":48,"column":2},"end":{"line":50,"column":3}},{"start":{},"end":{}}]},"1":{"loc":{"start":{"line":53,"column":2},"end":{"line":55,"column":3}},"type":"if","locations":[{"start":{"line":53,"column":2},"end":{"line":55,"column":3}},{"start":{},"end":{}}]},"2":{"loc":{"start":{"line":53,"column":6},"end":{"line":53,"column":48}},"type":"binary-expr","locations":[{"start":{"line":53,"column":6},"end":{"line":53,"column":19}},{"start":{"line":53,"column":23},"end":{"line":53,"column":48}}]},"3":{"loc":{"start":{"line":86,"column":2},"end":{"line":88,"column":3}},"type":"if","locations":[{"start":{"line":86,"column":2},"end":{"line":88,"column":3}},{"start":{},"end":{}}]},"4":{"loc":{"start":{"line":91,"column":2},"end":{"line":93,"column":3}},"type":"if","locations":[{"start":{"line":91,"column":2},"end":{"line":93,"column":3}},{"start":{},"end":{}}]},"5":{"loc":{"start":{"line":91,"column":6},"end":{"line":91,"column":48}},"type":"binary-expr","locations":[{"start":{"line":91,"column":6},"end":{"line":91,"column":19}},{"start":{"line":91,"column":23},"end":{"line":91,"column":48}}]},"6":{"loc":{"start":{"line":119,"column":2},"end":{"line":121,"column":3}},"type":"if","locations":[{"start":{"line":119,"column":2},"end":{"line":121,"column":3}},{"start":{},"end":{}}]},"7":{"loc":{"start":{"line":124,"column":2},"end":{"line":126,"column":3}},"type":"if","locations":[{"start":{"line":124,"column":2},"end":{"line":126,"column":3}},{"start":{},"end":{}}]},"8":{"loc":{"start":{"line":124,"column":6},"end":{"line":124,"column":48}},"type":"binary-expr","locations":[{"start":{"line":124,"column":6},"end":{"line":124,"column":19}},{"start":{"line":124,"column":23},"end":{"line":124,"column":48}}]},"9":{"loc":{"start":{"line":155,"column":2},"end":{"line":157,"column":3}},"type":"if","locations":[{"start":{"line":155,"column":2},"end":{"line":157,"column":3}},{"start":{},"end":{}}]},"10":{"loc":{"start":{"line":160,"column":2},"end":{"line":162,"column":3}},"type":"if","locations":[{"start":{"line":160,"column":2},"end":{"line":162,"column":3}},{"start":{},"end":{}}]},"11":{"loc":{"start":{"line":160,"column":6},"end":{"line":160,"column":48}},"type":"binary-expr","locations":[{"start":{"line":160,"column":6},"end":{"line":160,"column":19}},{"start":{"line":160,"column":23},"end":{"line":160,"column":48}}]},"12":{"loc":{"start":{"line":203,"column":2},"end":{"line":205,"column":3}},"type":"if","locations":[{"start":{"line":203,"column":2},"end":{"line":205,"column":3}},{"start":{},"end":{}}]},"13":{"loc":{"start":{"line":222,"column":2},"end":{"line":224,"column":3}},"type":"if","locations":[{"start":{"line":222,"column":2},"end":{"line":224,"column":3}},{"start":{},"end":{}}]},"14":{"loc":{"start":{"line":222,"column":6},"end":{"line":222,"column":48}},"type":"binary-expr","locations":[{"start":{"line":222,"column":6},"end":{"line":222,"column":19}},{"start":{"line":222,"column":23},"end":{"line":222,"column":48}}]},"15":{"loc":{"start":{"line":328,"column":2},"end":{"line":330,"column":3}},"type":"if","locations":[{"start":{"line":328,"column":2},"end":{"line":330,"column":3}},{"start":{},"end":{}}]},"16":{"loc":{"start":{"line":333,"column":2},"end":{"line":335,"column":3}},"type":"if","locations":[{"start":{"line":333,"column":2},"end":{"line":335,"column":3}},{"start":{},"end":{}}]},"17":{"loc":{"start":{"line":380,"column":2},"end":{"line":382,"column":3}},"type":"if","locations":[{"start":{"line":380,"column":2},"end":{"line":382,"column":3}},{"start":{},"end":{}}]},"18":{"loc":{"start":{"line":385,"column":2},"end":{"line":387,"column":3}},"type":"if","locations":[{"start":{"line":385,"column":2},"end":{"line":387,"column":3}},{"start":{},"end":{}}]},"19":{"loc":{"start":{"line":390,"column":2},"end":{"line":392,"column":3}},"type":"if","locations":[{"start":{"line":390,"column":2},"end":{"line":392,"column":3}},{"start":{},"end":{}}]},"20":{"loc":{"start":{"line":395,"column":2},"end":{"line":397,"column":3}},"type":"if","locations":[{"start":{"line":395,"column":2},"end":{"line":397,"column":3}},{"start":{},"end":{}}]}},"s":{"0":4,"1":4,"2":4,"3":4,"4":4,"5":4,"6":0,"7":0,"8":0,"9":0,"10":0,"11":0,"12":0,"13":0,"14":0,"15":0,"16":0,"17":0,"18":0,"19":0,"20":0,"21":0,"22":0,"23":0,"24":0,"25":0,"26":0,"27":0,"28":0,"29":0,"30":0,"31":0,"32":0,"33":0,"34":0,"35":0,"36":0,"37":0,"38":0,"39":0,"40":2464,"41":2464,"42":0,"43":2464,"44":1738,"45":726,"46":1716,"47":726,"48":1716,"49":726,"50":1716,"51":726,"52":726,"53":726,"54":770,"55":770,"56":0,"57":770,"58":770,"59":770,"60":462,"61":308,"62":748,"63":308,"64":748,"65":308,"66":748,"67":308,"68":308,"69":308,"70":308,"71":308,"72":308,"73":748,"74":748,"75":748,"76":748,"77":748,"78":308,"79":4,"80":4,"81":4,"82":8,"83":1,"84":7,"85":1,"86":6,"87":6,"88":6,"89":6,"90":8,"91":2,"92":6,"93":2,"94":4,"95":1,"96":3,"97":1,"98":2},"f":{"0":0,"1":0,"2":0,"3":0,"4":0,"5":0,"6":2464,"7":1716,"8":1716,"9":1716,"10":770,"11":748,"12":748,"13":748,"14":748,"15":8,"16":8},"b":{"0":[0,0],"1":[0,0],"2":[0,0],"3":[0,0],"4":[0,0],"5":[0,0],"6":[0,0],"7":[0,0],"8":[0,0],"9":[0,2464],"10":[1738,726],"11":[2464,726],"12":[0,770],"13":[462,308],"14":[770,308],"15":[1,7],"16":[1,6],"17":[2,6],"18":[2,4],"19":[1,3],"20":[1,2]}}
}
