TN:
SF:utils\edgeIdParser.ts
FN:22,parseEdgeId
FN:79,isEdgeOnHighlightedPath
FN:116,shouldDeleteEdgeOnCollapse
FNF:3
FNH:3
FNDA:32,parseEdgeId
FNDA:8,isEdgeOnHighlightedPath
FNDA:8,shouldDeleteEdgeOnCollapse
DA:22,1
DA:25,32
DA:26,1
DA:30,31
DA:35,31
DA:36,6
DA:41,25
DA:43,25
DA:44,0
DA:51,25
DA:54,25
DA:55,25
DA:57,25
DA:58,0
DA:61,25
DA:79,1
DA:83,8
DA:85,8
DA:86,1
DA:89,7
DA:92,7
DA:116,1
DA:121,8
DA:123,8
DA:124,1
DA:127,7
DA:131,7
LF:27
LH:25
BRDA:25,0,0,1
BRDA:25,0,1,31
BRDA:30,1,0,6
BRDA:30,1,1,25
BRDA:35,2,0,6
BRDA:35,2,1,25
BRDA:43,3,0,0
BRDA:43,3,1,25
BRDA:57,4,0,0
BRDA:57,4,1,25
BRDA:57,5,0,25
BRDA:57,5,1,25
BRDA:85,6,0,1
BRDA:85,6,1,7
BRDA:92,7,0,7
BRDA:92,7,1,4
BRDA:123,8,0,1
BRDA:123,8,1,7
BRDA:131,9,0,7
BRDA:131,9,1,3
BRF:20
BRH:18
end_of_record
