TN:
SF:App.tsx
FN:23,(anonymous_9)
FN:36,(anonymous_10)
FN:37,(anonymous_11)
FN:40,(anonymous_12)
FN:42,(anonymous_13)
FN:46,(anonymous_14)
FN:51,(anonymous_15)
FN:56,(anonymous_16)
FN:61,(anonymous_17)
FN:62,(anonymous_18)
FN:83,(anonymous_19)
FN:90,(anonymous_20)
FN:102,(anonymous_21)
FN:108,(anonymous_22)
FN:118,(anonymous_23)
FN:132,(anonymous_24)
FN:135,(anonymous_25)
FN:135,(anonymous_26)
FN:169,(anonymous_27)
FN:172,(anonymous_28)
FN:205,(anonymous_29)
FN:224,(anonymous_30)
FN:291,(anonymous_31)
FN:300,(anonymous_32)
FN:312,(anonymous_33)
FNF:25
FNH:9
FNDA:108,(anonymous_9)
FNDA:0,(anonymous_10)
FNDA:0,(anonymous_11)
FNDA:0,(anonymous_12)
FNDA:0,(anonymous_13)
FNDA:0,(anonymous_14)
FNDA:3,(anonymous_15)
FNDA:20,(anonymous_16)
FNDA:47,(anonymous_17)
FNDA:69,(anonymous_18)
FNDA:19,(anonymous_19)
FNDA:0,(anonymous_20)
FNDA:0,(anonymous_21)
FNDA:0,(anonymous_22)
FNDA:0,(anonymous_23)
FNDA:4,(anonymous_24)
FNDA:0,(anonymous_25)
FNDA:0,(anonymous_26)
FNDA:0,(anonymous_27)
FNDA:0,(anonymous_28)
FNDA:8,(anonymous_29)
FNDA:4,(anonymous_30)
FNDA:0,(anonymous_31)
FNDA:0,(anonymous_32)
FNDA:0,(anonymous_33)
DA:1,3
DA:2,3
DA:3,3
DA:12,3
DA:13,3
DA:15,3
DA:16,3
DA:17,3
DA:21,3
DA:23,3
DA:24,108
DA:25,108
DA:26,108
DA:28,108
DA:31,108
DA:33,108
DA:34,108
DA:36,108
DA:37,0
DA:40,108
DA:41,0
DA:42,0
DA:46,108
DA:47,0
DA:48,0
DA:51,108
DA:52,3
DA:53,3
DA:56,108
DA:57,20
DA:58,20
DA:61,108
DA:62,69
DA:65,108
DA:83,19
DA:90,0
DA:102,0
DA:108,0
DA:118,0
DA:133,4
DA:135,0
DA:170,0
DA:172,0
DA:206,8
DA:225,4
DA:291,0
DA:301,0
DA:312,0
DA:340,3
LF:49
LH:34
BRDA:34,0,0,108
BRDA:34,0,1,0
BRDA:41,1,0,0
BRDA:41,1,1,0
BRDA:62,2,0,69
BRDA:62,2,1,0
BRDA:84,3,0,106
BRDA:84,3,1,2
BRDA:91,4,0,2
BRDA:91,4,1,106
BRDA:103,5,0,106
BRDA:103,5,1,2
BRDA:109,6,0,2
BRDA:109,6,1,106
BRDA:127,7,0,2
BRDA:127,7,1,106
BRDA:130,8,0,2
BRDA:130,8,1,2
BRDA:136,9,0,2
BRDA:136,9,1,2
BRDA:140,10,0,4
BRDA:140,10,1,2
BRDA:147,11,0,0
BRDA:147,11,1,2
BRDA:150,12,0,0
BRDA:150,12,1,0
BRDA:161,13,0,0
BRDA:161,13,1,0
BRDA:181,14,0,0
BRDA:181,14,1,0
BRDA:230,15,0,4
BRDA:230,15,1,0
BRDA:289,16,0,108
BRDA:289,16,1,0
BRF:34
BRH:21
end_of_record
TN:
SF:data.ts
FNF:0
FNH:0
DA:4,15
LF:1
LH:1
BRF:0
BRH:0
end_of_record
TN:
SF:components\ChatPanel.tsx
FN:19,(anonymous_9)
FN:32,(anonymous_10)
FN:38,(anonymous_11)
FN:44,(anonymous_12)
FN:63,(anonymous_13)
FN:82,(anonymous_14)
FN:85,(anonymous_15)
FN:99,(anonymous_16)
FN:117,(anonymous_17)
FN:120,(anonymous_18)
FN:145,(anonymous_19)
FN:161,(anonymous_20)
FN:193,(anonymous_21)
FNF:13
FNH:0
FNDA:0,(anonymous_9)
FNDA:0,(anonymous_10)
FNDA:0,(anonymous_11)
FNDA:0,(anonymous_12)
FNDA:0,(anonymous_13)
FNDA:0,(anonymous_14)
FNDA:0,(anonymous_15)
FNDA:0,(anonymous_16)
FNDA:0,(anonymous_17)
FNDA:0,(anonymous_18)
FNDA:0,(anonymous_19)
FNDA:0,(anonymous_20)
FNDA:0,(anonymous_21)
DA:2,0
DA:3,0
DA:4,0
DA:19,0
DA:20,0
DA:21,0
DA:22,0
DA:23,0
DA:29,0
DA:30,0
DA:32,0
DA:33,0
DA:34,0
DA:38,0
DA:39,0
DA:40,0
DA:42,0
DA:43,0
DA:44,0
DA:45,0
DA:47,0
DA:50,0
DA:52,0
DA:53,0
DA:56,0
DA:59,0
DA:63,0
DA:66,0
DA:68,0
DA:78,0
DA:79,0
DA:80,0
DA:82,0
DA:84,0
DA:85,0
DA:92,0
DA:96,0
DA:97,0
DA:99,0
DA:108,0
DA:117,0
DA:120,0
DA:146,0
DA:162,0
DA:193,0
LF:45
LH:0
BRDA:33,0,0,0
BRDA:33,0,1,0
BRDA:40,1,0,0
BRDA:40,1,1,0
BRDA:40,2,0,0
BRDA:40,2,1,0
BRDA:50,3,0,0
BRDA:50,3,1,0
BRDA:50,4,0,0
BRDA:50,4,1,0
BRDA:52,5,0,0
BRDA:52,5,1,0
BRDA:62,6,0,0
BRDA:62,6,1,0
BRDA:80,7,0,0
BRDA:80,7,1,0
BRDA:87,8,0,0
BRDA:87,8,1,0
BRDA:87,9,0,0
BRDA:87,9,1,0
BRDA:96,10,0,0
BRDA:96,10,1,0
BRDA:109,11,0,0
BRDA:109,11,1,0
BRDA:118,12,0,0
BRDA:118,12,1,0
BRDA:126,13,0,0
BRDA:126,13,1,0
BRDA:136,14,0,0
BRDA:136,14,1,0
BRDA:146,15,0,0
BRDA:146,15,1,0
BRDA:147,16,0,0
BRDA:147,16,1,0
BRDA:149,17,0,0
BRDA:149,17,1,0
BRDA:150,18,0,0
BRDA:150,18,1,0
BRDA:155,19,0,0
BRDA:155,19,1,0
BRDA:155,19,2,0
BRDA:178,20,0,0
BRDA:178,20,1,0
BRDA:199,21,0,0
BRDA:199,21,1,0
BRF:45
BRH:0
end_of_record
TN:
SF:components\SASCard.tsx
FN:12,(anonymous_9)
FN:15,(anonymous_10)
FN:18,(anonymous_11)
FN:27,(anonymous_12)
FNF:4
FNH:2
FNDA:4,(anonymous_9)
FNDA:0,(anonymous_10)
FNDA:0,(anonymous_11)
FNDA:16,(anonymous_12)
DA:2,3
DA:3,3
DA:12,3
DA:13,4
DA:15,4
DA:16,0
DA:17,0
DA:18,0
DA:21,4
DA:28,16
LF:10
LH:7
BRDA:39,0,0,0
BRDA:39,0,1,4
BRDA:49,1,0,4
BRDA:49,1,1,4
BRF:4
BRH:3
end_of_record
TN:
SF:components\TldrawMapView.tsx
FN:55,(anonymous_9)
FN:74,(anonymous_10)
FN:78,(anonymous_11)
FN:88,(anonymous_12)
FN:94,(anonymous_13)
FN:102,(anonymous_14)
FN:149,(anonymous_15)
FN:159,(anonymous_16)
FN:174,(anonymous_17)
FN:199,(anonymous_18)
FN:230,(anonymous_19)
FN:286,(anonymous_20)
FN:295,(anonymous_21)
FN:332,(anonymous_22)
FN:333,(anonymous_23)
FN:337,(anonymous_24)
FN:343,(anonymous_25)
FN:347,(anonymous_26)
FN:351,(anonymous_27)
FN:357,(anonymous_28)
FN:370,(anonymous_29)
FN:375,(anonymous_30)
FN:377,(anonymous_31)
FN:380,(anonymous_32)
FN:383,(anonymous_33)
FN:388,(anonymous_34)
FN:390,(anonymous_35)
FN:414,(anonymous_36)
FN:419,(anonymous_37)
FN:420,(anonymous_38)
FN:469,(anonymous_39)
FN:493,(anonymous_40)
FN:497,(anonymous_41)
FN:511,(anonymous_42)
FN:516,(anonymous_43)
FN:521,(anonymous_44)
FN:538,(anonymous_45)
FN:544,(anonymous_46)
FN:545,(anonymous_47)
FNF:39
FNH:36
FNDA:186,(anonymous_9)
FNDA:118,(anonymous_10)
FNDA:73,(anonymous_11)
FNDA:149,(anonymous_12)
FNDA:105,(anonymous_13)
FNDA:16,(anonymous_14)
FNDA:1131,(anonymous_15)
FNDA:16,(anonymous_16)
FNDA:14,(anonymous_17)
FNDA:62,(anonymous_18)
FNDA:0,(anonymous_19)
FNDA:16,(anonymous_20)
FNDA:62,(anonymous_21)
FNDA:12,(anonymous_22)
FNDA:12,(anonymous_23)
FNDA:96,(anonymous_24)
FNDA:0,(anonymous_25)
FNDA:0,(anonymous_26)
FNDA:2,(anonymous_27)
FNDA:31,(anonymous_28)
FNDA:3,(anonymous_29)
FNDA:16,(anonymous_30)
FNDA:16,(anonymous_31)
FNDA:14,(anonymous_32)
FNDA:95,(anonymous_33)
FNDA:487,(anonymous_34)
FNDA:291,(anonymous_35)
FNDA:196,(anonymous_36)
FNDA:206,(anonymous_37)
FNDA:894,(anonymous_38)
FNDA:291,(anonymous_39)
FNDA:196,(anonymous_40)
FNDA:309,(anonymous_41)
FNDA:52,(anonymous_42)
FNDA:112,(anonymous_43)
FNDA:34,(anonymous_44)
FNDA:56,(anonymous_45)
FNDA:56,(anonymous_46)
FNDA:63,(anonymous_47)
DA:1,4
DA:2,4
DA:3,4
DA:14,4
DA:19,4
DA:20,4
DA:21,4
DA:27,4
DA:28,4
DA:29,4
DA:33,4
DA:34,1
DA:35,1
DA:37,4
DA:38,1
DA:39,1
DA:42,4
DA:55,4
DA:65,186
DA:66,186
DA:67,186
DA:68,186
DA:69,186
DA:70,186
DA:71,186
DA:72,186
DA:74,186
DA:75,118
DA:78,186
DA:79,73
DA:80,42
DA:81,42
DA:82,42
DA:83,42
DA:84,42
DA:88,186
DA:89,149
DA:90,93
DA:94,186
DA:95,105
DA:97,38
DA:98,38
DA:99,38
DA:100,38
DA:102,38
DA:103,16
DA:104,0
DA:105,0
DA:107,0
DA:118,16
DA:119,7
DA:124,7
DA:125,0
DA:130,0
DA:132,7
DA:141,38
DA:142,4
DA:143,4
DA:144,0
DA:149,186
DA:150,1131
DA:151,1131
DA:152,1069
DA:153,1069
DA:154,1069
DA:156,943
DA:159,186
DA:160,16
DA:161,16
DA:162,16
DA:163,16
DA:164,16
DA:165,0
DA:167,0
DA:168,0
DA:169,0
DA:171,0
DA:174,186
DA:175,14
DA:176,14
DA:178,14
DA:179,14
DA:180,14
DA:181,0
DA:182,0
DA:186,14
DA:187,14
DA:188,14
DA:190,0
DA:191,0
DA:193,0
DA:199,186
DA:203,62
DA:204,62
DA:205,62
DA:206,62
DA:209,62
DA:230,186
DA:239,0
DA:240,0
DA:242,0
DA:243,0
DA:244,0
DA:245,0
DA:246,0
DA:248,0
DA:259,0
DA:260,0
DA:272,0
DA:283,0
DA:286,186
DA:287,16
DA:288,16
DA:289,16
DA:290,16
DA:292,16
DA:293,13
DA:295,13
DA:296,62
DA:297,62
DA:298,62
DA:300,62
DA:305,62
DA:306,62
DA:307,0
DA:308,0
DA:309,0
DA:311,0
DA:312,0
DA:313,0
DA:314,0
DA:315,0
DA:316,0
DA:318,0
DA:327,0
DA:331,13
DA:332,13
DA:333,13
DA:335,3
DA:336,3
DA:337,96
DA:339,3
DA:340,3
DA:341,0
DA:342,0
DA:344,0
DA:345,0
DA:347,0
DA:350,3
DA:351,3
DA:354,16
DA:357,186
DA:358,31
DA:359,31
DA:361,20
DA:362,20
DA:363,20
DA:365,20
DA:367,20
DA:369,19
DA:370,3
DA:371,3
DA:374,16
DA:375,16
DA:376,16
DA:377,16
DA:378,16
DA:380,16
DA:383,186
DA:384,95
DA:385,95
DA:387,95
DA:388,487
DA:390,95
DA:396,291
DA:397,291
DA:398,291
DA:399,198
DA:402,291
DA:411,291
DA:414,95
DA:419,206
DA:420,894
DA:421,196
DA:423,196
DA:424,196
DA:425,196
DA:426,196
DA:427,196
DA:428,196
DA:430,196
DA:431,196
DA:432,196
DA:433,196
DA:434,196
DA:436,196
DA:446,196
DA:447,196
DA:458,196
DA:469,95
DA:470,291
DA:472,291
DA:473,291
DA:474,291
DA:476,291
DA:477,34
DA:478,34
DA:481,291
DA:482,291
DA:483,291
DA:485,291
DA:490,291
DA:492,291
DA:493,95
DA:494,196
DA:495,196
DA:496,196
DA:497,309
DA:498,196
DA:504,95
DA:506,95
DA:507,95
DA:508,95
DA:509,95
DA:511,95
DA:512,52
DA:516,186
DA:517,112
DA:519,56
DA:521,56
DA:522,34
DA:523,34
DA:524,34
DA:526,33
DA:527,33
DA:529,32
DA:530,32
DA:532,31
DA:535,56
DA:536,56
DA:538,56
DA:539,56
DA:540,56
DA:544,186
DA:546,63
DA:568,186
LF:246
LH:202
BRDA:33,0,0,1
BRDA:33,0,1,3
BRDA:37,1,0,1
BRDA:37,1,1,3
BRDA:79,2,0,42
BRDA:79,2,1,31
BRDA:89,3,0,93
BRDA:89,3,1,56
BRDA:89,4,0,149
BRDA:89,4,1,149
BRDA:95,5,0,67
BRDA:95,5,1,38
BRDA:95,6,0,105
BRDA:95,6,1,105
BRDA:103,7,0,0
BRDA:103,7,1,16
BRDA:103,8,0,16
BRDA:103,8,1,9
BRDA:111,9,0,0
BRDA:111,9,1,0
BRDA:112,10,0,0
BRDA:112,10,1,0
BRDA:118,11,0,7
BRDA:118,11,1,9
BRDA:118,12,0,16
BRDA:118,12,1,7
BRDA:124,13,0,0
BRDA:124,13,1,7
BRDA:141,14,0,4
BRDA:141,14,1,34
BRDA:143,15,0,0
BRDA:143,15,1,4
BRDA:150,16,0,0
BRDA:150,16,1,1131
BRDA:151,17,0,62
BRDA:151,17,1,1069
BRDA:154,18,0,126
BRDA:154,18,1,943
BRDA:160,19,0,0
BRDA:160,19,1,16
BRDA:164,20,0,16
BRDA:164,20,1,0
BRDA:164,21,0,16
BRDA:164,21,1,0
BRDA:164,21,2,0
BRDA:165,22,0,0
BRDA:165,22,1,0
BRDA:168,23,0,0
BRDA:168,23,1,0
BRDA:174,24,0,14
BRDA:175,25,0,0
BRDA:175,25,1,14
BRDA:178,26,0,14
BRDA:178,26,1,0
BRDA:180,27,0,0
BRDA:180,27,1,14
BRDA:188,28,0,14
BRDA:188,28,1,0
BRDA:191,29,0,0
BRDA:191,29,1,0
BRDA:205,30,0,62
BRDA:205,30,1,0
BRDA:240,31,0,0
BRDA:240,31,1,0
BRDA:242,32,0,0
BRDA:242,32,1,0
BRDA:243,33,0,0
BRDA:243,33,1,0
BRDA:244,34,0,0
BRDA:244,34,1,0
BRDA:245,35,0,0
BRDA:245,35,1,0
BRDA:259,36,0,0
BRDA:259,36,1,0
BRDA:287,37,0,0
BRDA:287,37,1,16
BRDA:292,38,0,13
BRDA:292,38,1,3
BRDA:298,39,0,0
BRDA:298,39,1,62
BRDA:306,40,0,0
BRDA:306,40,1,62
BRDA:306,41,0,62
BRDA:306,41,1,0
BRDA:306,41,2,0
BRDA:311,42,0,0
BRDA:311,42,1,0
BRDA:312,43,0,0
BRDA:312,43,1,0
BRDA:340,44,0,0
BRDA:340,44,1,3
BRDA:344,45,0,0
BRDA:344,45,1,0
BRDA:344,46,0,0
BRDA:344,46,1,0
BRDA:359,47,0,11
BRDA:359,47,1,20
BRDA:365,48,0,20
BRDA:365,48,1,0
BRDA:367,49,0,1
BRDA:367,49,1,19
BRDA:367,50,0,20
BRDA:367,50,1,1
BRDA:369,51,0,3
BRDA:369,51,1,16
BRDA:369,52,0,19
BRDA:369,52,1,16
BRDA:385,53,0,92
BRDA:385,53,1,3
BRDA:392,54,0,0
BRDA:392,55,0,0
BRDA:393,56,0,0
BRDA:393,57,0,0
BRDA:394,58,0,0
BRDA:398,59,0,198
BRDA:398,59,1,93
BRDA:421,60,0,0
BRDA:421,60,1,196
BRDA:421,61,0,196
BRDA:421,61,1,196
BRDA:430,62,0,196
BRDA:430,62,1,74
BRDA:431,63,0,2
BRDA:431,63,1,194
BRDA:432,64,0,2
BRDA:432,64,1,194
BRDA:433,65,0,2
BRDA:433,65,1,194
BRDA:446,66,0,196
BRDA:446,66,1,0
BRDA:469,67,0,95
BRDA:470,68,0,0
BRDA:470,68,1,291
BRDA:476,69,0,34
BRDA:476,69,1,257
BRDA:481,70,0,291
BRDA:481,70,1,0
BRDA:490,71,0,0
BRDA:490,71,1,291
BRDA:492,72,0,95
BRDA:492,72,1,196
BRDA:495,73,0,196
BRDA:495,73,1,0
BRDA:517,74,0,56
BRDA:517,74,1,56
BRDA:517,75,0,112
BRDA:517,75,1,56
BRDA:517,75,2,56
BRDA:522,76,0,0
BRDA:522,76,1,34
BRDA:524,77,0,1
BRDA:524,77,1,33
BRDA:527,78,0,1
BRDA:527,78,1,32
BRDA:530,79,0,1
BRDA:530,79,1,31
BRDA:530,80,0,32
BRDA:530,80,1,32
BRF:158
BRH:96
end_of_record
TN:
SF:utils\animations.ts
FN:22,(anonymous_0)
FN:34,(anonymous_1)
FN:53,(anonymous_2)
FN:59,(anonymous_3)
FN:60,(anonymous_4)
FN:77,(anonymous_5)
FN:113,(anonymous_6)
FN:126,(anonymous_7)
FN:135,(anonymous_8)
FN:136,(anonymous_9)
FN:157,(anonymous_10)
FN:178,(anonymous_11)
FN:213,(anonymous_12)
FN:236,(anonymous_13)
FN:273,(anonymous_14)
FN:279,(anonymous_15)
FN:280,(anonymous_16)
FN:284,(anonymous_17)
FN:285,(anonymous_18)
FN:290,(anonymous_19)
FNF:20
FNH:11
FNDA:7,(anonymous_0)
FNDA:0,(anonymous_1)
FNDA:0,(anonymous_2)
FNDA:0,(anonymous_3)
FNDA:0,(anonymous_4)
FNDA:0,(anonymous_5)
FNDA:0,(anonymous_6)
FNDA:0,(anonymous_7)
FNDA:0,(anonymous_8)
FNDA:0,(anonymous_9)
FNDA:7,(anonymous_10)
FNDA:13,(anonymous_11)
FNDA:16,(anonymous_12)
FNDA:27,(anonymous_13)
FNDA:17,(anonymous_14)
FNDA:17,(anonymous_15)
FNDA:17,(anonymous_16)
FNDA:11,(anonymous_17)
FNDA:11,(anonymous_18)
FNDA:16,(anonymous_19)
DA:12,6
DA:22,6
DA:23,7
DA:34,6
DA:40,0
DA:43,0
DA:44,0
DA:46,0
DA:49,0
DA:50,0
DA:53,0
DA:54,0
DA:58,0
DA:59,0
DA:60,0
DA:62,0
DA:65,0
DA:66,0
DA:68,0
DA:71,0
DA:72,0
DA:73,0
DA:74,0
DA:77,0
DA:78,0
DA:79,0
DA:80,0
DA:81,0
DA:82,0
DA:83,0
DA:88,0
DA:89,0
DA:97,0
DA:113,6
DA:119,0
DA:122,0
DA:125,0
DA:126,0
DA:131,0
DA:135,0
DA:136,0
DA:137,0
DA:138,0
DA:145,0
DA:157,6
DA:167,7
DA:168,1
DA:178,6
DA:179,13
DA:186,13
DA:199,6
DA:213,6
DA:217,16
DA:236,6
DA:243,27
DA:246,26
DA:247,26
DA:250,26
DA:253,10
DA:254,10
DA:257,10
DA:260,10
DA:261,5
DA:273,5
DA:274,17
DA:278,5
DA:279,17
DA:280,17
DA:283,5
DA:284,11
DA:285,11
DA:288,5
DA:289,5
DA:290,16
DA:305,5
LF:75
LH:36
BRDA:23,0,0,3
BRDA:23,0,1,4
BRDA:40,1,0,0
BRDA:40,1,1,0
BRDA:46,2,0,0
BRDA:46,2,1,0
BRDA:50,3,0,0
BRDA:50,3,1,0
BRDA:50,4,0,0
BRDA:50,4,1,0
BRDA:62,5,0,0
BRDA:62,5,1,0
BRDA:68,6,0,0
BRDA:68,6,1,0
BRDA:79,7,0,0
BRDA:79,7,1,0
BRDA:119,8,0,0
BRDA:119,8,1,0
BRDA:122,9,0,0
BRDA:122,9,1,0
BRDA:125,10,0,0
BRDA:125,10,1,0
BRDA:125,11,0,0
BRDA:125,11,1,0
BRDA:167,12,0,1
BRDA:167,12,1,6
BRDA:240,13,0,19
BRDA:243,14,0,1
BRDA:243,14,1,26
BRDA:250,15,0,16
BRDA:250,15,1,10
BRDA:254,16,0,0
BRDA:254,16,1,10
BRDA:260,17,0,5
BRDA:260,17,1,5
BRDA:260,18,0,10
BRDA:260,18,1,9
BRDA:260,18,2,9
BRDA:285,19,0,11
BRDA:285,19,1,11
BRF:40
BRH:17
end_of_record
TN:
SF:utils\clickBehavior.ts
FN:31,determineClickAction
FN:67,shouldNavigateOnClick
FN:82,shouldToggleOnClick
FNF:3
FNH:3
FNDA:117,determineClickAction
FNDA:49,shouldNavigateOnClick
FNDA:35,shouldToggleOnClick
DA:31,2
DA:36,117
DA:38,117
DA:39,1
DA:43,116
DA:45,116
DA:47,64
DA:53,52
DA:67,2
DA:68,49
DA:69,49
DA:72,48
DA:82,2
DA:83,35
DA:84,35
DA:87,34
LF:16
LH:16
BRDA:38,0,0,1
BRDA:38,0,1,116
BRDA:43,1,0,116
BRDA:43,1,1,65
BRDA:45,2,0,64
BRDA:45,2,1,52
BRDA:48,3,0,22
BRDA:48,3,1,42
BRDA:69,4,0,1
BRDA:69,4,1,48
BRDA:72,5,0,48
BRDA:72,5,1,2
BRDA:84,6,0,1
BRDA:84,6,1,34
BRDA:87,7,0,34
BRDA:87,7,1,32
BRF:16
BRH:16
end_of_record
TN:
SF:utils\edgeIdParser.ts
FN:22,parseEdgeId
FN:79,isEdgeOnHighlightedPath
FN:116,shouldDeleteEdgeOnCollapse
FNF:3
FNH:3
FNDA:39,parseEdgeId
FNDA:15,isEdgeOnHighlightedPath
FNDA:8,shouldDeleteEdgeOnCollapse
DA:22,5
DA:25,39
DA:26,1
DA:30,38
DA:35,38
DA:36,6
DA:41,32
DA:43,32
DA:44,0
DA:51,32
DA:54,32
DA:55,32
DA:57,32
DA:58,0
DA:61,32
DA:79,5
DA:83,15
DA:85,15
DA:86,1
DA:89,14
DA:92,14
DA:116,5
DA:121,8
DA:123,8
DA:124,1
DA:127,7
DA:131,7
LF:27
LH:25
BRDA:25,0,0,1
BRDA:25,0,1,38
BRDA:30,1,0,6
BRDA:30,1,1,32
BRDA:35,2,0,6
BRDA:35,2,1,32
BRDA:43,3,0,0
BRDA:43,3,1,32
BRDA:57,4,0,0
BRDA:57,4,1,32
BRDA:57,5,0,32
BRDA:57,5,1,32
BRDA:85,6,0,1
BRDA:85,6,1,14
BRDA:92,7,0,14
BRDA:92,7,1,10
BRDA:123,8,0,1
BRDA:123,8,1,7
BRDA:131,9,0,7
BRDA:131,9,1,3
BRF:20
BRH:18
end_of_record
TN:
SF:utils\expansionState.ts
FN:10,createInitialExpansionState
FN:20,hasChildren
FN:33,getAllDescendants
FN:46,(anonymous_3)
FN:73,getAncestors
FN:82,(anonymous_5)
FN:117,expandNode
FN:135,collapseNode
FN:151,(anonymous_8)
FN:168,toggleNodeExpansion
FN:193,isNodeVisible
FN:232,getVisibleNodes
FN:239,(anonymous_12)
FN:247,(anonymous_13)
FNF:14
FNH:14
FNDA:156,createInitialExpansionState
FNDA:412,hasChildren
FNDA:34,getAllDescendants
FNDA:975,(anonymous_3)
FNDA:1308,getAncestors
FNDA:1904,(anonymous_5)
FNDA:62,expandNode
FNDA:25,collapseNode
FNDA:746,(anonymous_8)
FNDA:77,toggleNodeExpansion
FNDA:1413,isNodeVisible
FNDA:121,getVisibleNodes
FNDA:907,(anonymous_12)
FNDA:786,(anonymous_13)
DA:10,12
DA:11,156
DA:20,12
DA:21,412
DA:22,6
DA:25,406
DA:26,406
DA:33,12
DA:34,34
DA:35,2
DA:38,32
DA:39,32
DA:40,1
DA:43,31
DA:44,31
DA:46,31
DA:47,975
DA:48,1
DA:50,974
DA:52,974
DA:53,974
DA:54,589
DA:57,385
DA:58,944
DA:59,944
DA:60,944
DA:64,31
DA:65,31
DA:73,12
DA:74,1308
DA:75,38
DA:78,1270
DA:79,1270
DA:82,1270
DA:83,1904
DA:84,2740
DA:85,1
DA:88,2739
DA:89,2629
DA:90,4915
DA:91,1903
DA:96,1
DA:99,1270
DA:100,1270
DA:101,1904
DA:102,1904
DA:103,1
DA:105,1903
DA:106,1903
DA:107,1903
DA:110,1270
DA:117,12
DA:118,62
DA:119,62
DA:121,62
DA:122,62
DA:124,62
DA:135,12
DA:141,25
DA:142,1
DA:145,24
DA:147,24
DA:148,24
DA:151,24
DA:152,746
DA:155,24
DA:156,24
DA:158,24
DA:168,12
DA:174,77
DA:175,2
DA:179,75
DA:180,18
DA:184,57
DA:193,12
DA:200,1413
DA:201,220
DA:205,1193
DA:206,4
DA:210,1189
DA:211,1189
DA:212,1781
DA:213,2
DA:218,1187
DA:219,1187
DA:220,1187
DA:221,5
DA:225,1182
DA:232,12
DA:237,121
DA:239,121
DA:241,907
DA:242,903
DA:246,903
DA:247,786
DA:252,121
DA:253,121
LF:97
LH:97
BRDA:21,0,0,6
BRDA:21,0,1,406
BRDA:21,1,0,412
BRDA:21,1,1,409
BRDA:26,2,0,406
BRDA:26,2,1,284
BRDA:34,3,0,2
BRDA:34,3,1,32
BRDA:34,4,0,34
BRDA:34,4,1,34
BRDA:39,5,0,1
BRDA:39,5,1,31
BRDA:39,6,0,32
BRDA:39,6,1,31
BRDA:47,7,0,1
BRDA:47,7,1,974
BRDA:53,8,0,589
BRDA:53,8,1,385
BRDA:74,9,0,38
BRDA:74,9,1,1270
BRDA:74,10,0,1308
BRDA:74,10,1,1308
BRDA:74,10,2,1273
BRDA:84,11,0,1
BRDA:84,11,1,2739
BRDA:88,12,0,2629
BRDA:88,12,1,110
BRDA:90,13,0,1903
BRDA:90,13,1,3012
BRDA:100,14,0,3173
BRDA:100,14,1,3173
BRDA:102,15,0,1
BRDA:102,15,1,1903
BRDA:102,16,0,1904
BRDA:102,16,1,1903
BRDA:141,17,0,1
BRDA:141,17,1,24
BRDA:174,18,0,2
BRDA:174,18,1,75
BRDA:179,19,0,18
BRDA:179,19,1,57
BRDA:200,20,0,220
BRDA:200,20,1,1193
BRDA:200,21,0,1413
BRDA:200,21,1,1193
BRDA:205,22,0,4
BRDA:205,22,1,1189
BRDA:212,23,0,2
BRDA:212,23,1,1779
BRDA:218,24,0,1187
BRDA:218,24,1,0
BRDA:220,25,0,5
BRDA:220,25,1,1182
BRDA:241,26,0,903
BRDA:241,26,1,4
BRDA:246,27,0,235
BRDA:246,27,1,668
BRF:57
BRH:56
end_of_record
TN:
SF:utils\nodeIcons.ts
FN:19,(anonymous_0)
FNF:1
FNH:1
FNDA:276,(anonymous_0)
DA:8,6
DA:9,6
DA:19,6
DA:24,276
DA:25,6
DA:28,270
DA:29,270
LF:7
LH:7
BRDA:24,0,0,6
BRDA:24,0,1,270
BRDA:28,1,0,102
BRDA:28,1,1,168
BRF:4
BRH:4
end_of_record
TN:
SF:utils\pathHighlighting.ts
FN:16,getAncestors
FN:26,calculatePathToNode
FN:40,getHighlightedEdges
FNF:3
FNH:3
FNDA:114,getAncestors
FNDA:111,calculatePathToNode
FNDA:67,getHighlightedEdges
DA:8,6
DA:16,6
DA:17,114
DA:26,6
DA:27,111
DA:28,6
DA:31,105
DA:32,105
DA:40,6
DA:41,67
DA:43,67
DA:44,28
DA:49,39
DA:50,45
DA:51,45
DA:52,45
DA:53,45
DA:56,39
LF:18
LH:18
BRDA:27,0,0,6
BRDA:27,0,1,105
BRDA:27,1,0,111
BRDA:27,1,1,111
BRDA:43,2,0,28
BRDA:43,2,1,39
BRDA:43,3,0,67
BRDA:43,3,1,67
BRF:8
BRH:8
end_of_record
TN:
SF:utils\textHelpers.ts
FN:1,(anonymous_0)
FNF:1
FNH:1
FNDA:556,(anonymous_0)
DA:1,5
DA:2,556
LF:2
LH:2
BRDA:1,0,0,552
BRDA:2,1,0,2
BRDA:2,1,1,554
BRF:3
BRH:3
end_of_record
TN:
SF:utils\treeLayout.ts
FN:41,calculateSubtreeWidth
FN:79,calculateSubtreeHeight
FN:112,calculateFullSubtreeWidth
FN:129,(anonymous_3)
FN:132,(anonymous_4)
FN:137,(anonymous_5)
FN:148,calculateFullSubtreeHeight
FN:165,(anonymous_7)
FN:168,(anonymous_8)
FN:173,(anonymous_9)
FN:193,calculateNodePositions
FN:227,(anonymous_11)
FN:230,(anonymous_12)
FN:235,(anonymous_13)
FN:247,(anonymous_14)
FN:331,calculateArrowBend
FN:383,getArrowStyle
FN:418,getArrowStyleWithHighlight
FNF:18
FNH:12
FNDA:0,calculateSubtreeWidth
FNDA:0,calculateSubtreeHeight
FNDA:0,calculateFullSubtreeWidth
FNDA:0,(anonymous_3)
FNDA:0,(anonymous_4)
FNDA:0,(anonymous_5)
FNDA:13104,calculateFullSubtreeHeight
FNDA:9126,(anonymous_7)
FNDA:9126,(anonymous_8)
FNDA:9126,(anonymous_9)
FNDA:4095,calculateNodePositions
FNDA:3978,(anonymous_11)
FNDA:3978,(anonymous_12)
FNDA:3978,(anonymous_13)
FNDA:3978,(anonymous_14)
FNDA:8,calculateArrowBend
FNDA:18,getArrowStyle
FNDA:10,getArrowStyleWithHighlight
DA:12,8
DA:41,8
DA:46,0
DA:48,0
DA:49,0
DA:53,0
DA:54,0
DA:58,0
DA:61,0
DA:62,0
DA:63,0
DA:66,0
DA:79,8
DA:84,0
DA:86,0
DA:87,0
DA:91,0
DA:92,0
DA:97,0
DA:100,0
DA:101,0
DA:102,0
DA:105,0
DA:117,0
DA:119,0
DA:120,0
DA:124,0
DA:125,0
DA:129,0
DA:132,0
DA:133,0
DA:137,0
DA:138,0
DA:139,0
DA:141,0
DA:153,13104
DA:155,13104
DA:156,0
DA:160,13104
DA:161,9243
DA:165,9126
DA:168,3861
DA:169,9126
DA:173,9126
DA:174,3861
DA:175,3861
DA:177,3861
DA:193,8
DA:201,4095
DA:203,4095
DA:204,0
DA:208,4095
DA:211,4095
DA:222,4095
DA:223,2457
DA:227,3978
DA:230,1638
DA:231,3978
DA:235,3978
DA:236,1638
DA:237,1638
DA:241,1638
DA:244,1638
DA:245,1638
DA:247,1638
DA:248,3978
DA:249,3978
DA:252,3978
DA:261,3978
DA:264,3978
DA:267,1638
DA:275,8
DA:301,8
DA:308,8
DA:309,8
DA:331,8
DA:337,8
DA:338,1
DA:342,7
DA:343,1
DA:348,6
DA:352,6
DA:355,6
DA:358,6
DA:383,8
DA:389,18
DA:390,2
DA:394,16
DA:395,6
DA:399,10
DA:400,3
DA:404,7
DA:405,3
DA:409,4
DA:418,8
DA:427,10
DA:429,10
DA:430,7
DA:438,3
LF:99
LH:65
BRDA:48,0,0,0
BRDA:48,0,1,0
BRDA:53,1,0,0
BRDA:53,1,1,0
BRDA:53,2,0,0
BRDA:53,2,1,0
BRDA:86,3,0,0
BRDA:86,3,1,0
BRDA:91,4,0,0
BRDA:91,4,1,0
BRDA:91,5,0,0
BRDA:91,5,1,0
BRDA:119,6,0,0
BRDA:119,6,1,0
BRDA:124,7,0,0
BRDA:124,7,1,0
BRDA:124,8,0,0
BRDA:124,8,1,0
BRDA:155,9,0,0
BRDA:155,9,1,13104
BRDA:160,10,0,9243
BRDA:160,10,1,3861
BRDA:160,11,0,13104
BRDA:160,11,1,3861
BRDA:203,12,0,0
BRDA:203,12,1,4095
BRDA:222,13,0,2457
BRDA:222,13,1,1638
BRDA:222,14,0,4095
BRDA:222,14,1,1638
BRDA:337,15,0,1
BRDA:337,15,1,7
BRDA:342,16,0,1
BRDA:342,16,1,6
BRDA:389,17,0,2
BRDA:389,17,1,16
BRDA:394,18,0,6
BRDA:394,18,1,10
BRDA:399,19,0,3
BRDA:399,19,1,7
BRDA:404,20,0,3
BRDA:404,20,1,4
BRDA:429,21,0,7
BRDA:429,21,1,3
BRF:44
BRH:24
end_of_record
TN:
SF:utils\viewSync.ts
FN:32,syncFlowToMap
FN:59,syncMapToFlow
FN:83,arePathsEqual
FNF:3
FNH:3
FNDA:12,syncFlowToMap
FNDA:11,syncMapToFlow
FNDA:8,arePathsEqual
DA:8,1
DA:32,1
DA:34,12
DA:35,1
DA:42,11
DA:45,11
DA:47,11
DA:59,1
DA:61,11
DA:62,1
DA:69,10
DA:71,10
DA:83,1
DA:85,8
DA:86,2
DA:90,6
DA:91,11
DA:92,2
DA:96,4
LF:19
LH:19
BRDA:34,0,0,1
BRDA:34,0,1,11
BRDA:34,1,0,12
BRDA:34,1,1,12
BRDA:61,2,0,1
BRDA:61,2,1,10
BRDA:85,3,0,2
BRDA:85,3,1,6
BRDA:91,4,0,2
BRDA:91,4,1,9
BRF:10
BRH:10
end_of_record
